2024-10-27 15:46:46,115 - INFO - client - Starting application with args: {'host': '127.0.0.1', 'port': 8080, 'verbose': False, 'window_width': 800, 'window_height': 600}
2024-10-27 15:46:46,141 - INFO - client - Connecting to server at 127.0.0.1:8080
2024-10-27 15:46:46,144 - INFO - client - Frame processor started
2024-10-27 15:46:46,161 - INFO - client - Video track received and processing started
2024-10-27 15:46:46,196 - INFO - client - Sent answer to server
2024-10-27 15:46:46,197 - INFO - client - Connection state changed to: connecting
2024-10-27 15:46:46,226 - INFO - client - Connection state changed to: connected
2024-10-27 15:46:46,231 - INFO - client - Data channel 'coordinates' established
2024-10-27 15:46:49,581 - INFO - client - Received 100 frames in 3.4s (29.2 FPS)
2024-10-27 15:46:51,559 - INFO - client - Sent 100 position updates in 5.4s (18.5 updates/s)
2024-10-27 15:46:52,914 - INFO - client - Received 200 frames in 6.8s (29.6 FPS)
2024-10-27 15:46:56,248 - INFO - client - Received 300 frames in 10.1s (29.7 FPS)
2024-10-27 15:46:56,893 - INFO - client - Sent 200 position updates in 10.8s (18.6 updates/s)
2024-10-27 15:46:59,581 - INFO - client - Received 400 frames in 13.4s (29.8 FPS)
2024-10-27 15:47:02,692 - INFO - client - Sent 300 position updates in 16.6s (18.1 updates/s)
2024-10-27 15:47:02,914 - INFO - client - Received 500 frames in 16.8s (29.8 FPS)
2024-10-27 15:47:06,247 - INFO - client - Received 600 frames in 20.1s (29.9 FPS)
2024-10-27 15:47:08,259 - INFO - client - Sent 400 position updates in 22.1s (18.1 updates/s)
2024-10-27 15:47:09,581 - INFO - client - Received 700 frames in 23.4s (29.9 FPS)
2024-10-27 15:47:12,914 - INFO - client - Received 800 frames in 26.8s (29.9 FPS)
2024-10-27 15:47:13,359 - INFO - client - Sent 500 position updates in 27.2s (18.4 updates/s)
2024-10-27 15:47:14,260 - INFO - client - Stopped by user
2024-10-27 15:47:14,264 - INFO - client - Application terminated
