2024-10-27 15:41:20,080 - INFO - __main__ - Starting application with args: {'host': '127.0.0.1', 'port': 8080, 'verbose': False}
2024-10-27 15:41:20,086 - INFO - __main__ - Starting server on 127.0.0.1:8080
2024-10-27 15:41:26,069 - INFO - __main__ - Server ready - waiting for connections
2024-10-27 15:41:26,102 - INFO - __main__ - Connection state changed to: connecting
2024-10-27 15:41:26,131 - INFO - __main__ - Connection state changed to: connected
2024-10-27 15:41:26,529 - ERROR - __main__ - Invalid position data format: Expecting property name enclosed in double quotes: line 1 column 2 (char 1)
2024-10-27 15:41:26,549 - ERROR - __main__ - Invalid position data format: Expecting property name enclosed in double quotes: line 1 column 2 (char 1)
2024-10-27 15:41:26,567 - ERROR - __main__ - Invalid position data format: Expecting property name enclosed in double quotes: line 1 column 2 (char 1)
2024-10-27 15:41:26,593 - ERROR - __main__ - Invalid position data format: Expecting property name enclosed in double quotes: line 1 column 2 (char 1)
2024-10-27 15:41:26,594 - ERROR - __main__ - Invalid position data format: Expecting property name enclosed in double quotes: line 1 column 2 (char 1)
2024-10-27 15:41:26,605 - ERROR - __main__ - Invalid position data format: Expecting property name enclosed in double quotes: line 1 column 2 (char 1)
2024-10-27 15:41:26,688 - ERROR - __main__ - Invalid position data format: Expecting property name enclosed in double quotes: line 1 column 2 (char 1)
2024-10-27 15:41:26,715 - ERROR - __main__ - Invalid position data format: Expecting property name enclosed in double quotes: line 1 column 2 (char 1)
2024-10-27 15:41:26,738 - ERROR - __main__ - Invalid position data format: Expecting property name enclosed in double quotes: line 1 column 2 (char 1)
2024-10-27 15:41:26,761 - ERROR - __main__ - Invalid position data format: Expecting property name enclosed in double quotes: line 1 column 2 (char 1)
2024-10-27 15:41:26,784 - ERROR - __main__ - Invalid position data format: Expecting property name enclosed in double quotes: line 1 column 2 (char 1)
2024-10-27 15:41:26,803 - ERROR - __main__ - Invalid position data format: Expecting property name enclosed in double quotes: line 1 column 2 (char 1)
2024-10-27 15:41:26,829 - ERROR - __main__ - Invalid position data format: Expecting property name enclosed in double quotes: line 1 column 2 (char 1)
2024-10-27 15:41:26,842 - ERROR - __main__ - Invalid position data format: Expecting property name enclosed in double quotes: line 1 column 2 (char 1)
2024-10-27 15:41:26,859 - ERROR - __main__ - Invalid position data format: Expecting property name enclosed in double quotes: line 1 column 2 (char 1)
2024-10-27 15:41:26,870 - ERROR - __main__ - Invalid position data format: Expecting property name enclosed in double quotes: line 1 column 2 (char 1)
2024-10-27 15:41:26,893 - ERROR - __main__ - Invalid position data format: Expecting property name enclosed in double quotes: line 1 column 2 (char 1)
2024-10-27 15:41:26,904 - ERROR - __main__ - Invalid position data format: Expecting property name enclosed in double quotes: line 1 column 2 (char 1)
2024-10-27 15:41:26,925 - ERROR - __main__ - Invalid position data format: Expecting property name enclosed in double quotes: line 1 column 2 (char 1)
2024-10-27 15:41:26,935 - ERROR - __main__ - Invalid position data format: Expecting property name enclosed in double quotes: line 1 column 2 (char 1)
2024-10-27 15:41:26,956 - ERROR - __main__ - Invalid position data format: Expecting property name enclosed in double quotes: line 1 column 2 (char 1)
2024-10-27 15:41:26,967 - ERROR - __main__ - Invalid position data format: Expecting property name enclosed in double quotes: line 1 column 2 (char 1)
2024-10-27 15:41:26,989 - ERROR - __main__ - Invalid position data format: Expecting property name enclosed in double quotes: line 1 column 2 (char 1)
2024-10-27 15:41:26,999 - ERROR - __main__ - Invalid position data format: Expecting property name enclosed in double quotes: line 1 column 2 (char 1)
2024-10-27 15:41:27,021 - ERROR - __main__ - Invalid position data format: Expecting property name enclosed in double quotes: line 1 column 2 (char 1)
2024-10-27 15:41:27,032 - ERROR - __main__ - Invalid position data format: Expecting property name enclosed in double quotes: line 1 column 2 (char 1)
2024-10-27 15:41:27,066 - ERROR - __main__ - Invalid position data format: Expecting property name enclosed in double quotes: line 1 column 2 (char 1)
2024-10-27 15:41:27,099 - ERROR - __main__ - Invalid position data format: Expecting property name enclosed in double quotes: line 1 column 2 (char 1)
2024-10-27 15:41:27,131 - ERROR - __main__ - Invalid position data format: Expecting property name enclosed in double quotes: line 1 column 2 (char 1)
2024-10-27 15:41:27,165 - ERROR - __main__ - Invalid position data format: Expecting property name enclosed in double quotes: line 1 column 2 (char 1)
2024-10-27 15:41:27,198 - ERROR - __main__ - Invalid position data format: Expecting property name enclosed in double quotes: line 1 column 2 (char 1)
2024-10-27 15:41:27,232 - ERROR - __main__ - Invalid position data format: Expecting property name enclosed in double quotes: line 1 column 2 (char 1)
2024-10-27 15:41:27,265 - ERROR - __main__ - Invalid position data format: Expecting property name enclosed in double quotes: line 1 column 2 (char 1)
2024-10-27 15:41:27,299 - ERROR - __main__ - Invalid position data format: Expecting property name enclosed in double quotes: line 1 column 2 (char 1)
2024-10-27 15:41:27,332 - ERROR - __main__ - Invalid position data format: Expecting property name enclosed in double quotes: line 1 column 2 (char 1)
2024-10-27 15:41:27,368 - ERROR - __main__ - Invalid position data format: Expecting property name enclosed in double quotes: line 1 column 2 (char 1)
2024-10-27 15:41:27,400 - ERROR - __main__ - Invalid position data format: Expecting property name enclosed in double quotes: line 1 column 2 (char 1)
2024-10-27 15:41:27,433 - ERROR - __main__ - Invalid position data format: Expecting property name enclosed in double quotes: line 1 column 2 (char 1)
2024-10-27 15:41:27,467 - ERROR - __main__ - Invalid position data format: Expecting property name enclosed in double quotes: line 1 column 2 (char 1)
2024-10-27 15:41:27,500 - ERROR - __main__ - Invalid position data format: Expecting property name enclosed in double quotes: line 1 column 2 (char 1)
2024-10-27 15:41:27,533 - ERROR - __main__ - Invalid position data format: Expecting property name enclosed in double quotes: line 1 column 2 (char 1)
2024-10-27 15:41:27,567 - ERROR - __main__ - Invalid position data format: Expecting property name enclosed in double quotes: line 1 column 2 (char 1)
2024-10-27 15:41:27,600 - ERROR - __main__ - Invalid position data format: Expecting property name enclosed in double quotes: line 1 column 2 (char 1)
2024-10-27 15:41:27,634 - ERROR - __main__ - Invalid position data format: Expecting property name enclosed in double quotes: line 1 column 2 (char 1)
2024-10-27 15:41:27,667 - ERROR - __main__ - Invalid position data format: Expecting property name enclosed in double quotes: line 1 column 2 (char 1)
2024-10-27 15:41:27,702 - ERROR - __main__ - Invalid position data format: Expecting property name enclosed in double quotes: line 1 column 2 (char 1)
2024-10-27 15:41:27,736 - ERROR - __main__ - Invalid position data format: Expecting property name enclosed in double quotes: line 1 column 2 (char 1)
2024-10-27 15:41:27,766 - ERROR - __main__ - Invalid position data format: Expecting property name enclosed in double quotes: line 1 column 2 (char 1)
2024-10-27 15:41:27,800 - ERROR - __main__ - Invalid position data format: Expecting property name enclosed in double quotes: line 1 column 2 (char 1)
2024-10-27 15:41:27,834 - ERROR - __main__ - Invalid position data format: Expecting property name enclosed in double quotes: line 1 column 2 (char 1)
2024-10-27 15:41:27,867 - ERROR - __main__ - Invalid position data format: Expecting property name enclosed in double quotes: line 1 column 2 (char 1)
2024-10-27 15:41:27,901 - ERROR - __main__ - Invalid position data format: Expecting property name enclosed in double quotes: line 1 column 2 (char 1)
2024-10-27 15:41:27,934 - ERROR - __main__ - Invalid position data format: Expecting property name enclosed in double quotes: line 1 column 2 (char 1)
2024-10-27 15:41:27,967 - ERROR - __main__ - Invalid position data format: Expecting property name enclosed in double quotes: line 1 column 2 (char 1)
2024-10-27 15:41:28,001 - ERROR - __main__ - Invalid position data format: Expecting property name enclosed in double quotes: line 1 column 2 (char 1)
2024-10-27 15:41:28,036 - ERROR - __main__ - Invalid position data format: Expecting property name enclosed in double quotes: line 1 column 2 (char 1)
2024-10-27 15:41:28,066 - ERROR - __main__ - Invalid position data format: Expecting property name enclosed in double quotes: line 1 column 2 (char 1)
2024-10-27 15:41:28,100 - ERROR - __main__ - Invalid position data format: Expecting property name enclosed in double quotes: line 1 column 2 (char 1)
2024-10-27 15:41:28,131 - ERROR - __main__ - Invalid position data format: Expecting property name enclosed in double quotes: line 1 column 2 (char 1)
2024-10-27 15:41:28,165 - ERROR - __main__ - Invalid position data format: Expecting property name enclosed in double quotes: line 1 column 2 (char 1)
2024-10-27 15:41:28,199 - ERROR - __main__ - Invalid position data format: Expecting property name enclosed in double quotes: line 1 column 2 (char 1)
2024-10-27 15:41:28,232 - ERROR - __main__ - Invalid position data format: Expecting property name enclosed in double quotes: line 1 column 2 (char 1)
2024-10-27 15:41:28,266 - ERROR - __main__ - Invalid position data format: Expecting property name enclosed in double quotes: line 1 column 2 (char 1)
2024-10-27 15:41:28,300 - ERROR - __main__ - Invalid position data format: Expecting property name enclosed in double quotes: line 1 column 2 (char 1)
2024-10-27 15:41:28,333 - ERROR - __main__ - Invalid position data format: Expecting property name enclosed in double quotes: line 1 column 2 (char 1)
2024-10-27 15:41:28,366 - ERROR - __main__ - Invalid position data format: Expecting property name enclosed in double quotes: line 1 column 2 (char 1)
2024-10-27 15:41:28,399 - ERROR - __main__ - Invalid position data format: Expecting property name enclosed in double quotes: line 1 column 2 (char 1)
2024-10-27 15:41:28,431 - ERROR - __main__ - Invalid position data format: Expecting property name enclosed in double quotes: line 1 column 2 (char 1)
2024-10-27 15:41:28,466 - ERROR - __main__ - Invalid position data format: Expecting property name enclosed in double quotes: line 1 column 2 (char 1)
2024-10-27 15:41:28,499 - ERROR - __main__ - Invalid position data format: Expecting property name enclosed in double quotes: line 1 column 2 (char 1)
2024-10-27 15:41:28,532 - ERROR - __main__ - Invalid position data format: Expecting property name enclosed in double quotes: line 1 column 2 (char 1)
2024-10-27 15:41:28,566 - ERROR - __main__ - Invalid position data format: Expecting property name enclosed in double quotes: line 1 column 2 (char 1)
2024-10-27 15:41:28,601 - ERROR - __main__ - Invalid position data format: Expecting property name enclosed in double quotes: line 1 column 2 (char 1)
2024-10-27 15:41:28,632 - ERROR - __main__ - Invalid position data format: Expecting property name enclosed in double quotes: line 1 column 2 (char 1)
2024-10-27 15:41:28,667 - ERROR - __main__ - Invalid position data format: Expecting property name enclosed in double quotes: line 1 column 2 (char 1)
2024-10-27 15:41:28,698 - ERROR - __main__ - Invalid position data format: Expecting property name enclosed in double quotes: line 1 column 2 (char 1)
2024-10-27 15:41:28,732 - ERROR - __main__ - Invalid position data format: Expecting property name enclosed in double quotes: line 1 column 2 (char 1)
2024-10-27 15:41:28,766 - ERROR - __main__ - Invalid position data format: Expecting property name enclosed in double quotes: line 1 column 2 (char 1)
2024-10-27 15:41:28,798 - ERROR - __main__ - Invalid position data format: Expecting property name enclosed in double quotes: line 1 column 2 (char 1)
2024-10-27 15:41:28,833 - ERROR - __main__ - Invalid position data format: Expecting property name enclosed in double quotes: line 1 column 2 (char 1)
2024-10-27 15:41:28,865 - ERROR - __main__ - Invalid position data format: Expecting property name enclosed in double quotes: line 1 column 2 (char 1)
2024-10-27 15:41:28,899 - ERROR - __main__ - Invalid position data format: Expecting property name enclosed in double quotes: line 1 column 2 (char 1)
2024-10-27 15:41:28,932 - ERROR - __main__ - Invalid position data format: Expecting property name enclosed in double quotes: line 1 column 2 (char 1)
2024-10-27 15:41:28,966 - ERROR - __main__ - Invalid position data format: Expecting property name enclosed in double quotes: line 1 column 2 (char 1)
2024-10-27 15:41:29,000 - ERROR - __main__ - Invalid position data format: Expecting property name enclosed in double quotes: line 1 column 2 (char 1)
2024-10-27 15:41:29,032 - ERROR - __main__ - Invalid position data format: Expecting property name enclosed in double quotes: line 1 column 2 (char 1)
2024-10-27 15:41:29,066 - ERROR - __main__ - Invalid position data format: Expecting property name enclosed in double quotes: line 1 column 2 (char 1)
2024-10-27 15:41:29,100 - ERROR - __main__ - Invalid position data format: Expecting property name enclosed in double quotes: line 1 column 2 (char 1)
2024-10-27 15:41:29,133 - ERROR - __main__ - Invalid position data format: Expecting property name enclosed in double quotes: line 1 column 2 (char 1)
2024-10-27 15:41:29,165 - ERROR - __main__ - Invalid position data format: Expecting property name enclosed in double quotes: line 1 column 2 (char 1)
2024-10-27 15:41:29,200 - ERROR - __main__ - Invalid position data format: Expecting property name enclosed in double quotes: line 1 column 2 (char 1)
2024-10-27 15:41:29,233 - ERROR - __main__ - Invalid position data format: Expecting property name enclosed in double quotes: line 1 column 2 (char 1)
2024-10-27 15:41:29,266 - ERROR - __main__ - Invalid position data format: Expecting property name enclosed in double quotes: line 1 column 2 (char 1)
2024-10-27 15:41:29,299 - ERROR - __main__ - Invalid position data format: Expecting property name enclosed in double quotes: line 1 column 2 (char 1)
2024-10-27 15:41:29,332 - ERROR - __main__ - Invalid position data format: Expecting property name enclosed in double quotes: line 1 column 2 (char 1)
2024-10-27 15:41:29,365 - ERROR - __main__ - Invalid position data format: Expecting property name enclosed in double quotes: line 1 column 2 (char 1)
2024-10-27 15:41:29,399 - ERROR - __main__ - Invalid position data format: Expecting property name enclosed in double quotes: line 1 column 2 (char 1)
2024-10-27 15:41:29,433 - ERROR - __main__ - Invalid position data format: Expecting property name enclosed in double quotes: line 1 column 2 (char 1)
2024-10-27 15:41:29,465 - ERROR - __main__ - Invalid position data format: Expecting property name enclosed in double quotes: line 1 column 2 (char 1)
2024-10-27 15:41:29,499 - ERROR - __main__ - Invalid position data format: Expecting property name enclosed in double quotes: line 1 column 2 (char 1)
2024-10-27 15:41:29,532 - ERROR - __main__ - Invalid position data format: Expecting property name enclosed in double quotes: line 1 column 2 (char 1)
2024-10-27 15:41:29,566 - ERROR - __main__ - Invalid position data format: Expecting property name enclosed in double quotes: line 1 column 2 (char 1)
2024-10-27 15:41:29,599 - ERROR - __main__ - Invalid position data format: Expecting property name enclosed in double quotes: line 1 column 2 (char 1)
2024-10-27 15:41:29,633 - ERROR - __main__ - Invalid position data format: Expecting property name enclosed in double quotes: line 1 column 2 (char 1)
2024-10-27 15:41:29,665 - ERROR - __main__ - Invalid position data format: Expecting property name enclosed in double quotes: line 1 column 2 (char 1)
2024-10-27 15:41:29,700 - ERROR - __main__ - Invalid position data format: Expecting property name enclosed in double quotes: line 1 column 2 (char 1)
2024-10-27 15:41:29,733 - ERROR - __main__ - Invalid position data format: Expecting property name enclosed in double quotes: line 1 column 2 (char 1)
2024-10-27 15:41:29,766 - ERROR - __main__ - Invalid position data format: Expecting property name enclosed in double quotes: line 1 column 2 (char 1)
2024-10-27 15:41:29,799 - ERROR - __main__ - Invalid position data format: Expecting property name enclosed in double quotes: line 1 column 2 (char 1)
2024-10-27 15:41:29,832 - ERROR - __main__ - Invalid position data format: Expecting property name enclosed in double quotes: line 1 column 2 (char 1)
2024-10-27 15:41:29,866 - ERROR - __main__ - Invalid position data format: Expecting property name enclosed in double quotes: line 1 column 2 (char 1)
2024-10-27 15:41:29,899 - ERROR - __main__ - Invalid position data format: Expecting property name enclosed in double quotes: line 1 column 2 (char 1)
2024-10-27 15:41:29,932 - ERROR - __main__ - Invalid position data format: Expecting property name enclosed in double quotes: line 1 column 2 (char 1)
2024-10-27 15:41:29,966 - ERROR - __main__ - Invalid position data format: Expecting property name enclosed in double quotes: line 1 column 2 (char 1)
2024-10-27 15:41:29,999 - ERROR - __main__ - Invalid position data format: Expecting property name enclosed in double quotes: line 1 column 2 (char 1)
2024-10-27 15:41:30,033 - ERROR - __main__ - Invalid position data format: Expecting property name enclosed in double quotes: line 1 column 2 (char 1)
2024-10-27 15:41:30,066 - ERROR - __main__ - Invalid position data format: Expecting property name enclosed in double quotes: line 1 column 2 (char 1)
2024-10-27 15:41:30,099 - ERROR - __main__ - Invalid position data format: Expecting property name enclosed in double quotes: line 1 column 2 (char 1)
2024-10-27 15:41:30,132 - ERROR - __main__ - Invalid position data format: Expecting property name enclosed in double quotes: line 1 column 2 (char 1)
2024-10-27 15:41:30,166 - ERROR - __main__ - Invalid position data format: Expecting property name enclosed in double quotes: line 1 column 2 (char 1)
2024-10-27 15:41:30,200 - ERROR - __main__ - Invalid position data format: Expecting property name enclosed in double quotes: line 1 column 2 (char 1)
2024-10-27 15:41:30,232 - ERROR - __main__ - Invalid position data format: Expecting property name enclosed in double quotes: line 1 column 2 (char 1)
2024-10-27 15:41:30,266 - ERROR - __main__ - Invalid position data format: Expecting property name enclosed in double quotes: line 1 column 2 (char 1)
2024-10-27 15:41:30,299 - ERROR - __main__ - Invalid position data format: Expecting property name enclosed in double quotes: line 1 column 2 (char 1)
2024-10-27 15:41:30,332 - ERROR - __main__ - Invalid position data format: Expecting property name enclosed in double quotes: line 1 column 2 (char 1)
2024-10-27 15:41:30,365 - ERROR - __main__ - Invalid position data format: Expecting property name enclosed in double quotes: line 1 column 2 (char 1)
2024-10-27 15:41:30,399 - ERROR - __main__ - Invalid position data format: Expecting property name enclosed in double quotes: line 1 column 2 (char 1)
2024-10-27 15:41:30,433 - ERROR - __main__ - Invalid position data format: Expecting property name enclosed in double quotes: line 1 column 2 (char 1)
2024-10-27 15:41:30,465 - ERROR - __main__ - Invalid position data format: Expecting property name enclosed in double quotes: line 1 column 2 (char 1)
2024-10-27 15:41:30,499 - ERROR - __main__ - Invalid position data format: Expecting property name enclosed in double quotes: line 1 column 2 (char 1)
2024-10-27 15:41:30,533 - ERROR - __main__ - Invalid position data format: Expecting property name enclosed in double quotes: line 1 column 2 (char 1)
2024-10-27 15:41:30,566 - ERROR - __main__ - Invalid position data format: Expecting property name enclosed in double quotes: line 1 column 2 (char 1)
2024-10-27 15:41:30,599 - ERROR - __main__ - Invalid position data format: Expecting property name enclosed in double quotes: line 1 column 2 (char 1)
2024-10-27 15:41:30,632 - ERROR - __main__ - Invalid position data format: Expecting property name enclosed in double quotes: line 1 column 2 (char 1)
2024-10-27 15:41:30,666 - ERROR - __main__ - Invalid position data format: Expecting property name enclosed in double quotes: line 1 column 2 (char 1)
2024-10-27 15:41:30,699 - ERROR - __main__ - Invalid position data format: Expecting property name enclosed in double quotes: line 1 column 2 (char 1)
2024-10-27 15:41:30,732 - ERROR - __main__ - Invalid position data format: Expecting property name enclosed in double quotes: line 1 column 2 (char 1)
2024-10-27 15:41:30,765 - ERROR - __main__ - Invalid position data format: Expecting property name enclosed in double quotes: line 1 column 2 (char 1)
2024-10-27 15:41:30,799 - ERROR - __main__ - Invalid position data format: Expecting property name enclosed in double quotes: line 1 column 2 (char 1)
2024-10-27 15:41:30,832 - ERROR - __main__ - Invalid position data format: Expecting property name enclosed in double quotes: line 1 column 2 (char 1)
2024-10-27 15:41:30,866 - ERROR - __main__ - Invalid position data format: Expecting property name enclosed in double quotes: line 1 column 2 (char 1)
2024-10-27 15:41:30,899 - ERROR - __main__ - Invalid position data format: Expecting property name enclosed in double quotes: line 1 column 2 (char 1)
2024-10-27 15:41:30,932 - ERROR - __main__ - Invalid position data format: Expecting property name enclosed in double quotes: line 1 column 2 (char 1)
2024-10-27 15:41:30,966 - ERROR - __main__ - Invalid position data format: Expecting property name enclosed in double quotes: line 1 column 2 (char 1)
2024-10-27 15:41:30,999 - ERROR - __main__ - Invalid position data format: Expecting property name enclosed in double quotes: line 1 column 2 (char 1)
2024-10-27 15:41:31,032 - ERROR - __main__ - Invalid position data format: Expecting property name enclosed in double quotes: line 1 column 2 (char 1)
2024-10-27 15:41:31,066 - ERROR - __main__ - Invalid position data format: Expecting property name enclosed in double quotes: line 1 column 2 (char 1)
2024-10-27 15:41:31,099 - ERROR - __main__ - Invalid position data format: Expecting property name enclosed in double quotes: line 1 column 2 (char 1)
2024-10-27 15:41:31,134 - ERROR - __main__ - Invalid position data format: Expecting property name enclosed in double quotes: line 1 column 2 (char 1)
2024-10-27 15:41:31,165 - ERROR - __main__ - Invalid position data format: Expecting property name enclosed in double quotes: line 1 column 2 (char 1)
2024-10-27 15:41:31,199 - ERROR - __main__ - Invalid position data format: Expecting property name enclosed in double quotes: line 1 column 2 (char 1)
2024-10-27 15:41:31,233 - ERROR - __main__ - Invalid position data format: Expecting property name enclosed in double quotes: line 1 column 2 (char 1)
2024-10-27 15:41:31,265 - ERROR - __main__ - Invalid position data format: Expecting property name enclosed in double quotes: line 1 column 2 (char 1)
2024-10-27 15:41:31,299 - ERROR - __main__ - Invalid position data format: Expecting property name enclosed in double quotes: line 1 column 2 (char 1)
2024-10-27 15:41:31,332 - ERROR - __main__ - Invalid position data format: Expecting property name enclosed in double quotes: line 1 column 2 (char 1)
2024-10-27 15:41:31,366 - ERROR - __main__ - Invalid position data format: Expecting property name enclosed in double quotes: line 1 column 2 (char 1)
2024-10-27 15:41:31,399 - ERROR - __main__ - Invalid position data format: Expecting property name enclosed in double quotes: line 1 column 2 (char 1)
2024-10-27 15:41:31,432 - ERROR - __main__ - Invalid position data format: Expecting property name enclosed in double quotes: line 1 column 2 (char 1)
2024-10-27 15:41:31,467 - ERROR - __main__ - Invalid position data format: Expecting property name enclosed in double quotes: line 1 column 2 (char 1)
2024-10-27 15:41:31,499 - ERROR - __main__ - Invalid position data format: Expecting property name enclosed in double quotes: line 1 column 2 (char 1)
2024-10-27 15:41:31,534 - ERROR - __main__ - Invalid position data format: Expecting property name enclosed in double quotes: line 1 column 2 (char 1)
2024-10-27 15:41:31,565 - ERROR - __main__ - Invalid position data format: Expecting property name enclosed in double quotes: line 1 column 2 (char 1)
2024-10-27 15:41:31,599 - ERROR - __main__ - Invalid position data format: Expecting property name enclosed in double quotes: line 1 column 2 (char 1)
2024-10-27 15:41:31,632 - ERROR - __main__ - Invalid position data format: Expecting property name enclosed in double quotes: line 1 column 2 (char 1)
2024-10-27 15:41:31,666 - ERROR - __main__ - Invalid position data format: Expecting property name enclosed in double quotes: line 1 column 2 (char 1)
2024-10-27 15:41:31,699 - ERROR - __main__ - Invalid position data format: Expecting property name enclosed in double quotes: line 1 column 2 (char 1)
2024-10-27 15:41:31,733 - ERROR - __main__ - Invalid position data format: Expecting property name enclosed in double quotes: line 1 column 2 (char 1)
2024-10-27 15:41:31,766 - ERROR - __main__ - Invalid position data format: Expecting property name enclosed in double quotes: line 1 column 2 (char 1)
2024-10-27 15:41:31,800 - ERROR - __main__ - Invalid position data format: Expecting property name enclosed in double quotes: line 1 column 2 (char 1)
2024-10-27 15:41:31,833 - ERROR - __main__ - Invalid position data format: Expecting property name enclosed in double quotes: line 1 column 2 (char 1)
2024-10-27 15:41:31,865 - ERROR - __main__ - Invalid position data format: Expecting property name enclosed in double quotes: line 1 column 2 (char 1)
2024-10-27 15:41:31,899 - ERROR - __main__ - Invalid position data format: Expecting property name enclosed in double quotes: line 1 column 2 (char 1)
2024-10-27 15:41:31,932 - ERROR - __main__ - Invalid position data format: Expecting property name enclosed in double quotes: line 1 column 2 (char 1)
2024-10-27 15:41:31,966 - ERROR - __main__ - Invalid position data format: Expecting property name enclosed in double quotes: line 1 column 2 (char 1)
2024-10-27 15:41:31,999 - ERROR - __main__ - Invalid position data format: Expecting property name enclosed in double quotes: line 1 column 2 (char 1)
2024-10-27 15:41:32,033 - ERROR - __main__ - Invalid position data format: Expecting property name enclosed in double quotes: line 1 column 2 (char 1)
2024-10-27 15:41:32,066 - ERROR - __main__ - Invalid position data format: Expecting property name enclosed in double quotes: line 1 column 2 (char 1)
2024-10-27 15:41:32,098 - ERROR - __main__ - Invalid position data format: Expecting property name enclosed in double quotes: line 1 column 2 (char 1)
2024-10-27 15:41:32,132 - ERROR - __main__ - Invalid position data format: Expecting property name enclosed in double quotes: line 1 column 2 (char 1)
2024-10-27 15:41:32,166 - ERROR - __main__ - Invalid position data format: Expecting property name enclosed in double quotes: line 1 column 2 (char 1)
2024-10-27 15:41:32,199 - ERROR - __main__ - Invalid position data format: Expecting property name enclosed in double quotes: line 1 column 2 (char 1)
2024-10-27 15:41:32,233 - ERROR - __main__ - Invalid position data format: Expecting property name enclosed in double quotes: line 1 column 2 (char 1)
2024-10-27 15:41:32,265 - ERROR - __main__ - Invalid position data format: Expecting property name enclosed in double quotes: line 1 column 2 (char 1)
2024-10-27 15:41:32,299 - ERROR - __main__ - Invalid position data format: Expecting property name enclosed in double quotes: line 1 column 2 (char 1)
2024-10-27 15:41:32,332 - ERROR - __main__ - Invalid position data format: Expecting property name enclosed in double quotes: line 1 column 2 (char 1)
2024-10-27 15:41:32,366 - ERROR - __main__ - Invalid position data format: Expecting property name enclosed in double quotes: line 1 column 2 (char 1)
2024-10-27 15:41:32,399 - ERROR - __main__ - Invalid position data format: Expecting property name enclosed in double quotes: line 1 column 2 (char 1)
2024-10-27 15:41:32,432 - ERROR - __main__ - Invalid position data format: Expecting property name enclosed in double quotes: line 1 column 2 (char 1)
2024-10-27 15:41:32,466 - ERROR - __main__ - Invalid position data format: Expecting property name enclosed in double quotes: line 1 column 2 (char 1)
2024-10-27 15:41:32,500 - ERROR - __main__ - Invalid position data format: Expecting property name enclosed in double quotes: line 1 column 2 (char 1)
2024-10-27 15:41:32,532 - ERROR - __main__ - Invalid position data format: Expecting property name enclosed in double quotes: line 1 column 2 (char 1)
2024-10-27 15:41:32,566 - ERROR - __main__ - Invalid position data format: Expecting property name enclosed in double quotes: line 1 column 2 (char 1)
2024-10-27 15:41:32,599 - ERROR - __main__ - Invalid position data format: Expecting property name enclosed in double quotes: line 1 column 2 (char 1)
2024-10-27 15:41:32,632 - ERROR - __main__ - Invalid position data format: Expecting property name enclosed in double quotes: line 1 column 2 (char 1)
2024-10-27 15:41:32,666 - ERROR - __main__ - Invalid position data format: Expecting property name enclosed in double quotes: line 1 column 2 (char 1)
2024-10-27 15:41:32,699 - ERROR - __main__ - Invalid position data format: Expecting property name enclosed in double quotes: line 1 column 2 (char 1)
2024-10-27 15:41:32,732 - ERROR - __main__ - Invalid position data format: Expecting property name enclosed in double quotes: line 1 column 2 (char 1)
2024-10-27 15:41:32,766 - ERROR - __main__ - Invalid position data format: Expecting property name enclosed in double quotes: line 1 column 2 (char 1)
2024-10-27 15:41:32,799 - ERROR - __main__ - Invalid position data format: Expecting property name enclosed in double quotes: line 1 column 2 (char 1)
2024-10-27 15:41:32,833 - ERROR - __main__ - Invalid position data format: Expecting property name enclosed in double quotes: line 1 column 2 (char 1)
2024-10-27 15:41:32,867 - ERROR - __main__ - Invalid position data format: Expecting property name enclosed in double quotes: line 1 column 2 (char 1)
2024-10-27 15:41:32,899 - ERROR - __main__ - Invalid position data format: Expecting property name enclosed in double quotes: line 1 column 2 (char 1)
2024-10-27 15:41:32,932 - ERROR - __main__ - Invalid position data format: Expecting property name enclosed in double quotes: line 1 column 2 (char 1)
2024-10-27 15:41:32,965 - ERROR - __main__ - Invalid position data format: Expecting property name enclosed in double quotes: line 1 column 2 (char 1)
2024-10-27 15:41:32,999 - ERROR - __main__ - Invalid position data format: Expecting property name enclosed in double quotes: line 1 column 2 (char 1)
2024-10-27 15:41:33,032 - ERROR - __main__ - Invalid position data format: Expecting property name enclosed in double quotes: line 1 column 2 (char 1)
2024-10-27 15:41:33,066 - ERROR - __main__ - Invalid position data format: Expecting property name enclosed in double quotes: line 1 column 2 (char 1)
2024-10-27 15:41:33,100 - ERROR - __main__ - Invalid position data format: Expecting property name enclosed in double quotes: line 1 column 2 (char 1)
2024-10-27 15:41:33,132 - ERROR - __main__ - Invalid position data format: Expecting property name enclosed in double quotes: line 1 column 2 (char 1)
2024-10-27 15:41:33,166 - ERROR - __main__ - Invalid position data format: Expecting property name enclosed in double quotes: line 1 column 2 (char 1)
2024-10-27 15:41:33,199 - ERROR - __main__ - Invalid position data format: Expecting property name enclosed in double quotes: line 1 column 2 (char 1)
2024-10-27 15:41:33,232 - ERROR - __main__ - Invalid position data format: Expecting property name enclosed in double quotes: line 1 column 2 (char 1)
2024-10-27 15:41:33,266 - ERROR - __main__ - Invalid position data format: Expecting property name enclosed in double quotes: line 1 column 2 (char 1)
2024-10-27 15:41:33,299 - ERROR - __main__ - Invalid position data format: Expecting property name enclosed in double quotes: line 1 column 2 (char 1)
2024-10-27 15:41:33,333 - ERROR - __main__ - Invalid position data format: Expecting property name enclosed in double quotes: line 1 column 2 (char 1)
2024-10-27 15:41:33,365 - ERROR - __main__ - Invalid position data format: Expecting property name enclosed in double quotes: line 1 column 2 (char 1)
2024-10-27 15:41:33,399 - ERROR - __main__ - Invalid position data format: Expecting property name enclosed in double quotes: line 1 column 2 (char 1)
2024-10-27 15:41:33,433 - ERROR - __main__ - Invalid position data format: Expecting property name enclosed in double quotes: line 1 column 2 (char 1)
2024-10-27 15:41:33,466 - ERROR - __main__ - Invalid position data format: Expecting property name enclosed in double quotes: line 1 column 2 (char 1)
2024-10-27 15:41:33,499 - ERROR - __main__ - Invalid position data format: Expecting property name enclosed in double quotes: line 1 column 2 (char 1)
2024-10-27 15:41:33,532 - ERROR - __main__ - Invalid position data format: Expecting property name enclosed in double quotes: line 1 column 2 (char 1)
2024-10-27 15:41:33,565 - ERROR - __main__ - Invalid position data format: Expecting property name enclosed in double quotes: line 1 column 2 (char 1)
2024-10-27 15:41:33,599 - ERROR - __main__ - Invalid position data format: Expecting property name enclosed in double quotes: line 1 column 2 (char 1)
2024-10-27 15:41:33,632 - ERROR - __main__ - Invalid position data format: Expecting property name enclosed in double quotes: line 1 column 2 (char 1)
2024-10-27 15:41:33,666 - ERROR - __main__ - Invalid position data format: Expecting property name enclosed in double quotes: line 1 column 2 (char 1)
2024-10-27 15:41:33,699 - ERROR - __main__ - Invalid position data format: Expecting property name enclosed in double quotes: line 1 column 2 (char 1)
2024-10-27 15:41:33,733 - ERROR - __main__ - Invalid position data format: Expecting property name enclosed in double quotes: line 1 column 2 (char 1)
2024-10-27 15:41:33,766 - ERROR - __main__ - Invalid position data format: Expecting property name enclosed in double quotes: line 1 column 2 (char 1)
2024-10-27 15:41:33,800 - ERROR - __main__ - Invalid position data format: Expecting property name enclosed in double quotes: line 1 column 2 (char 1)
2024-10-27 15:41:33,833 - ERROR - __main__ - Invalid position data format: Expecting property name enclosed in double quotes: line 1 column 2 (char 1)
2024-10-27 15:41:33,865 - ERROR - __main__ - Invalid position data format: Expecting property name enclosed in double quotes: line 1 column 2 (char 1)
2024-10-27 15:41:33,899 - ERROR - __main__ - Invalid position data format: Expecting property name enclosed in double quotes: line 1 column 2 (char 1)
2024-10-27 15:41:33,933 - ERROR - __main__ - Invalid position data format: Expecting property name enclosed in double quotes: line 1 column 2 (char 1)
2024-10-27 15:41:33,966 - ERROR - __main__ - Invalid position data format: Expecting property name enclosed in double quotes: line 1 column 2 (char 1)
2024-10-27 15:41:34,000 - ERROR - __main__ - Invalid position data format: Expecting property name enclosed in double quotes: line 1 column 2 (char 1)
2024-10-27 15:41:34,032 - ERROR - __main__ - Invalid position data format: Expecting property name enclosed in double quotes: line 1 column 2 (char 1)
2024-10-27 15:41:34,066 - ERROR - __main__ - Invalid position data format: Expecting property name enclosed in double quotes: line 1 column 2 (char 1)
2024-10-27 15:41:34,100 - ERROR - __main__ - Invalid position data format: Expecting property name enclosed in double quotes: line 1 column 2 (char 1)
2024-10-27 15:41:34,133 - ERROR - __main__ - Invalid position data format: Expecting property name enclosed in double quotes: line 1 column 2 (char 1)
2024-10-27 15:41:34,166 - ERROR - __main__ - Invalid position data format: Expecting property name enclosed in double quotes: line 1 column 2 (char 1)
2024-10-27 15:41:34,199 - ERROR - __main__ - Invalid position data format: Expecting property name enclosed in double quotes: line 1 column 2 (char 1)
2024-10-27 15:41:34,232 - ERROR - __main__ - Invalid position data format: Expecting property name enclosed in double quotes: line 1 column 2 (char 1)
2024-10-27 15:41:34,265 - ERROR - __main__ - Invalid position data format: Expecting property name enclosed in double quotes: line 1 column 2 (char 1)
2024-10-27 15:41:34,299 - ERROR - __main__ - Invalid position data format: Expecting property name enclosed in double quotes: line 1 column 2 (char 1)
2024-10-27 15:41:34,333 - ERROR - __main__ - Invalid position data format: Expecting property name enclosed in double quotes: line 1 column 2 (char 1)
2024-10-27 15:41:34,366 - ERROR - __main__ - Invalid position data format: Expecting property name enclosed in double quotes: line 1 column 2 (char 1)
2024-10-27 15:41:34,399 - ERROR - __main__ - Invalid position data format: Expecting property name enclosed in double quotes: line 1 column 2 (char 1)
2024-10-27 15:41:34,433 - ERROR - __main__ - Invalid position data format: Expecting property name enclosed in double quotes: line 1 column 2 (char 1)
2024-10-27 15:41:34,465 - ERROR - __main__ - Invalid position data format: Expecting property name enclosed in double quotes: line 1 column 2 (char 1)
2024-10-27 15:41:34,500 - ERROR - __main__ - Invalid position data format: Expecting property name enclosed in double quotes: line 1 column 2 (char 1)
2024-10-27 15:41:34,533 - ERROR - __main__ - Invalid position data format: Expecting property name enclosed in double quotes: line 1 column 2 (char 1)
2024-10-27 15:41:34,566 - ERROR - __main__ - Invalid position data format: Expecting property name enclosed in double quotes: line 1 column 2 (char 1)
2024-10-27 15:41:34,599 - ERROR - __main__ - Invalid position data format: Expecting property name enclosed in double quotes: line 1 column 2 (char 1)
2024-10-27 15:41:34,633 - ERROR - __main__ - Invalid position data format: Expecting property name enclosed in double quotes: line 1 column 2 (char 1)
2024-10-27 15:41:34,665 - ERROR - __main__ - Invalid position data format: Expecting property name enclosed in double quotes: line 1 column 2 (char 1)
2024-10-27 15:41:34,699 - ERROR - __main__ - Invalid position data format: Expecting property name enclosed in double quotes: line 1 column 2 (char 1)
2024-10-27 15:41:34,733 - ERROR - __main__ - Invalid position data format: Expecting property name enclosed in double quotes: line 1 column 2 (char 1)
2024-10-27 15:41:34,766 - ERROR - __main__ - Invalid position data format: Expecting property name enclosed in double quotes: line 1 column 2 (char 1)
2024-10-27 15:41:34,799 - ERROR - __main__ - Invalid position data format: Expecting property name enclosed in double quotes: line 1 column 2 (char 1)
2024-10-27 15:41:34,832 - ERROR - __main__ - Invalid position data format: Expecting property name enclosed in double quotes: line 1 column 2 (char 1)
2024-10-27 15:41:34,866 - ERROR - __main__ - Invalid position data format: Expecting property name enclosed in double quotes: line 1 column 2 (char 1)
2024-10-27 15:41:34,899 - ERROR - __main__ - Invalid position data format: Expecting property name enclosed in double quotes: line 1 column 2 (char 1)
2024-10-27 15:41:34,932 - ERROR - __main__ - Invalid position data format: Expecting property name enclosed in double quotes: line 1 column 2 (char 1)
2024-10-27 15:41:34,965 - ERROR - __main__ - Invalid position data format: Expecting property name enclosed in double quotes: line 1 column 2 (char 1)
2024-10-27 15:41:34,999 - ERROR - __main__ - Invalid position data format: Expecting property name enclosed in double quotes: line 1 column 2 (char 1)
2024-10-27 15:41:35,032 - ERROR - __main__ - Invalid position data format: Expecting property name enclosed in double quotes: line 1 column 2 (char 1)
2024-10-27 15:41:35,066 - ERROR - __main__ - Invalid position data format: Expecting property name enclosed in double quotes: line 1 column 2 (char 1)
2024-10-27 15:41:35,099 - ERROR - __main__ - Invalid position data format: Expecting property name enclosed in double quotes: line 1 column 2 (char 1)
2024-10-27 15:41:35,132 - ERROR - __main__ - Invalid position data format: Expecting property name enclosed in double quotes: line 1 column 2 (char 1)
2024-10-27 15:41:35,166 - ERROR - __main__ - Invalid position data format: Expecting property name enclosed in double quotes: line 1 column 2 (char 1)
2024-10-27 15:41:35,199 - ERROR - __main__ - Invalid position data format: Expecting property name enclosed in double quotes: line 1 column 2 (char 1)
2024-10-27 15:41:35,232 - ERROR - __main__ - Invalid position data format: Expecting property name enclosed in double quotes: line 1 column 2 (char 1)
2024-10-27 15:41:35,265 - ERROR - __main__ - Invalid position data format: Expecting property name enclosed in double quotes: line 1 column 2 (char 1)
2024-10-27 15:41:35,299 - ERROR - __main__ - Invalid position data format: Expecting property name enclosed in double quotes: line 1 column 2 (char 1)
2024-10-27 15:41:35,333 - ERROR - __main__ - Invalid position data format: Expecting property name enclosed in double quotes: line 1 column 2 (char 1)
2024-10-27 15:41:35,366 - ERROR - __main__ - Invalid position data format: Expecting property name enclosed in double quotes: line 1 column 2 (char 1)
2024-10-27 15:41:35,399 - ERROR - __main__ - Invalid position data format: Expecting property name enclosed in double quotes: line 1 column 2 (char 1)
2024-10-27 15:41:35,433 - ERROR - __main__ - Invalid position data format: Expecting property name enclosed in double quotes: line 1 column 2 (char 1)
2024-10-27 15:41:35,466 - ERROR - __main__ - Invalid position data format: Expecting property name enclosed in double quotes: line 1 column 2 (char 1)
2024-10-27 15:41:35,499 - ERROR - __main__ - Invalid position data format: Expecting property name enclosed in double quotes: line 1 column 2 (char 1)
2024-10-27 15:41:35,533 - ERROR - __main__ - Invalid position data format: Expecting property name enclosed in double quotes: line 1 column 2 (char 1)
2024-10-27 15:41:35,566 - ERROR - __main__ - Invalid position data format: Expecting property name enclosed in double quotes: line 1 column 2 (char 1)
2024-10-27 15:41:35,599 - ERROR - __main__ - Invalid position data format: Expecting property name enclosed in double quotes: line 1 column 2 (char 1)
2024-10-27 15:41:35,633 - ERROR - __main__ - Invalid position data format: Expecting property name enclosed in double quotes: line 1 column 2 (char 1)
2024-10-27 15:41:35,666 - ERROR - __main__ - Invalid position data format: Expecting property name enclosed in double quotes: line 1 column 2 (char 1)
2024-10-27 15:41:35,699 - ERROR - __main__ - Invalid position data format: Expecting property name enclosed in double quotes: line 1 column 2 (char 1)
2024-10-27 15:41:35,733 - ERROR - __main__ - Invalid position data format: Expecting property name enclosed in double quotes: line 1 column 2 (char 1)
2024-10-27 15:41:35,766 - ERROR - __main__ - Invalid position data format: Expecting property name enclosed in double quotes: line 1 column 2 (char 1)
2024-10-27 15:41:35,799 - ERROR - __main__ - Invalid position data format: Expecting property name enclosed in double quotes: line 1 column 2 (char 1)
2024-10-27 15:41:35,833 - ERROR - __main__ - Invalid position data format: Expecting property name enclosed in double quotes: line 1 column 2 (char 1)
2024-10-27 15:41:35,866 - ERROR - __main__ - Invalid position data format: Expecting property name enclosed in double quotes: line 1 column 2 (char 1)
2024-10-27 15:41:35,900 - ERROR - __main__ - Invalid position data format: Expecting property name enclosed in double quotes: line 1 column 2 (char 1)
2024-10-27 15:41:35,933 - ERROR - __main__ - Invalid position data format: Expecting property name enclosed in double quotes: line 1 column 2 (char 1)
2024-10-27 15:41:35,965 - ERROR - __main__ - Invalid position data format: Expecting property name enclosed in double quotes: line 1 column 2 (char 1)
2024-10-27 15:41:35,999 - ERROR - __main__ - Invalid position data format: Expecting property name enclosed in double quotes: line 1 column 2 (char 1)
2024-10-27 15:41:36,032 - ERROR - __main__ - Invalid position data format: Expecting property name enclosed in double quotes: line 1 column 2 (char 1)
2024-10-27 15:41:36,066 - ERROR - __main__ - Invalid position data format: Expecting property name enclosed in double quotes: line 1 column 2 (char 1)
2024-10-27 15:41:36,099 - ERROR - __main__ - Invalid position data format: Expecting property name enclosed in double quotes: line 1 column 2 (char 1)
2024-10-27 15:41:36,132 - ERROR - __main__ - Invalid position data format: Expecting property name enclosed in double quotes: line 1 column 2 (char 1)
2024-10-27 15:41:36,165 - ERROR - __main__ - Invalid position data format: Expecting property name enclosed in double quotes: line 1 column 2 (char 1)
2024-10-27 15:41:36,199 - ERROR - __main__ - Invalid position data format: Expecting property name enclosed in double quotes: line 1 column 2 (char 1)
2024-10-27 15:41:36,231 - ERROR - __main__ - Invalid position data format: Expecting property name enclosed in double quotes: line 1 column 2 (char 1)
2024-10-27 15:41:36,266 - ERROR - __main__ - Invalid position data format: Expecting property name enclosed in double quotes: line 1 column 2 (char 1)
2024-10-27 15:41:36,299 - ERROR - __main__ - Invalid position data format: Expecting property name enclosed in double quotes: line 1 column 2 (char 1)
2024-10-27 15:41:36,332 - ERROR - __main__ - Invalid position data format: Expecting property name enclosed in double quotes: line 1 column 2 (char 1)
2024-10-27 15:41:36,366 - ERROR - __main__ - Invalid position data format: Expecting property name enclosed in double quotes: line 1 column 2 (char 1)
2024-10-27 15:41:36,399 - ERROR - __main__ - Invalid position data format: Expecting property name enclosed in double quotes: line 1 column 2 (char 1)
2024-10-27 15:41:36,433 - ERROR - __main__ - Invalid position data format: Expecting property name enclosed in double quotes: line 1 column 2 (char 1)
2024-10-27 15:41:36,466 - ERROR - __main__ - Invalid position data format: Expecting property name enclosed in double quotes: line 1 column 2 (char 1)
2024-10-27 15:41:36,499 - ERROR - __main__ - Invalid position data format: Expecting property name enclosed in double quotes: line 1 column 2 (char 1)
2024-10-27 15:41:36,533 - ERROR - __main__ - Invalid position data format: Expecting property name enclosed in double quotes: line 1 column 2 (char 1)
2024-10-27 15:41:36,566 - ERROR - __main__ - Invalid position data format: Expecting property name enclosed in double quotes: line 1 column 2 (char 1)
2024-10-27 15:41:36,599 - ERROR - __main__ - Invalid position data format: Expecting property name enclosed in double quotes: line 1 column 2 (char 1)
2024-10-27 15:41:36,632 - ERROR - __main__ - Invalid position data format: Expecting property name enclosed in double quotes: line 1 column 2 (char 1)
2024-10-27 15:41:36,666 - ERROR - __main__ - Invalid position data format: Expecting property name enclosed in double quotes: line 1 column 2 (char 1)
2024-10-27 15:41:36,699 - ERROR - __main__ - Invalid position data format: Expecting property name enclosed in double quotes: line 1 column 2 (char 1)
2024-10-27 15:41:36,733 - ERROR - __main__ - Invalid position data format: Expecting property name enclosed in double quotes: line 1 column 2 (char 1)
2024-10-27 15:41:36,766 - ERROR - __main__ - Invalid position data format: Expecting property name enclosed in double quotes: line 1 column 2 (char 1)
2024-10-27 15:41:36,799 - ERROR - __main__ - Invalid position data format: Expecting property name enclosed in double quotes: line 1 column 2 (char 1)
2024-10-27 15:41:36,833 - ERROR - __main__ - Invalid position data format: Expecting property name enclosed in double quotes: line 1 column 2 (char 1)
2024-10-27 15:41:36,866 - ERROR - __main__ - Invalid position data format: Expecting property name enclosed in double quotes: line 1 column 2 (char 1)
2024-10-27 15:41:36,899 - ERROR - __main__ - Invalid position data format: Expecting property name enclosed in double quotes: line 1 column 2 (char 1)
2024-10-27 15:41:36,932 - ERROR - __main__ - Invalid position data format: Expecting property name enclosed in double quotes: line 1 column 2 (char 1)
2024-10-27 15:41:36,965 - ERROR - __main__ - Invalid position data format: Expecting property name enclosed in double quotes: line 1 column 2 (char 1)
2024-10-27 15:41:36,999 - ERROR - __main__ - Invalid position data format: Expecting property name enclosed in double quotes: line 1 column 2 (char 1)
2024-10-27 15:41:37,037 - ERROR - __main__ - Invalid position data format: Expecting property name enclosed in double quotes: line 1 column 2 (char 1)
2024-10-27 15:41:37,067 - ERROR - __main__ - Invalid position data format: Expecting property name enclosed in double quotes: line 1 column 2 (char 1)
2024-10-27 15:41:37,100 - ERROR - __main__ - Invalid position data format: Expecting property name enclosed in double quotes: line 1 column 2 (char 1)
2024-10-27 15:41:37,131 - ERROR - __main__ - Invalid position data format: Expecting property name enclosed in double quotes: line 1 column 2 (char 1)
2024-10-27 15:41:37,165 - ERROR - __main__ - Invalid position data format: Expecting property name enclosed in double quotes: line 1 column 2 (char 1)
2024-10-27 15:41:37,199 - ERROR - __main__ - Invalid position data format: Expecting property name enclosed in double quotes: line 1 column 2 (char 1)
2024-10-27 15:41:37,232 - ERROR - __main__ - Invalid position data format: Expecting property name enclosed in double quotes: line 1 column 2 (char 1)
2024-10-27 15:41:37,265 - ERROR - __main__ - Invalid position data format: Expecting property name enclosed in double quotes: line 1 column 2 (char 1)
2024-10-27 15:41:37,300 - ERROR - __main__ - Invalid position data format: Expecting property name enclosed in double quotes: line 1 column 2 (char 1)
2024-10-27 15:41:37,332 - ERROR - __main__ - Invalid position data format: Expecting property name enclosed in double quotes: line 1 column 2 (char 1)
2024-10-27 15:41:37,366 - ERROR - __main__ - Invalid position data format: Expecting property name enclosed in double quotes: line 1 column 2 (char 1)
2024-10-27 15:41:37,399 - ERROR - __main__ - Invalid position data format: Expecting property name enclosed in double quotes: line 1 column 2 (char 1)
2024-10-27 15:41:37,433 - ERROR - __main__ - Invalid position data format: Expecting property name enclosed in double quotes: line 1 column 2 (char 1)
2024-10-27 15:41:37,466 - ERROR - __main__ - Invalid position data format: Expecting property name enclosed in double quotes: line 1 column 2 (char 1)
2024-10-27 15:41:37,499 - ERROR - __main__ - Invalid position data format: Expecting property name enclosed in double quotes: line 1 column 2 (char 1)
2024-10-27 15:41:37,533 - ERROR - __main__ - Invalid position data format: Expecting property name enclosed in double quotes: line 1 column 2 (char 1)
2024-10-27 15:41:37,566 - ERROR - __main__ - Invalid position data format: Expecting property name enclosed in double quotes: line 1 column 2 (char 1)
2024-10-27 15:41:37,600 - ERROR - __main__ - Invalid position data format: Expecting property name enclosed in double quotes: line 1 column 2 (char 1)
2024-10-27 15:41:37,633 - ERROR - __main__ - Invalid position data format: Expecting property name enclosed in double quotes: line 1 column 2 (char 1)
2024-10-27 15:41:37,666 - ERROR - __main__ - Invalid position data format: Expecting property name enclosed in double quotes: line 1 column 2 (char 1)
2024-10-27 15:41:37,699 - ERROR - __main__ - Invalid position data format: Expecting property name enclosed in double quotes: line 1 column 2 (char 1)
2024-10-27 15:41:37,733 - ERROR - __main__ - Invalid position data format: Expecting property name enclosed in double quotes: line 1 column 2 (char 1)
2024-10-27 15:41:37,766 - ERROR - __main__ - Invalid position data format: Expecting property name enclosed in double quotes: line 1 column 2 (char 1)
2024-10-27 15:41:37,799 - ERROR - __main__ - Invalid position data format: Expecting property name enclosed in double quotes: line 1 column 2 (char 1)
2024-10-27 15:41:37,832 - ERROR - __main__ - Invalid position data format: Expecting property name enclosed in double quotes: line 1 column 2 (char 1)
2024-10-27 15:41:37,866 - ERROR - __main__ - Invalid position data format: Expecting property name enclosed in double quotes: line 1 column 2 (char 1)
2024-10-27 15:41:37,899 - ERROR - __main__ - Invalid position data format: Expecting property name enclosed in double quotes: line 1 column 2 (char 1)
2024-10-27 15:41:37,932 - ERROR - __main__ - Invalid position data format: Expecting property name enclosed in double quotes: line 1 column 2 (char 1)
2024-10-27 15:41:37,966 - ERROR - __main__ - Invalid position data format: Expecting property name enclosed in double quotes: line 1 column 2 (char 1)
2024-10-27 15:41:38,000 - ERROR - __main__ - Invalid position data format: Expecting property name enclosed in double quotes: line 1 column 2 (char 1)
2024-10-27 15:41:38,032 - ERROR - __main__ - Invalid position data format: Expecting property name enclosed in double quotes: line 1 column 2 (char 1)
2024-10-27 15:41:38,066 - ERROR - __main__ - Invalid position data format: Expecting property name enclosed in double quotes: line 1 column 2 (char 1)
2024-10-27 15:41:38,099 - ERROR - __main__ - Invalid position data format: Expecting property name enclosed in double quotes: line 1 column 2 (char 1)
2024-10-27 15:41:38,133 - ERROR - __main__ - Invalid position data format: Expecting property name enclosed in double quotes: line 1 column 2 (char 1)
2024-10-27 15:41:38,166 - ERROR - __main__ - Invalid position data format: Expecting property name enclosed in double quotes: line 1 column 2 (char 1)
2024-10-27 15:41:38,199 - ERROR - __main__ - Invalid position data format: Expecting property name enclosed in double quotes: line 1 column 2 (char 1)
2024-10-27 15:41:38,232 - ERROR - __main__ - Invalid position data format: Expecting property name enclosed in double quotes: line 1 column 2 (char 1)
2024-10-27 15:41:38,265 - ERROR - __main__ - Invalid position data format: Expecting property name enclosed in double quotes: line 1 column 2 (char 1)
2024-10-27 15:41:38,299 - ERROR - __main__ - Invalid position data format: Expecting property name enclosed in double quotes: line 1 column 2 (char 1)
2024-10-27 15:41:38,333 - ERROR - __main__ - Invalid position data format: Expecting property name enclosed in double quotes: line 1 column 2 (char 1)
2024-10-27 15:41:38,366 - ERROR - __main__ - Invalid position data format: Expecting property name enclosed in double quotes: line 1 column 2 (char 1)
2024-10-27 15:41:38,399 - ERROR - __main__ - Invalid position data format: Expecting property name enclosed in double quotes: line 1 column 2 (char 1)
2024-10-27 15:41:38,432 - ERROR - __main__ - Invalid position data format: Expecting property name enclosed in double quotes: line 1 column 2 (char 1)
2024-10-27 15:41:38,466 - ERROR - __main__ - Invalid position data format: Expecting property name enclosed in double quotes: line 1 column 2 (char 1)
2024-10-27 15:41:38,499 - ERROR - __main__ - Invalid position data format: Expecting property name enclosed in double quotes: line 1 column 2 (char 1)
2024-10-27 15:41:38,532 - ERROR - __main__ - Invalid position data format: Expecting property name enclosed in double quotes: line 1 column 2 (char 1)
2024-10-27 15:41:38,566 - ERROR - __main__ - Invalid position data format: Expecting property name enclosed in double quotes: line 1 column 2 (char 1)
2024-10-27 15:41:38,600 - ERROR - __main__ - Invalid position data format: Expecting property name enclosed in double quotes: line 1 column 2 (char 1)
2024-10-27 15:41:38,632 - ERROR - __main__ - Invalid position data format: Expecting property name enclosed in double quotes: line 1 column 2 (char 1)
2024-10-27 15:41:38,666 - ERROR - __main__ - Invalid position data format: Expecting property name enclosed in double quotes: line 1 column 2 (char 1)
2024-10-27 15:41:38,699 - ERROR - __main__ - Invalid position data format: Expecting property name enclosed in double quotes: line 1 column 2 (char 1)
2024-10-27 15:41:38,731 - ERROR - __main__ - Invalid position data format: Expecting property name enclosed in double quotes: line 1 column 2 (char 1)
2024-10-27 15:41:38,766 - ERROR - __main__ - Invalid position data format: Expecting property name enclosed in double quotes: line 1 column 2 (char 1)
2024-10-27 15:41:38,800 - ERROR - __main__ - Invalid position data format: Expecting property name enclosed in double quotes: line 1 column 2 (char 1)
2024-10-27 15:41:38,832 - ERROR - __main__ - Invalid position data format: Expecting property name enclosed in double quotes: line 1 column 2 (char 1)
2024-10-27 15:41:38,866 - ERROR - __main__ - Invalid position data format: Expecting property name enclosed in double quotes: line 1 column 2 (char 1)
2024-10-27 15:41:38,899 - ERROR - __main__ - Invalid position data format: Expecting property name enclosed in double quotes: line 1 column 2 (char 1)
2024-10-27 15:41:38,932 - ERROR - __main__ - Invalid position data format: Expecting property name enclosed in double quotes: line 1 column 2 (char 1)
2024-10-27 15:41:38,965 - ERROR - __main__ - Invalid position data format: Expecting property name enclosed in double quotes: line 1 column 2 (char 1)
2024-10-27 15:41:38,999 - ERROR - __main__ - Invalid position data format: Expecting property name enclosed in double quotes: line 1 column 2 (char 1)
2024-10-27 15:41:39,033 - ERROR - __main__ - Invalid position data format: Expecting property name enclosed in double quotes: line 1 column 2 (char 1)
2024-10-27 15:41:39,066 - ERROR - __main__ - Invalid position data format: Expecting property name enclosed in double quotes: line 1 column 2 (char 1)
2024-10-27 15:41:39,099 - ERROR - __main__ - Invalid position data format: Expecting property name enclosed in double quotes: line 1 column 2 (char 1)
2024-10-27 15:41:39,132 - ERROR - __main__ - Invalid position data format: Expecting property name enclosed in double quotes: line 1 column 2 (char 1)
2024-10-27 15:41:39,165 - ERROR - __main__ - Invalid position data format: Expecting property name enclosed in double quotes: line 1 column 2 (char 1)
2024-10-27 15:41:39,199 - ERROR - __main__ - Invalid position data format: Expecting property name enclosed in double quotes: line 1 column 2 (char 1)
2024-10-27 15:41:39,232 - ERROR - __main__ - Invalid position data format: Expecting property name enclosed in double quotes: line 1 column 2 (char 1)
2024-10-27 15:41:39,266 - ERROR - __main__ - Invalid position data format: Expecting property name enclosed in double quotes: line 1 column 2 (char 1)
2024-10-27 15:41:39,300 - ERROR - __main__ - Invalid position data format: Expecting property name enclosed in double quotes: line 1 column 2 (char 1)
2024-10-27 15:41:39,332 - ERROR - __main__ - Invalid position data format: Expecting property name enclosed in double quotes: line 1 column 2 (char 1)
2024-10-27 15:41:39,366 - ERROR - __main__ - Invalid position data format: Expecting property name enclosed in double quotes: line 1 column 2 (char 1)
2024-10-27 15:41:39,399 - ERROR - __main__ - Invalid position data format: Expecting property name enclosed in double quotes: line 1 column 2 (char 1)
2024-10-27 15:41:39,432 - ERROR - __main__ - Invalid position data format: Expecting property name enclosed in double quotes: line 1 column 2 (char 1)
2024-10-27 15:41:39,466 - ERROR - __main__ - Invalid position data format: Expecting property name enclosed in double quotes: line 1 column 2 (char 1)
2024-10-27 15:41:39,499 - ERROR - __main__ - Invalid position data format: Expecting property name enclosed in double quotes: line 1 column 2 (char 1)
2024-10-27 15:41:39,533 - ERROR - __main__ - Invalid position data format: Expecting property name enclosed in double quotes: line 1 column 2 (char 1)
2024-10-27 15:41:39,566 - ERROR - __main__ - Invalid position data format: Expecting property name enclosed in double quotes: line 1 column 2 (char 1)
2024-10-27 15:41:39,599 - ERROR - __main__ - Invalid position data format: Expecting property name enclosed in double quotes: line 1 column 2 (char 1)
2024-10-27 15:41:39,633 - ERROR - __main__ - Invalid position data format: Expecting property name enclosed in double quotes: line 1 column 2 (char 1)
2024-10-27 15:41:39,666 - ERROR - __main__ - Invalid position data format: Expecting property name enclosed in double quotes: line 1 column 2 (char 1)
2024-10-27 15:41:39,699 - ERROR - __main__ - Invalid position data format: Expecting property name enclosed in double quotes: line 1 column 2 (char 1)
2024-10-27 15:41:39,732 - ERROR - __main__ - Invalid position data format: Expecting property name enclosed in double quotes: line 1 column 2 (char 1)
2024-10-27 15:41:39,765 - ERROR - __main__ - Invalid position data format: Expecting property name enclosed in double quotes: line 1 column 2 (char 1)
2024-10-27 15:41:39,799 - ERROR - __main__ - Invalid position data format: Expecting property name enclosed in double quotes: line 1 column 2 (char 1)
2024-10-27 15:41:39,832 - ERROR - __main__ - Invalid position data format: Expecting property name enclosed in double quotes: line 1 column 2 (char 1)
2024-10-27 15:41:39,866 - ERROR - __main__ - Invalid position data format: Expecting property name enclosed in double quotes: line 1 column 2 (char 1)
2024-10-27 15:41:39,899 - ERROR - __main__ - Invalid position data format: Expecting property name enclosed in double quotes: line 1 column 2 (char 1)
2024-10-27 15:41:39,933 - ERROR - __main__ - Invalid position data format: Expecting property name enclosed in double quotes: line 1 column 2 (char 1)
2024-10-27 15:41:39,965 - ERROR - __main__ - Invalid position data format: Expecting property name enclosed in double quotes: line 1 column 2 (char 1)
2024-10-27 15:41:39,999 - ERROR - __main__ - Invalid position data format: Expecting property name enclosed in double quotes: line 1 column 2 (char 1)
2024-10-27 15:41:40,032 - ERROR - __main__ - Invalid position data format: Expecting property name enclosed in double quotes: line 1 column 2 (char 1)
2024-10-27 15:41:40,065 - ERROR - __main__ - Invalid position data format: Expecting property name enclosed in double quotes: line 1 column 2 (char 1)
2024-10-27 15:41:40,099 - ERROR - __main__ - Invalid position data format: Expecting property name enclosed in double quotes: line 1 column 2 (char 1)
2024-10-27 15:41:40,132 - ERROR - __main__ - Invalid position data format: Expecting property name enclosed in double quotes: line 1 column 2 (char 1)
2024-10-27 15:41:40,166 - ERROR - __main__ - Invalid position data format: Expecting property name enclosed in double quotes: line 1 column 2 (char 1)
2024-10-27 15:41:40,200 - ERROR - __main__ - Invalid position data format: Expecting property name enclosed in double quotes: line 1 column 2 (char 1)
2024-10-27 15:41:40,233 - ERROR - __main__ - Invalid position data format: Expecting property name enclosed in double quotes: line 1 column 2 (char 1)
2024-10-27 15:41:40,265 - ERROR - __main__ - Invalid position data format: Expecting property name enclosed in double quotes: line 1 column 2 (char 1)
2024-10-27 15:41:40,300 - ERROR - __main__ - Invalid position data format: Expecting property name enclosed in double quotes: line 1 column 2 (char 1)
2024-10-27 15:41:40,333 - ERROR - __main__ - Invalid position data format: Expecting property name enclosed in double quotes: line 1 column 2 (char 1)
2024-10-27 15:41:40,366 - ERROR - __main__ - Invalid position data format: Expecting property name enclosed in double quotes: line 1 column 2 (char 1)
2024-10-27 15:41:40,399 - ERROR - __main__ - Invalid position data format: Expecting property name enclosed in double quotes: line 1 column 2 (char 1)
2024-10-27 15:41:40,433 - ERROR - __main__ - Invalid position data format: Expecting property name enclosed in double quotes: line 1 column 2 (char 1)
2024-10-27 15:41:40,466 - ERROR - __main__ - Invalid position data format: Expecting property name enclosed in double quotes: line 1 column 2 (char 1)
2024-10-27 15:41:40,499 - ERROR - __main__ - Invalid position data format: Expecting property name enclosed in double quotes: line 1 column 2 (char 1)
2024-10-27 15:41:40,533 - ERROR - __main__ - Invalid position data format: Expecting property name enclosed in double quotes: line 1 column 2 (char 1)
2024-10-27 15:41:40,566 - ERROR - __main__ - Invalid position data format: Expecting property name enclosed in double quotes: line 1 column 2 (char 1)
2024-10-27 15:41:40,600 - ERROR - __main__ - Invalid position data format: Expecting property name enclosed in double quotes: line 1 column 2 (char 1)
2024-10-27 15:41:40,632 - ERROR - __main__ - Invalid position data format: Expecting property name enclosed in double quotes: line 1 column 2 (char 1)
2024-10-27 15:41:40,667 - ERROR - __main__ - Invalid position data format: Expecting property name enclosed in double quotes: line 1 column 2 (char 1)
2024-10-27 15:41:40,699 - ERROR - __main__ - Invalid position data format: Expecting property name enclosed in double quotes: line 1 column 2 (char 1)
2024-10-27 15:41:40,733 - ERROR - __main__ - Invalid position data format: Expecting property name enclosed in double quotes: line 1 column 2 (char 1)
2024-10-27 15:41:40,765 - ERROR - __main__ - Invalid position data format: Expecting property name enclosed in double quotes: line 1 column 2 (char 1)
2024-10-27 15:41:40,798 - ERROR - __main__ - Invalid position data format: Expecting property name enclosed in double quotes: line 1 column 2 (char 1)
2024-10-27 15:41:40,832 - ERROR - __main__ - Invalid position data format: Expecting property name enclosed in double quotes: line 1 column 2 (char 1)
2024-10-27 15:41:40,865 - ERROR - __main__ - Invalid position data format: Expecting property name enclosed in double quotes: line 1 column 2 (char 1)
2024-10-27 15:41:40,899 - ERROR - __main__ - Invalid position data format: Expecting property name enclosed in double quotes: line 1 column 2 (char 1)
2024-10-27 15:41:40,933 - ERROR - __main__ - Invalid position data format: Expecting property name enclosed in double quotes: line 1 column 2 (char 1)
2024-10-27 15:41:40,966 - ERROR - __main__ - Invalid position data format: Expecting property name enclosed in double quotes: line 1 column 2 (char 1)
2024-10-27 15:41:40,999 - ERROR - __main__ - Invalid position data format: Expecting property name enclosed in double quotes: line 1 column 2 (char 1)
2024-10-27 15:41:41,033 - ERROR - __main__ - Invalid position data format: Expecting property name enclosed in double quotes: line 1 column 2 (char 1)
2024-10-27 15:41:41,066 - ERROR - __main__ - Invalid position data format: Expecting property name enclosed in double quotes: line 1 column 2 (char 1)
2024-10-27 15:41:41,099 - ERROR - __main__ - Invalid position data format: Expecting property name enclosed in double quotes: line 1 column 2 (char 1)
2024-10-27 15:41:41,142 - ERROR - __main__ - Invalid position data format: Expecting property name enclosed in double quotes: line 1 column 2 (char 1)
2024-10-27 15:41:41,170 - ERROR - __main__ - Invalid position data format: Expecting property name enclosed in double quotes: line 1 column 2 (char 1)
2024-10-27 15:41:41,225 - ERROR - __main__ - Invalid position data format: Expecting property name enclosed in double quotes: line 1 column 2 (char 1)
2024-10-27 15:41:41,235 - ERROR - __main__ - Invalid position data format: Expecting property name enclosed in double quotes: line 1 column 2 (char 1)
2024-10-27 15:41:41,265 - ERROR - __main__ - Invalid position data format: Expecting property name enclosed in double quotes: line 1 column 2 (char 1)
2024-10-27 15:41:41,298 - ERROR - __main__ - Invalid position data format: Expecting property name enclosed in double quotes: line 1 column 2 (char 1)
2024-10-27 15:41:41,332 - ERROR - __main__ - Invalid position data format: Expecting property name enclosed in double quotes: line 1 column 2 (char 1)
2024-10-27 15:41:41,365 - ERROR - __main__ - Invalid position data format: Expecting property name enclosed in double quotes: line 1 column 2 (char 1)
2024-10-27 15:41:41,398 - ERROR - __main__ - Invalid position data format: Expecting property name enclosed in double quotes: line 1 column 2 (char 1)
2024-10-27 15:41:41,432 - ERROR - __main__ - Invalid position data format: Expecting property name enclosed in double quotes: line 1 column 2 (char 1)
2024-10-27 15:41:41,465 - ERROR - __main__ - Invalid position data format: Expecting property name enclosed in double quotes: line 1 column 2 (char 1)
2024-10-27 15:41:41,500 - ERROR - __main__ - Invalid position data format: Expecting property name enclosed in double quotes: line 1 column 2 (char 1)
2024-10-27 15:41:41,532 - ERROR - __main__ - Invalid position data format: Expecting property name enclosed in double quotes: line 1 column 2 (char 1)
2024-10-27 15:41:41,565 - ERROR - __main__ - Invalid position data format: Expecting property name enclosed in double quotes: line 1 column 2 (char 1)
2024-10-27 15:41:41,599 - ERROR - __main__ - Invalid position data format: Expecting property name enclosed in double quotes: line 1 column 2 (char 1)
2024-10-27 15:41:41,633 - ERROR - __main__ - Invalid position data format: Expecting property name enclosed in double quotes: line 1 column 2 (char 1)
2024-10-27 15:41:41,666 - ERROR - __main__ - Invalid position data format: Expecting property name enclosed in double quotes: line 1 column 2 (char 1)
2024-10-27 15:41:41,699 - ERROR - __main__ - Invalid position data format: Expecting property name enclosed in double quotes: line 1 column 2 (char 1)
2024-10-27 15:41:41,732 - ERROR - __main__ - Invalid position data format: Expecting property name enclosed in double quotes: line 1 column 2 (char 1)
2024-10-27 15:41:41,766 - ERROR - __main__ - Invalid position data format: Expecting property name enclosed in double quotes: line 1 column 2 (char 1)
2024-10-27 15:41:41,800 - ERROR - __main__ - Invalid position data format: Expecting property name enclosed in double quotes: line 1 column 2 (char 1)
2024-10-27 15:41:41,833 - ERROR - __main__ - Invalid position data format: Expecting property name enclosed in double quotes: line 1 column 2 (char 1)
2024-10-27 15:41:41,866 - ERROR - __main__ - Invalid position data format: Expecting property name enclosed in double quotes: line 1 column 2 (char 1)
2024-10-27 15:41:41,900 - ERROR - __main__ - Invalid position data format: Expecting property name enclosed in double quotes: line 1 column 2 (char 1)
2024-10-27 15:41:41,933 - ERROR - __main__ - Invalid position data format: Expecting property name enclosed in double quotes: line 1 column 2 (char 1)
2024-10-27 15:41:41,966 - ERROR - __main__ - Invalid position data format: Expecting property name enclosed in double quotes: line 1 column 2 (char 1)
2024-10-27 15:41:41,999 - ERROR - __main__ - Invalid position data format: Expecting property name enclosed in double quotes: line 1 column 2 (char 1)
2024-10-27 15:41:42,033 - ERROR - __main__ - Invalid position data format: Expecting property name enclosed in double quotes: line 1 column 2 (char 1)
2024-10-27 15:41:42,065 - ERROR - __main__ - Invalid position data format: Expecting property name enclosed in double quotes: line 1 column 2 (char 1)
2024-10-27 15:41:42,098 - ERROR - __main__ - Invalid position data format: Expecting property name enclosed in double quotes: line 1 column 2 (char 1)
2024-10-27 15:41:42,132 - ERROR - __main__ - Invalid position data format: Expecting property name enclosed in double quotes: line 1 column 2 (char 1)
2024-10-27 15:41:42,166 - ERROR - __main__ - Invalid position data format: Expecting property name enclosed in double quotes: line 1 column 2 (char 1)
2024-10-27 15:41:42,198 - ERROR - __main__ - Invalid position data format: Expecting property name enclosed in double quotes: line 1 column 2 (char 1)
2024-10-27 15:41:42,232 - ERROR - __main__ - Invalid position data format: Expecting property name enclosed in double quotes: line 1 column 2 (char 1)
2024-10-27 15:41:42,266 - ERROR - __main__ - Invalid position data format: Expecting property name enclosed in double quotes: line 1 column 2 (char 1)
2024-10-27 15:41:42,299 - ERROR - __main__ - Invalid position data format: Expecting property name enclosed in double quotes: line 1 column 2 (char 1)
2024-10-27 15:41:42,334 - ERROR - __main__ - Invalid position data format: Expecting property name enclosed in double quotes: line 1 column 2 (char 1)
2024-10-27 15:41:42,365 - ERROR - __main__ - Invalid position data format: Expecting property name enclosed in double quotes: line 1 column 2 (char 1)
2024-10-27 15:41:42,399 - ERROR - __main__ - Invalid position data format: Expecting property name enclosed in double quotes: line 1 column 2 (char 1)
2024-10-27 15:41:42,432 - ERROR - __main__ - Invalid position data format: Expecting property name enclosed in double quotes: line 1 column 2 (char 1)
2024-10-27 15:41:42,467 - ERROR - __main__ - Invalid position data format: Expecting property name enclosed in double quotes: line 1 column 2 (char 1)
2024-10-27 15:41:42,500 - ERROR - __main__ - Invalid position data format: Expecting property name enclosed in double quotes: line 1 column 2 (char 1)
2024-10-27 15:41:42,532 - ERROR - __main__ - Invalid position data format: Expecting property name enclosed in double quotes: line 1 column 2 (char 1)
2024-10-27 15:41:42,565 - ERROR - __main__ - Invalid position data format: Expecting property name enclosed in double quotes: line 1 column 2 (char 1)
2024-10-27 15:41:42,597 - ERROR - __main__ - Invalid position data format: Expecting property name enclosed in double quotes: line 1 column 2 (char 1)
2024-10-27 15:41:42,633 - ERROR - __main__ - Invalid position data format: Expecting property name enclosed in double quotes: line 1 column 2 (char 1)
2024-10-27 15:41:42,666 - ERROR - __main__ - Invalid position data format: Expecting property name enclosed in double quotes: line 1 column 2 (char 1)
2024-10-27 15:41:42,699 - ERROR - __main__ - Invalid position data format: Expecting property name enclosed in double quotes: line 1 column 2 (char 1)
2024-10-27 15:41:42,732 - ERROR - __main__ - Invalid position data format: Expecting property name enclosed in double quotes: line 1 column 2 (char 1)
2024-10-27 15:41:42,766 - ERROR - __main__ - Invalid position data format: Expecting property name enclosed in double quotes: line 1 column 2 (char 1)
2024-10-27 15:41:42,799 - ERROR - __main__ - Invalid position data format: Expecting property name enclosed in double quotes: line 1 column 2 (char 1)
2024-10-27 15:41:42,833 - ERROR - __main__ - Invalid position data format: Expecting property name enclosed in double quotes: line 1 column 2 (char 1)
2024-10-27 15:41:42,866 - ERROR - __main__ - Invalid position data format: Expecting property name enclosed in double quotes: line 1 column 2 (char 1)
2024-10-27 15:41:42,900 - ERROR - __main__ - Invalid position data format: Expecting property name enclosed in double quotes: line 1 column 2 (char 1)
2024-10-27 15:41:42,932 - ERROR - __main__ - Invalid position data format: Expecting property name enclosed in double quotes: line 1 column 2 (char 1)
2024-10-27 15:41:42,966 - ERROR - __main__ - Invalid position data format: Expecting property name enclosed in double quotes: line 1 column 2 (char 1)
2024-10-27 15:41:42,999 - ERROR - __main__ - Invalid position data format: Expecting property name enclosed in double quotes: line 1 column 2 (char 1)
2024-10-27 15:41:43,033 - ERROR - __main__ - Invalid position data format: Expecting property name enclosed in double quotes: line 1 column 2 (char 1)
2024-10-27 15:41:43,066 - ERROR - __main__ - Invalid position data format: Expecting property name enclosed in double quotes: line 1 column 2 (char 1)
2024-10-27 15:41:43,100 - ERROR - __main__ - Invalid position data format: Expecting property name enclosed in double quotes: line 1 column 2 (char 1)
2024-10-27 15:41:43,133 - ERROR - __main__ - Invalid position data format: Expecting property name enclosed in double quotes: line 1 column 2 (char 1)
2024-10-27 15:41:43,166 - ERROR - __main__ - Invalid position data format: Expecting property name enclosed in double quotes: line 1 column 2 (char 1)
2024-10-27 15:41:43,199 - ERROR - __main__ - Invalid position data format: Expecting property name enclosed in double quotes: line 1 column 2 (char 1)
2024-10-27 15:41:43,232 - ERROR - __main__ - Invalid position data format: Expecting property name enclosed in double quotes: line 1 column 2 (char 1)
2024-10-27 15:41:43,266 - ERROR - __main__ - Invalid position data format: Expecting property name enclosed in double quotes: line 1 column 2 (char 1)
2024-10-27 15:41:43,298 - ERROR - __main__ - Invalid position data format: Expecting property name enclosed in double quotes: line 1 column 2 (char 1)
2024-10-27 15:41:43,332 - ERROR - __main__ - Invalid position data format: Expecting property name enclosed in double quotes: line 1 column 2 (char 1)
2024-10-27 15:41:43,366 - ERROR - __main__ - Invalid position data format: Expecting property name enclosed in double quotes: line 1 column 2 (char 1)
2024-10-27 15:41:43,399 - ERROR - __main__ - Invalid position data format: Expecting property name enclosed in double quotes: line 1 column 2 (char 1)
2024-10-27 15:41:43,433 - ERROR - __main__ - Invalid position data format: Expecting property name enclosed in double quotes: line 1 column 2 (char 1)
2024-10-27 15:41:43,466 - ERROR - __main__ - Invalid position data format: Expecting property name enclosed in double quotes: line 1 column 2 (char 1)
2024-10-27 15:41:43,500 - ERROR - __main__ - Invalid position data format: Expecting property name enclosed in double quotes: line 1 column 2 (char 1)
2024-10-27 15:41:43,533 - ERROR - __main__ - Invalid position data format: Expecting property name enclosed in double quotes: line 1 column 2 (char 1)
2024-10-27 15:41:43,566 - ERROR - __main__ - Invalid position data format: Expecting property name enclosed in double quotes: line 1 column 2 (char 1)
2024-10-27 15:41:43,599 - ERROR - __main__ - Invalid position data format: Expecting property name enclosed in double quotes: line 1 column 2 (char 1)
2024-10-27 15:41:43,632 - ERROR - __main__ - Invalid position data format: Expecting property name enclosed in double quotes: line 1 column 2 (char 1)
2024-10-27 15:41:43,666 - ERROR - __main__ - Invalid position data format: Expecting property name enclosed in double quotes: line 1 column 2 (char 1)
2024-10-27 15:41:43,699 - ERROR - __main__ - Invalid position data format: Expecting property name enclosed in double quotes: line 1 column 2 (char 1)
2024-10-27 15:41:43,733 - ERROR - __main__ - Invalid position data format: Expecting property name enclosed in double quotes: line 1 column 2 (char 1)
2024-10-27 15:41:43,766 - ERROR - __main__ - Invalid position data format: Expecting property name enclosed in double quotes: line 1 column 2 (char 1)
2024-10-27 15:41:43,799 - ERROR - __main__ - Invalid position data format: Expecting property name enclosed in double quotes: line 1 column 2 (char 1)
2024-10-27 15:41:43,833 - ERROR - __main__ - Invalid position data format: Expecting property name enclosed in double quotes: line 1 column 2 (char 1)
2024-10-27 15:41:43,866 - ERROR - __main__ - Invalid position data format: Expecting property name enclosed in double quotes: line 1 column 2 (char 1)
2024-10-27 15:41:43,899 - ERROR - __main__ - Invalid position data format: Expecting property name enclosed in double quotes: line 1 column 2 (char 1)
2024-10-27 15:41:43,933 - ERROR - __main__ - Invalid position data format: Expecting property name enclosed in double quotes: line 1 column 2 (char 1)
2024-10-27 15:41:43,965 - ERROR - __main__ - Invalid position data format: Expecting property name enclosed in double quotes: line 1 column 2 (char 1)
2024-10-27 15:41:44,001 - ERROR - __main__ - Invalid position data format: Expecting property name enclosed in double quotes: line 1 column 2 (char 1)
2024-10-27 15:41:44,032 - ERROR - __main__ - Invalid position data format: Expecting property name enclosed in double quotes: line 1 column 2 (char 1)
2024-10-27 15:41:44,066 - ERROR - __main__ - Invalid position data format: Expecting property name enclosed in double quotes: line 1 column 2 (char 1)
2024-10-27 15:41:44,100 - ERROR - __main__ - Invalid position data format: Expecting property name enclosed in double quotes: line 1 column 2 (char 1)
2024-10-27 15:41:44,132 - ERROR - __main__ - Invalid position data format: Expecting property name enclosed in double quotes: line 1 column 2 (char 1)
2024-10-27 15:41:44,166 - ERROR - __main__ - Invalid position data format: Expecting property name enclosed in double quotes: line 1 column 2 (char 1)
2024-10-27 15:41:44,200 - ERROR - __main__ - Invalid position data format: Expecting property name enclosed in double quotes: line 1 column 2 (char 1)
2024-10-27 15:41:44,233 - ERROR - __main__ - Invalid position data format: Expecting property name enclosed in double quotes: line 1 column 2 (char 1)
2024-10-27 15:41:44,266 - ERROR - __main__ - Invalid position data format: Expecting property name enclosed in double quotes: line 1 column 2 (char 1)
2024-10-27 15:41:44,299 - ERROR - __main__ - Invalid position data format: Expecting property name enclosed in double quotes: line 1 column 2 (char 1)
2024-10-27 15:41:44,333 - ERROR - __main__ - Invalid position data format: Expecting property name enclosed in double quotes: line 1 column 2 (char 1)
2024-10-27 15:41:44,366 - ERROR - __main__ - Invalid position data format: Expecting property name enclosed in double quotes: line 1 column 2 (char 1)
2024-10-27 15:41:44,399 - ERROR - __main__ - Invalid position data format: Expecting property name enclosed in double quotes: line 1 column 2 (char 1)
2024-10-27 15:41:44,432 - ERROR - __main__ - Invalid position data format: Expecting property name enclosed in double quotes: line 1 column 2 (char 1)
2024-10-27 15:41:44,466 - ERROR - __main__ - Invalid position data format: Expecting property name enclosed in double quotes: line 1 column 2 (char 1)
2024-10-27 15:41:44,500 - ERROR - __main__ - Invalid position data format: Expecting property name enclosed in double quotes: line 1 column 2 (char 1)
2024-10-27 15:41:44,533 - ERROR - __main__ - Invalid position data format: Expecting property name enclosed in double quotes: line 1 column 2 (char 1)
2024-10-27 15:41:44,566 - ERROR - __main__ - Invalid position data format: Expecting property name enclosed in double quotes: line 1 column 2 (char 1)
2024-10-27 15:41:44,599 - ERROR - __main__ - Invalid position data format: Expecting property name enclosed in double quotes: line 1 column 2 (char 1)
2024-10-27 15:41:44,632 - ERROR - __main__ - Invalid position data format: Expecting property name enclosed in double quotes: line 1 column 2 (char 1)
2024-10-27 15:41:44,666 - ERROR - __main__ - Invalid position data format: Expecting property name enclosed in double quotes: line 1 column 2 (char 1)
2024-10-27 15:41:44,699 - ERROR - __main__ - Invalid position data format: Expecting property name enclosed in double quotes: line 1 column 2 (char 1)
2024-10-27 15:41:44,732 - ERROR - __main__ - Invalid position data format: Expecting property name enclosed in double quotes: line 1 column 2 (char 1)
2024-10-27 15:41:44,766 - ERROR - __main__ - Invalid position data format: Expecting property name enclosed in double quotes: line 1 column 2 (char 1)
2024-10-27 15:41:44,800 - ERROR - __main__ - Invalid position data format: Expecting property name enclosed in double quotes: line 1 column 2 (char 1)
2024-10-27 15:41:44,833 - ERROR - __main__ - Invalid position data format: Expecting property name enclosed in double quotes: line 1 column 2 (char 1)
2024-10-27 15:41:44,865 - ERROR - __main__ - Invalid position data format: Expecting property name enclosed in double quotes: line 1 column 2 (char 1)
2024-10-27 15:41:44,899 - ERROR - __main__ - Invalid position data format: Expecting property name enclosed in double quotes: line 1 column 2 (char 1)
2024-10-27 15:41:44,932 - ERROR - __main__ - Invalid position data format: Expecting property name enclosed in double quotes: line 1 column 2 (char 1)
2024-10-27 15:41:44,966 - ERROR - __main__ - Invalid position data format: Expecting property name enclosed in double quotes: line 1 column 2 (char 1)
2024-10-27 15:41:44,999 - ERROR - __main__ - Invalid position data format: Expecting property name enclosed in double quotes: line 1 column 2 (char 1)
2024-10-27 15:41:45,032 - ERROR - __main__ - Invalid position data format: Expecting property name enclosed in double quotes: line 1 column 2 (char 1)
2024-10-27 15:41:45,065 - ERROR - __main__ - Invalid position data format: Expecting property name enclosed in double quotes: line 1 column 2 (char 1)
2024-10-27 15:41:45,099 - ERROR - __main__ - Invalid position data format: Expecting property name enclosed in double quotes: line 1 column 2 (char 1)
2024-10-27 15:41:45,132 - ERROR - __main__ - Invalid position data format: Expecting property name enclosed in double quotes: line 1 column 2 (char 1)
2024-10-27 15:41:45,166 - ERROR - __main__ - Invalid position data format: Expecting property name enclosed in double quotes: line 1 column 2 (char 1)
2024-10-27 15:41:45,199 - ERROR - __main__ - Invalid position data format: Expecting property name enclosed in double quotes: line 1 column 2 (char 1)
2024-10-27 15:41:45,233 - ERROR - __main__ - Invalid position data format: Expecting property name enclosed in double quotes: line 1 column 2 (char 1)
2024-10-27 15:41:45,266 - ERROR - __main__ - Invalid position data format: Expecting property name enclosed in double quotes: line 1 column 2 (char 1)
2024-10-27 15:41:45,299 - ERROR - __main__ - Invalid position data format: Expecting property name enclosed in double quotes: line 1 column 2 (char 1)
2024-10-27 15:41:45,334 - ERROR - __main__ - Invalid position data format: Expecting property name enclosed in double quotes: line 1 column 2 (char 1)
2024-10-27 15:41:45,366 - ERROR - __main__ - Invalid position data format: Expecting property name enclosed in double quotes: line 1 column 2 (char 1)
2024-10-27 15:41:45,399 - ERROR - __main__ - Invalid position data format: Expecting property name enclosed in double quotes: line 1 column 2 (char 1)
2024-10-27 15:41:45,433 - ERROR - __main__ - Invalid position data format: Expecting property name enclosed in double quotes: line 1 column 2 (char 1)
2024-10-27 15:41:45,466 - ERROR - __main__ - Invalid position data format: Expecting property name enclosed in double quotes: line 1 column 2 (char 1)
2024-10-27 15:41:45,500 - ERROR - __main__ - Invalid position data format: Expecting property name enclosed in double quotes: line 1 column 2 (char 1)
2024-10-27 15:41:45,532 - ERROR - __main__ - Invalid position data format: Expecting property name enclosed in double quotes: line 1 column 2 (char 1)
2024-10-27 15:41:45,566 - ERROR - __main__ - Invalid position data format: Expecting property name enclosed in double quotes: line 1 column 2 (char 1)
2024-10-27 15:41:45,599 - ERROR - __main__ - Invalid position data format: Expecting property name enclosed in double quotes: line 1 column 2 (char 1)
2024-10-27 15:41:45,632 - ERROR - __main__ - Invalid position data format: Expecting property name enclosed in double quotes: line 1 column 2 (char 1)
2024-10-27 15:41:45,666 - ERROR - __main__ - Invalid position data format: Expecting property name enclosed in double quotes: line 1 column 2 (char 1)
2024-10-27 15:41:45,699 - ERROR - __main__ - Invalid position data format: Expecting property name enclosed in double quotes: line 1 column 2 (char 1)
2024-10-27 15:41:45,734 - ERROR - __main__ - Invalid position data format: Expecting property name enclosed in double quotes: line 1 column 2 (char 1)
2024-10-27 15:41:45,765 - ERROR - __main__ - Invalid position data format: Expecting property name enclosed in double quotes: line 1 column 2 (char 1)
2024-10-27 15:41:45,799 - ERROR - __main__ - Invalid position data format: Expecting property name enclosed in double quotes: line 1 column 2 (char 1)
2024-10-27 15:41:45,833 - ERROR - __main__ - Invalid position data format: Expecting property name enclosed in double quotes: line 1 column 2 (char 1)
2024-10-27 15:41:45,866 - ERROR - __main__ - Invalid position data format: Expecting property name enclosed in double quotes: line 1 column 2 (char 1)
2024-10-27 15:41:45,894 - INFO - __main__ - Shutting down after 25.8s uptime
2024-10-27 15:41:45,895 - INFO - __main__ - Connection state changed to: closed
2024-10-27 15:41:45,896 - INFO - __main__ - Stopped by user
2024-10-27 15:41:45,904 - ERROR - asyncio - Task was destroyed but it is pending!
task: <Task pending name='Task-619' coro=<RTCPeerConnection.close() done, defined at /opt/anaconda3/envs/nimble/lib/python3.10/site-packages/aiortc/rtcpeerconnection.py:478> wait_for=<Future pending cb=[Task.task_wakeup()]>>
