2024-10-27 16:22:38,538 - INFO - __main__ - Starting application with args: {'host': '127.0.0.1', 'port': 8080, 'verbose': False, 'gc_interval': 5.0, 'history_size': 30}
2024-10-27 16:22:38,544 - INFO - __main__ - Starting server on 127.0.0.1:8080
2024-10-27 16:22:48,475 - INFO - __main__ - Server ready - waiting for connections
2024-10-27 16:22:48,520 - INFO - __main__ - Connection state changed to: connecting
2024-10-27 16:22:48,549 - INFO - __main__ - Connection state changed to: connected
2024-10-27 16:22:48,908 - INFO - __main__ - 
Position Update:
  Actual Position: (95, 295)
  Detected Position: (45, 245)
  Current Error: 70.71px
  Average Error: 70.71px
  Error Std Dev: 0.00px
  Tracking Duration: 10.4s
2024-10-27 16:22:48,950 - INFO - __main__ - 
Position Update:
  Actual Position: (105, 305)
  Detected Position: (85, 285)
  Current Error: 28.28px
  Average Error: 49.50px
  Error Std Dev: 21.21px
  Tracking Duration: 10.4s
2024-10-27 16:22:48,986 - INFO - __main__ - 
Position Update:
  Actual Position: (110, 310)
  Detected Position: (95, 295)
  Current Error: 21.21px
  Average Error: 40.07px
  Error Std Dev: 21.86px
  Tracking Duration: 10.4s
2024-10-27 16:22:49,026 - INFO - __main__ - 
Position Update:
  Actual Position: (115, 315)
  Detected Position: (105, 305)
  Current Error: 14.14px
  Average Error: 33.59px
  Error Std Dev: 22.01px
  Tracking Duration: 10.5s
2024-10-27 16:22:49,090 - INFO - __main__ - 
Position Update:
  Actual Position: (125, 325)
  Detected Position: (110, 310)
  Current Error: 21.21px
  Average Error: 31.11px
  Error Std Dev: 20.30px
  Tracking Duration: 10.5s
2024-10-27 16:22:49,129 - INFO - __main__ - 
Position Update:
  Actual Position: (130, 330)
  Detected Position: (121, 320)
  Current Error: 13.45px
  Average Error: 28.17px
  Error Std Dev: 19.66px
  Tracking Duration: 10.6s
2024-10-27 16:22:49,192 - INFO - __main__ - 
Position Update:
  Actual Position: (140, 340)
  Detected Position: (130, 329)
  Current Error: 14.87px
  Average Error: 26.27px
  Error Std Dev: 18.79px
  Tracking Duration: 10.6s
2024-10-27 16:22:49,258 - INFO - __main__ - 
Position Update:
  Actual Position: (150, 350)
  Detected Position: (140, 340)
  Current Error: 14.14px
  Average Error: 24.75px
  Error Std Dev: 18.03px
  Tracking Duration: 10.7s
2024-10-27 16:22:49,325 - INFO - __main__ - 
Position Update:
  Actual Position: (160, 360)
  Detected Position: (151, 350)
  Current Error: 13.45px
  Average Error: 23.50px
  Error Std Dev: 17.36px
  Tracking Duration: 10.8s
2024-10-27 16:22:49,390 - INFO - __main__ - 
Position Update:
  Actual Position: (170, 370)
  Detected Position: (160, 359)
  Current Error: 14.87px
  Average Error: 22.63px
  Error Std Dev: 16.68px
  Tracking Duration: 10.8s
2024-10-27 16:22:49,423 - INFO - __main__ - 
Position Update:
  Actual Position: (175, 375)
  Detected Position: (165, 365)
  Current Error: 14.14px
  Average Error: 21.86px
  Error Std Dev: 16.09px
  Tracking Duration: 10.9s
2024-10-27 16:22:49,490 - INFO - __main__ - 
Position Update:
  Actual Position: (185, 385)
  Detected Position: (175, 375)
  Current Error: 14.14px
  Average Error: 21.22px
  Error Std Dev: 15.55px
  Tracking Duration: 10.9s
2024-10-27 16:22:49,524 - INFO - __main__ - 
Position Update:
  Actual Position: (190, 390)
  Detected Position: (181, 380)
  Current Error: 13.45px
  Average Error: 20.62px
  Error Std Dev: 15.08px
  Tracking Duration: 11.0s
2024-10-27 16:22:49,557 - INFO - __main__ - 
Position Update:
  Actual Position: (195, 395)
  Detected Position: (185, 385)
  Current Error: 14.14px
  Average Error: 20.16px
  Error Std Dev: 14.63px
  Tracking Duration: 11.0s
2024-10-27 16:22:49,590 - INFO - __main__ - 
Position Update:
  Actual Position: (200, 400)
  Detected Position: (190, 389)
  Current Error: 14.87px
  Average Error: 19.81px
  Error Std Dev: 14.19px
  Tracking Duration: 11.0s
2024-10-27 16:22:49,624 - INFO - __main__ - 
Position Update:
  Actual Position: (205, 405)
  Detected Position: (195, 395)
  Current Error: 14.14px
  Average Error: 19.45px
  Error Std Dev: 13.81px
  Tracking Duration: 11.1s
2024-10-27 16:22:49,691 - INFO - __main__ - 
Position Update:
  Actual Position: (215, 415)
  Detected Position: (205, 405)
  Current Error: 14.14px
  Average Error: 19.14px
  Error Std Dev: 13.46px
  Tracking Duration: 11.1s
2024-10-27 16:22:49,724 - INFO - __main__ - 
Position Update:
  Actual Position: (220, 420)
  Detected Position: (211, 410)
  Current Error: 13.45px
  Average Error: 18.82px
  Error Std Dev: 13.14px
  Tracking Duration: 11.2s
2024-10-27 16:22:49,758 - INFO - __main__ - 
Position Update:
  Actual Position: (225, 425)
  Detected Position: (215, 415)
  Current Error: 14.14px
  Average Error: 18.58px
  Error Std Dev: 12.83px
  Tracking Duration: 11.2s
2024-10-27 16:22:49,824 - INFO - __main__ - 
Position Update:
  Actual Position: (235, 435)
  Detected Position: (225, 425)
  Current Error: 14.14px
  Average Error: 18.36px
  Error Std Dev: 12.55px
  Tracking Duration: 11.3s
2024-10-27 16:22:49,891 - INFO - __main__ - 
Position Update:
  Actual Position: (245, 445)
  Detected Position: (235, 435)
  Current Error: 14.14px
  Average Error: 18.16px
  Error Std Dev: 12.28px
  Tracking Duration: 11.3s
2024-10-27 16:22:49,958 - INFO - __main__ - 
Position Update:
  Actual Position: (255, 455)
  Detected Position: (245, 445)
  Current Error: 14.14px
  Average Error: 17.97px
  Error Std Dev: 12.02px
  Tracking Duration: 11.4s
2024-10-27 16:22:49,991 - INFO - __main__ - 
Position Update:
  Actual Position: (260, 460)
  Detected Position: (250, 451)
  Current Error: 13.45px
  Average Error: 17.78px
  Error Std Dev: 11.80px
  Tracking Duration: 11.4s
2024-10-27 16:22:50,057 - INFO - __main__ - 
Position Update:
  Actual Position: (270, 450)
  Detected Position: (260, 460)
  Current Error: 14.14px
  Average Error: 17.62px
  Error Std Dev: 11.57px
  Tracking Duration: 11.5s
2024-10-27 16:22:50,091 - INFO - __main__ - 
Position Update:
  Actual Position: (275, 445)
  Detected Position: (265, 455)
  Current Error: 14.14px
  Average Error: 17.49px
  Error Std Dev: 11.36px
  Tracking Duration: 11.5s
2024-10-27 16:22:50,125 - INFO - __main__ - 
Position Update:
  Actual Position: (280, 440)
  Detected Position: (269, 451)
  Current Error: 15.56px
  Average Error: 17.41px
  Error Std Dev: 11.14px
  Tracking Duration: 11.6s
2024-10-27 16:22:50,158 - INFO - __main__ - 
Position Update:
  Actual Position: (285, 435)
  Detected Position: (275, 445)
  Current Error: 14.14px
  Average Error: 17.29px
  Error Std Dev: 10.95px
  Tracking Duration: 11.6s
2024-10-27 16:22:50,191 - INFO - __main__ - 
Position Update:
  Actual Position: (290, 430)
  Detected Position: (280, 440)
  Current Error: 14.14px
  Average Error: 17.18px
  Error Std Dev: 10.77px
  Tracking Duration: 11.6s
2024-10-27 16:22:50,258 - INFO - __main__ - 
Position Update:
  Actual Position: (300, 420)
  Detected Position: (290, 430)
  Current Error: 14.14px
  Average Error: 17.07px
  Error Std Dev: 10.60px
  Tracking Duration: 11.7s
2024-10-27 16:22:50,325 - INFO - __main__ - 
Position Update:
  Actual Position: (310, 410)
  Detected Position: (301, 421)
  Current Error: 14.21px
  Average Error: 16.98px
  Error Std Dev: 10.43px
  Tracking Duration: 11.8s
2024-10-27 16:22:50,391 - INFO - __main__ - 
Position Update:
  Actual Position: (320, 400)
  Detected Position: (310, 410)
  Current Error: 14.14px
  Average Error: 15.09px
  Error Std Dev: 3.05px
  Tracking Duration: 11.8s
2024-10-27 16:22:50,458 - INFO - __main__ - 
Position Update:
  Actual Position: (330, 390)
  Detected Position: (320, 400)
  Current Error: 14.14px
  Average Error: 14.62px
  Error Std Dev: 1.82px
  Tracking Duration: 11.9s
2024-10-27 16:22:50,525 - INFO - __main__ - 
Position Update:
  Actual Position: (340, 380)
  Detected Position: (331, 391)
  Current Error: 14.21px
  Average Error: 14.39px
  Error Std Dev: 1.34px
  Tracking Duration: 12.0s
2024-10-27 16:22:50,558 - INFO - __main__ - 
Position Update:
  Actual Position: (345, 375)
  Detected Position: (335, 385)
  Current Error: 14.14px
  Average Error: 14.39px
  Error Std Dev: 1.34px
  Tracking Duration: 12.0s
2024-10-27 16:22:50,591 - INFO - __main__ - 
Position Update:
  Actual Position: (350, 370)
  Detected Position: (340, 380)
  Current Error: 14.14px
  Average Error: 14.15px
  Error Std Dev: 0.45px
  Tracking Duration: 12.0s
2024-10-27 16:22:50,624 - INFO - __main__ - 
Position Update:
  Actual Position: (355, 365)
  Detected Position: (345, 375)
  Current Error: 14.14px
  Average Error: 14.17px
  Error Std Dev: 0.43px
  Tracking Duration: 12.1s
2024-10-27 16:22:50,657 - INFO - __main__ - 
Position Update:
  Actual Position: (360, 360)
  Detected Position: (350, 370)
  Current Error: 14.14px
  Average Error: 14.15px
  Error Std Dev: 0.41px
  Tracking Duration: 12.1s
2024-10-27 16:22:50,690 - INFO - __main__ - 
Position Update:
  Actual Position: (365, 355)
  Detected Position: (355, 365)
  Current Error: 14.14px
  Average Error: 14.15px
  Error Std Dev: 0.41px
  Tracking Duration: 12.1s
2024-10-27 16:22:50,724 - INFO - __main__ - 
Position Update:
  Actual Position: (370, 350)
  Detected Position: (361, 359)
  Current Error: 12.73px
  Average Error: 14.13px
  Error Std Dev: 0.46px
  Tracking Duration: 12.2s
2024-10-27 16:22:50,757 - INFO - __main__ - 
Position Update:
  Actual Position: (375, 345)
  Detected Position: (365, 355)
  Current Error: 14.14px
  Average Error: 14.10px
  Error Std Dev: 0.44px
  Tracking Duration: 12.2s
2024-10-27 16:22:50,791 - INFO - __main__ - 
Position Update:
  Actual Position: (380, 340)
  Detected Position: (370, 350)
  Current Error: 14.14px
  Average Error: 14.10px
  Error Std Dev: 0.44px
  Tracking Duration: 12.2s
2024-10-27 16:22:50,824 - INFO - __main__ - 
Position Update:
  Actual Position: (385, 335)
  Detected Position: (375, 345)
  Current Error: 14.14px
  Average Error: 14.10px
  Error Std Dev: 0.44px
  Tracking Duration: 12.3s
2024-10-27 16:22:50,891 - INFO - __main__ - 
Position Update:
  Actual Position: (395, 325)
  Detected Position: (385, 335)
  Current Error: 14.14px
  Average Error: 14.13px
  Error Std Dev: 0.43px
  Tracking Duration: 12.3s
2024-10-27 16:22:50,924 - INFO - __main__ - 
Position Update:
  Actual Position: (400, 320)
  Detected Position: (391, 331)
  Current Error: 14.21px
  Average Error: 14.13px
  Error Std Dev: 0.43px
  Tracking Duration: 12.4s
2024-10-27 16:22:50,957 - INFO - __main__ - 
Position Update:
  Actual Position: (405, 315)
  Detected Position: (395, 325)
  Current Error: 14.14px
  Average Error: 14.10px
  Error Std Dev: 0.40px
  Tracking Duration: 12.4s
2024-10-27 16:22:51,025 - INFO - __main__ - 
Position Update:
  Actual Position: (415, 305)
  Detected Position: (405, 315)
  Current Error: 14.14px
  Average Error: 14.10px
  Error Std Dev: 0.40px
  Tracking Duration: 12.5s
2024-10-27 16:22:51,058 - INFO - __main__ - 
Position Update:
  Actual Position: (420, 300)
  Detected Position: (410, 310)
  Current Error: 14.14px
  Average Error: 14.10px
  Error Std Dev: 0.40px
  Tracking Duration: 12.5s
2024-10-27 16:22:51,124 - INFO - __main__ - 
Position Update:
  Actual Position: (430, 290)
  Detected Position: (421, 301)
  Current Error: 14.21px
  Average Error: 14.13px
  Error Std Dev: 0.39px
  Tracking Duration: 12.6s
2024-10-27 16:22:51,191 - INFO - __main__ - 
Position Update:
  Actual Position: (440, 280)
  Detected Position: (430, 290)
  Current Error: 14.14px
  Average Error: 14.13px
  Error Std Dev: 0.39px
  Tracking Duration: 12.6s
2024-10-27 16:22:51,259 - INFO - __main__ - 
Position Update:
  Actual Position: (450, 270)
  Detected Position: (440, 280)
  Current Error: 14.14px
  Average Error: 14.13px
  Error Std Dev: 0.39px
  Tracking Duration: 12.7s
2024-10-27 16:22:51,325 - INFO - __main__ - 
Position Update:
  Actual Position: (460, 260)
  Detected Position: (451, 271)
  Current Error: 14.21px
  Average Error: 14.13px
  Error Std Dev: 0.39px
  Tracking Duration: 12.8s
2024-10-27 16:22:51,391 - INFO - __main__ - 
Position Update:
  Actual Position: (470, 250)
  Detected Position: (460, 260)
  Current Error: 14.14px
  Average Error: 14.13px
  Error Std Dev: 0.39px
  Tracking Duration: 12.8s
2024-10-27 16:22:51,425 - INFO - __main__ - 
Position Update:
  Actual Position: (475, 245)
  Detected Position: (465, 255)
  Current Error: 14.14px
  Average Error: 14.15px
  Error Std Dev: 0.37px
  Tracking Duration: 12.9s
2024-10-27 16:22:51,458 - INFO - __main__ - 
Position Update:
  Actual Position: (480, 240)
  Detected Position: (470, 250)
  Current Error: 14.14px
  Average Error: 14.15px
  Error Std Dev: 0.37px
  Tracking Duration: 12.9s
2024-10-27 16:22:51,491 - INFO - __main__ - 
Position Update:
  Actual Position: (485, 235)
  Detected Position: (475, 245)
  Current Error: 14.14px
  Average Error: 14.15px
  Error Std Dev: 0.37px
  Tracking Duration: 12.9s
2024-10-27 16:22:51,558 - INFO - __main__ - 
Position Update:
  Actual Position: (495, 225)
  Detected Position: (485, 235)
  Current Error: 14.14px
  Average Error: 14.11px
  Error Std Dev: 0.26px
  Tracking Duration: 13.0s
2024-10-27 16:22:51,625 - INFO - __main__ - 
Position Update:
  Actual Position: (505, 215)
  Detected Position: (495, 225)
  Current Error: 14.14px
  Average Error: 14.11px
  Error Std Dev: 0.26px
  Tracking Duration: 13.1s
2024-10-27 16:22:51,692 - INFO - __main__ - 
Position Update:
  Actual Position: (515, 205)
  Detected Position: (505, 215)
  Current Error: 14.14px
  Average Error: 14.11px
  Error Std Dev: 0.26px
  Tracking Duration: 13.1s
2024-10-27 16:22:51,758 - INFO - __main__ - 
Position Update:
  Actual Position: (525, 195)
  Detected Position: (515, 205)
  Current Error: 14.14px
  Average Error: 14.11px
  Error Std Dev: 0.26px
  Tracking Duration: 13.2s
2024-10-27 16:22:51,824 - INFO - __main__ - 
Position Update:
  Actual Position: (535, 185)
  Detected Position: (525, 195)
  Current Error: 14.14px
  Average Error: 14.10px
  Error Std Dev: 0.26px
  Tracking Duration: 13.3s
2024-10-27 16:22:51,891 - INFO - __main__ - 
Position Update:
  Actual Position: (545, 175)
  Detected Position: (535, 185)
  Current Error: 14.14px
  Average Error: 14.10px
  Error Std Dev: 0.26px
  Tracking Duration: 13.3s
2024-10-27 16:22:51,958 - INFO - __main__ - 
Position Update:
  Actual Position: (555, 165)
  Detected Position: (545, 175)
  Current Error: 14.14px
  Average Error: 14.10px
  Error Std Dev: 0.26px
  Tracking Duration: 13.4s
2024-10-27 16:22:51,991 - INFO - __main__ - 
Position Update:
  Actual Position: (560, 160)
  Detected Position: (550, 170)
  Current Error: 14.14px
  Average Error: 14.10px
  Error Std Dev: 0.26px
  Tracking Duration: 13.4s
2024-10-27 16:22:52,058 - INFO - __main__ - 
Position Update:
  Actual Position: (570, 150)
  Detected Position: (560, 160)
  Current Error: 14.14px
  Average Error: 14.10px
  Error Std Dev: 0.26px
  Tracking Duration: 13.5s
2024-10-27 16:22:52,125 - INFO - __main__ - 
Position Update:
  Actual Position: (580, 140)
  Detected Position: (571, 151)
  Current Error: 14.21px
  Average Error: 14.10px
  Error Std Dev: 0.26px
  Tracking Duration: 13.6s
2024-10-27 16:22:52,192 - INFO - __main__ - 
Position Update:
  Actual Position: (590, 130)
  Detected Position: (580, 140)
  Current Error: 14.14px
  Average Error: 14.10px
  Error Std Dev: 0.26px
  Tracking Duration: 13.6s
2024-10-27 16:22:52,258 - INFO - __main__ - 
Position Update:
  Actual Position: (600, 120)
  Detected Position: (590, 130)
  Current Error: 14.14px
  Average Error: 14.10px
  Error Std Dev: 0.26px
  Tracking Duration: 13.7s
2024-10-27 16:22:52,291 - INFO - __main__ - 
Position Update:
  Actual Position: (605, 115)
  Detected Position: (595, 125)
  Current Error: 14.14px
  Average Error: 14.10px
  Error Std Dev: 0.26px
  Tracking Duration: 13.7s
2024-10-27 16:22:52,324 - INFO - __main__ - 
Position Update:
  Actual Position: (610, 110)
  Detected Position: (601, 119)
  Current Error: 12.73px
  Average Error: 14.10px
  Error Std Dev: 0.26px
  Tracking Duration: 13.8s
2024-10-27 16:22:52,358 - INFO - __main__ - 
Position Update:
  Actual Position: (615, 105)
  Detected Position: (605, 115)
  Current Error: 14.14px
  Average Error: 14.10px
  Error Std Dev: 0.26px
  Tracking Duration: 13.8s
2024-10-27 16:22:52,391 - INFO - __main__ - 
Position Update:
  Actual Position: (620, 100)
  Detected Position: (610, 110)
  Current Error: 14.14px
  Average Error: 14.10px
  Error Std Dev: 0.26px
  Tracking Duration: 13.8s
2024-10-27 16:22:52,424 - INFO - __main__ - 
Position Update:
  Actual Position: (615, 95)
  Detected Position: (615, 105)
  Current Error: 10.00px
  Average Error: 13.97px
  Error Std Dev: 0.78px
  Tracking Duration: 13.9s
2024-10-27 16:22:52,492 - INFO - __main__ - 
Position Update:
  Actual Position: (605, 85)
  Detected Position: (615, 95)
  Current Error: 14.14px
  Average Error: 13.97px
  Error Std Dev: 0.78px
  Tracking Duration: 13.9s
2024-10-27 16:22:52,558 - INFO - __main__ - 
Position Update:
  Actual Position: (595, 75)
  Detected Position: (605, 85)
  Current Error: 14.14px
  Average Error: 13.96px
  Error Std Dev: 0.78px
  Tracking Duration: 14.0s
2024-10-27 16:22:52,624 - INFO - __main__ - 
Position Update:
  Actual Position: (585, 65)
  Detected Position: (595, 75)
  Current Error: 14.14px
  Average Error: 13.96px
  Error Std Dev: 0.78px
  Tracking Duration: 14.1s
2024-10-27 16:22:52,691 - INFO - __main__ - 
Position Update:
  Actual Position: (575, 55)
  Detected Position: (585, 65)
  Current Error: 14.14px
  Average Error: 13.96px
  Error Std Dev: 0.78px
  Tracking Duration: 14.1s
2024-10-27 16:22:52,758 - INFO - __main__ - 
Position Update:
  Actual Position: (565, 45)
  Detected Position: (575, 55)
  Current Error: 14.14px
  Average Error: 13.96px
  Error Std Dev: 0.78px
  Tracking Duration: 14.2s
2024-10-27 16:22:52,824 - INFO - __main__ - 
Position Update:
  Actual Position: (555, 35)
  Detected Position: (565, 45)
  Current Error: 14.14px
  Average Error: 13.96px
  Error Std Dev: 0.78px
  Tracking Duration: 14.3s
2024-10-27 16:22:52,858 - INFO - __main__ - 
Position Update:
  Actual Position: (550, 30)
  Detected Position: (560, 40)
  Current Error: 14.14px
  Average Error: 13.96px
  Error Std Dev: 0.78px
  Tracking Duration: 14.3s
2024-10-27 16:22:52,925 - INFO - __main__ - 
Position Update:
  Actual Position: (540, 20)
  Detected Position: (550, 31)
  Current Error: 14.87px
  Average Error: 13.99px
  Error Std Dev: 0.79px
  Tracking Duration: 14.4s
2024-10-27 16:22:52,992 - INFO - __main__ - 
Position Update:
  Actual Position: (530, 30)
  Detected Position: (539, 20)
  Current Error: 13.45px
  Average Error: 13.96px
  Error Std Dev: 0.80px
  Tracking Duration: 14.4s
2024-10-27 16:22:53,059 - INFO - __main__ - 
Position Update:
  Actual Position: (520, 40)
  Detected Position: (530, 31)
  Current Error: 13.45px
  Average Error: 13.94px
  Error Std Dev: 0.80px
  Tracking Duration: 14.5s
2024-10-27 16:22:53,125 - INFO - __main__ - 
Position Update:
  Actual Position: (510, 50)
  Detected Position: (520, 40)
  Current Error: 14.14px
  Average Error: 13.94px
  Error Std Dev: 0.80px
  Tracking Duration: 14.6s
2024-10-27 16:22:53,191 - INFO - __main__ - 
Position Update:
  Actual Position: (500, 60)
  Detected Position: (511, 50)
  Current Error: 14.87px
  Average Error: 13.96px
  Error Std Dev: 0.82px
  Tracking Duration: 14.6s
2024-10-27 16:22:53,258 - INFO - __main__ - 
Position Update:
  Actual Position: (490, 70)
  Detected Position: (500, 61)
  Current Error: 13.45px
  Average Error: 13.94px
  Error Std Dev: 0.82px
  Tracking Duration: 14.7s
2024-10-27 16:22:53,325 - INFO - __main__ - 
Position Update:
  Actual Position: (480, 80)
  Detected Position: (490, 70)
  Current Error: 14.14px
  Average Error: 13.94px
  Error Std Dev: 0.82px
  Tracking Duration: 14.8s
2024-10-27 16:22:53,392 - INFO - __main__ - 
Position Update:
  Actual Position: (470, 90)
  Detected Position: (481, 80)
  Current Error: 14.87px
  Average Error: 13.96px
  Error Std Dev: 0.84px
  Tracking Duration: 14.8s
2024-10-27 16:22:53,458 - INFO - __main__ - 
Position Update:
  Actual Position: (460, 100)
  Detected Position: (470, 89)
  Current Error: 14.87px
  Average Error: 13.99px
  Error Std Dev: 0.86px
  Tracking Duration: 14.9s
2024-10-27 16:22:53,490 - INFO - __main__ - 
Position Update:
  Actual Position: (455, 105)
  Detected Position: (465, 95)
  Current Error: 14.14px
  Average Error: 13.99px
  Error Std Dev: 0.86px
  Tracking Duration: 14.9s
2024-10-27 16:22:53,527 - INFO - __main__ - 
Position Update:
  Actual Position: (450, 110)
  Detected Position: (460, 100)
  Current Error: 14.14px
  Average Error: 13.99px
  Error Std Dev: 0.86px
  Tracking Duration: 15.0s
2024-10-27 16:22:53,561 - INFO - __main__ - 
Position Update:
  Actual Position: (445, 115)
  Detected Position: (455, 105)
  Current Error: 14.14px
  Average Error: 13.99px
  Error Std Dev: 0.86px
  Tracking Duration: 15.0s
2024-10-27 16:22:53,625 - INFO - __main__ - 
Position Update:
  Actual Position: (435, 125)
  Detected Position: (445, 115)
  Current Error: 14.14px
  Average Error: 13.99px
  Error Std Dev: 0.86px
  Tracking Duration: 15.1s
2024-10-27 16:22:53,693 - INFO - __main__ - 
Position Update:
  Actual Position: (425, 135)
  Detected Position: (435, 125)
  Current Error: 14.14px
  Average Error: 13.99px
  Error Std Dev: 0.86px
  Tracking Duration: 15.1s
2024-10-27 16:22:53,726 - INFO - __main__ - 
Position Update:
  Actual Position: (420, 140)
  Detected Position: (430, 130)
  Current Error: 14.14px
  Average Error: 13.99px
  Error Std Dev: 0.86px
  Tracking Duration: 15.2s
2024-10-27 16:22:53,791 - INFO - __main__ - 
Position Update:
  Actual Position: (410, 150)
  Detected Position: (419, 140)
  Current Error: 13.45px
  Average Error: 13.96px
  Error Std Dev: 0.86px
  Tracking Duration: 15.2s
2024-10-27 16:22:53,825 - INFO - __main__ - 
Position Update:
  Actual Position: (405, 155)
  Detected Position: (415, 145)
  Current Error: 14.14px
  Average Error: 13.96px
  Error Std Dev: 0.86px
  Tracking Duration: 15.3s
2024-10-27 16:22:53,892 - INFO - __main__ - 
Position Update:
  Actual Position: (395, 165)
  Detected Position: (405, 155)
  Current Error: 14.14px
  Average Error: 13.96px
  Error Std Dev: 0.86px
  Tracking Duration: 15.3s
2024-10-27 16:22:53,965 - INFO - __main__ - 
Position Update:
  Actual Position: (385, 175)
  Detected Position: (395, 165)
  Current Error: 14.14px
  Average Error: 13.96px
  Error Std Dev: 0.86px
  Tracking Duration: 15.4s
2024-10-27 16:22:53,995 - INFO - __main__ - 
Position Update:
  Actual Position: (380, 180)
  Detected Position: (391, 170)
  Current Error: 14.87px
  Average Error: 14.03px
  Error Std Dev: 0.84px
  Tracking Duration: 15.5s
2024-10-27 16:22:54,060 - INFO - __main__ - 
Position Update:
  Actual Position: (370, 190)
  Detected Position: (380, 181)
  Current Error: 13.45px
  Average Error: 14.01px
  Error Std Dev: 0.85px
  Tracking Duration: 15.5s
2024-10-27 16:22:54,124 - INFO - __main__ - 
Position Update:
  Actual Position: (360, 200)
  Detected Position: (370, 190)
  Current Error: 14.14px
  Average Error: 14.01px
  Error Std Dev: 0.85px
  Tracking Duration: 15.6s
2024-10-27 16:22:54,157 - INFO - __main__ - 
Position Update:
  Actual Position: (355, 205)
  Detected Position: (365, 195)
  Current Error: 14.14px
  Average Error: 14.15px
  Error Std Dev: 0.41px
  Tracking Duration: 15.6s
2024-10-27 16:22:54,191 - INFO - __main__ - 
Position Update:
  Actual Position: (350, 210)
  Detected Position: (361, 200)
  Current Error: 14.87px
  Average Error: 14.17px
  Error Std Dev: 0.43px
  Tracking Duration: 15.6s
2024-10-27 16:22:54,223 - INFO - __main__ - 
Position Update:
  Actual Position: (345, 215)
  Detected Position: (355, 205)
  Current Error: 14.14px
  Average Error: 14.17px
  Error Std Dev: 0.43px
  Tracking Duration: 15.7s
2024-10-27 16:22:54,256 - INFO - __main__ - 
Position Update:
  Actual Position: (340, 220)
  Detected Position: (350, 211)
  Current Error: 13.45px
  Average Error: 14.15px
  Error Std Dev: 0.45px
  Tracking Duration: 15.7s
2024-10-27 16:22:54,293 - INFO - __main__ - 
Position Update:
  Actual Position: (335, 225)
  Detected Position: (345, 215)
  Current Error: 14.14px
  Average Error: 14.15px
  Error Std Dev: 0.45px
  Tracking Duration: 15.7s
2024-10-27 16:22:54,359 - INFO - __main__ - 
Position Update:
  Actual Position: (325, 235)
  Detected Position: (335, 225)
  Current Error: 14.14px
  Average Error: 14.15px
  Error Std Dev: 0.45px
  Tracking Duration: 15.8s
2024-10-27 16:22:54,425 - INFO - __main__ - 
Position Update:
  Actual Position: (315, 245)
  Detected Position: (325, 235)
  Current Error: 14.14px
  Average Error: 14.15px
  Error Std Dev: 0.45px
  Tracking Duration: 15.9s
2024-10-27 16:22:54,492 - INFO - __main__ - 
Position Update:
  Actual Position: (305, 255)
  Detected Position: (315, 245)
  Current Error: 14.14px
  Average Error: 14.15px
  Error Std Dev: 0.45px
  Tracking Duration: 15.9s
2024-10-27 16:22:54,558 - INFO - __main__ - 
Position Update:
  Actual Position: (295, 265)
  Detected Position: (305, 255)
  Current Error: 14.14px
  Average Error: 14.13px
  Error Std Dev: 0.43px
  Tracking Duration: 16.0s
2024-10-27 16:22:54,625 - INFO - __main__ - 
Position Update:
  Actual Position: (285, 275)
  Detected Position: (295, 265)
  Current Error: 14.14px
  Average Error: 14.15px
  Error Std Dev: 0.41px
  Tracking Duration: 16.1s
2024-10-27 16:22:54,692 - INFO - __main__ - 
Position Update:
  Actual Position: (275, 285)
  Detected Position: (285, 275)
  Current Error: 14.14px
  Average Error: 14.17px
  Error Std Dev: 0.39px
  Tracking Duration: 16.1s
2024-10-27 16:22:54,758 - INFO - __main__ - 
Position Update:
  Actual Position: (265, 295)
  Detected Position: (275, 285)
  Current Error: 14.14px
  Average Error: 14.17px
  Error Std Dev: 0.39px
  Tracking Duration: 16.2s
2024-10-27 16:22:54,791 - INFO - __main__ - 
Position Update:
  Actual Position: (260, 300)
  Detected Position: (269, 290)
  Current Error: 13.45px
  Average Error: 14.12px
  Error Std Dev: 0.39px
  Tracking Duration: 16.2s
2024-10-27 16:22:54,858 - INFO - __main__ - 
Position Update:
  Actual Position: (250, 310)
  Detected Position: (260, 301)
  Current Error: 13.45px
  Average Error: 14.12px
  Error Std Dev: 0.39px
  Tracking Duration: 16.3s
2024-10-27 16:22:54,925 - INFO - __main__ - 
Position Update:
  Actual Position: (240, 320)
  Detected Position: (250, 310)
  Current Error: 14.14px
  Average Error: 14.12px
  Error Std Dev: 0.39px
  Tracking Duration: 16.4s
2024-10-27 16:22:54,991 - INFO - __main__ - 
Position Update:
  Actual Position: (230, 330)
  Detected Position: (241, 320)
  Current Error: 14.87px
  Average Error: 14.12px
  Error Std Dev: 0.39px
  Tracking Duration: 16.4s
2024-10-27 16:22:55,058 - INFO - __main__ - 
Position Update:
  Actual Position: (220, 340)
  Detected Position: (230, 329)
  Current Error: 14.87px
  Average Error: 14.12px
  Error Std Dev: 0.39px
  Tracking Duration: 16.5s
2024-10-27 16:22:55,125 - INFO - __main__ - 
Position Update:
  Actual Position: (210, 350)
  Detected Position: (220, 340)
  Current Error: 14.14px
  Average Error: 14.12px
  Error Std Dev: 0.39px
  Tracking Duration: 16.6s
2024-10-27 16:22:55,158 - INFO - __main__ - 
Position Update:
  Actual Position: (205, 355)
  Detected Position: (215, 345)
  Current Error: 14.14px
  Average Error: 14.12px
  Error Std Dev: 0.39px
  Tracking Duration: 16.6s
2024-10-27 16:22:55,225 - INFO - __main__ - 
Position Update:
  Actual Position: (195, 365)
  Detected Position: (205, 355)
  Current Error: 14.14px
  Average Error: 14.12px
  Error Std Dev: 0.39px
  Tracking Duration: 16.7s
2024-10-27 16:22:55,291 - INFO - __main__ - 
Position Update:
  Actual Position: (185, 375)
  Detected Position: (195, 365)
  Current Error: 14.14px
  Average Error: 14.12px
  Error Std Dev: 0.39px
  Tracking Duration: 16.7s
2024-10-27 16:22:55,324 - INFO - __main__ - 
Position Update:
  Actual Position: (180, 380)
  Detected Position: (190, 370)
  Current Error: 14.14px
  Average Error: 14.12px
  Error Std Dev: 0.39px
  Tracking Duration: 16.8s
2024-10-27 16:22:55,391 - INFO - __main__ - 
Position Update:
  Actual Position: (170, 390)
  Detected Position: (181, 380)
  Current Error: 14.87px
  Average Error: 14.15px
  Error Std Dev: 0.41px
  Tracking Duration: 16.8s
2024-10-27 16:22:55,459 - INFO - __main__ - 
Position Update:
  Actual Position: (160, 400)
  Detected Position: (170, 391)
  Current Error: 13.45px
  Average Error: 14.15px
  Error Std Dev: 0.41px
  Tracking Duration: 16.9s
2024-10-27 16:22:55,525 - INFO - __main__ - 
Position Update:
  Actual Position: (150, 410)
  Detected Position: (160, 400)
  Current Error: 14.14px
  Average Error: 14.15px
  Error Std Dev: 0.41px
  Tracking Duration: 17.0s
2024-10-27 16:22:55,591 - INFO - __main__ - 
Position Update:
  Actual Position: (140, 420)
  Detected Position: (151, 410)
  Current Error: 14.87px
  Average Error: 14.17px
  Error Std Dev: 0.43px
  Tracking Duration: 17.0s
2024-10-27 16:22:55,624 - INFO - __main__ - 
Position Update:
  Actual Position: (135, 425)
  Detected Position: (145, 415)
  Current Error: 14.14px
  Average Error: 14.17px
  Error Std Dev: 0.43px
  Tracking Duration: 17.1s
2024-10-27 16:22:55,657 - INFO - __main__ - 
Position Update:
  Actual Position: (130, 430)
  Detected Position: (140, 421)
  Current Error: 13.45px
  Average Error: 14.13px
  Error Std Dev: 0.43px
  Tracking Duration: 17.1s
2024-10-27 16:22:55,690 - INFO - __main__ - 
Position Update:
  Actual Position: (125, 435)
  Detected Position: (135, 425)
  Current Error: 14.14px
  Average Error: 14.15px
  Error Std Dev: 0.41px
  Tracking Duration: 17.1s
2024-10-27 16:22:55,724 - INFO - __main__ - 
Position Update:
  Actual Position: (120, 440)
  Detected Position: (130, 430)
  Current Error: 14.14px
  Average Error: 14.15px
  Error Std Dev: 0.41px
  Tracking Duration: 17.2s
2024-10-27 16:22:55,758 - INFO - __main__ - 
Position Update:
  Actual Position: (115, 445)
  Detected Position: (125, 435)
  Current Error: 14.14px
  Average Error: 14.15px
  Error Std Dev: 0.41px
  Tracking Duration: 17.2s
2024-10-27 16:22:55,791 - INFO - __main__ - 
Position Update:
  Actual Position: (110, 450)
  Detected Position: (121, 440)
  Current Error: 14.87px
  Average Error: 14.15px
  Error Std Dev: 0.41px
  Tracking Duration: 17.2s
2024-10-27 16:22:55,859 - INFO - __main__ - 
Position Update:
  Actual Position: (100, 460)
  Detected Position: (110, 451)
  Current Error: 13.45px
  Average Error: 14.13px
  Error Std Dev: 0.43px
  Tracking Duration: 17.3s
2024-10-27 16:22:55,925 - INFO - __main__ - 
Position Update:
  Actual Position: (90, 450)
  Detected Position: (100, 460)
  Current Error: 14.14px
  Average Error: 14.15px
  Error Std Dev: 0.41px
  Tracking Duration: 17.4s
2024-10-27 16:22:55,991 - INFO - __main__ - 
Position Update:
  Actual Position: (80, 440)
  Detected Position: (91, 451)
  Current Error: 15.56px
  Average Error: 14.20px
  Error Std Dev: 0.48px
  Tracking Duration: 17.4s
2024-10-27 16:22:56,058 - INFO - __main__ - 
Position Update:
  Actual Position: (70, 430)
  Detected Position: (80, 440)
  Current Error: 14.14px
  Average Error: 14.20px
  Error Std Dev: 0.48px
  Tracking Duration: 17.5s
2024-10-27 16:22:56,125 - INFO - __main__ - 
Position Update:
  Actual Position: (60, 420)
  Detected Position: (70, 430)
  Current Error: 14.14px
  Average Error: 14.20px
  Error Std Dev: 0.48px
  Tracking Duration: 17.6s
2024-10-27 16:22:56,192 - INFO - __main__ - 
Position Update:
  Actual Position: (50, 410)
  Detected Position: (61, 421)
  Current Error: 15.56px
  Average Error: 14.24px
  Error Std Dev: 0.54px
  Tracking Duration: 17.6s
2024-10-27 16:22:56,259 - INFO - __main__ - 
Position Update:
  Actual Position: (40, 400)
  Detected Position: (50, 410)
  Current Error: 14.14px
  Average Error: 14.24px
  Error Std Dev: 0.54px
  Tracking Duration: 17.7s
2024-10-27 16:22:56,325 - INFO - __main__ - 
Position Update:
  Actual Position: (30, 390)
  Detected Position: (40, 400)
  Current Error: 14.14px
  Average Error: 14.24px
  Error Std Dev: 0.54px
  Tracking Duration: 17.8s
2024-10-27 16:22:56,392 - INFO - __main__ - 
Position Update:
  Actual Position: (20, 380)
  Detected Position: (31, 391)
  Current Error: 15.56px
  Average Error: 14.29px
  Error Std Dev: 0.59px
  Tracking Duration: 17.8s
2024-10-27 16:22:56,458 - INFO - __main__ - 
Position Update:
  Actual Position: (30, 370)
  Detected Position: (20, 380)
  Current Error: 14.14px
  Average Error: 14.29px
  Error Std Dev: 0.59px
  Tracking Duration: 17.9s
2024-10-27 16:22:56,491 - INFO - __main__ - 
Position Update:
  Actual Position: (35, 365)
  Detected Position: (25, 375)
  Current Error: 14.14px
  Average Error: 14.31px
  Error Std Dev: 0.57px
  Tracking Duration: 17.9s
2024-10-27 16:22:56,559 - INFO - __main__ - 
Position Update:
  Actual Position: (45, 355)
  Detected Position: (35, 365)
  Current Error: 14.14px
  Average Error: 14.34px
  Error Std Dev: 0.55px
  Tracking Duration: 18.0s
2024-10-27 16:22:56,625 - INFO - __main__ - 
Position Update:
  Actual Position: (55, 345)
  Detected Position: (45, 355)
  Current Error: 14.14px
  Average Error: 14.34px
  Error Std Dev: 0.55px
  Tracking Duration: 18.1s
2024-10-27 16:22:56,691 - INFO - __main__ - 
Position Update:
  Actual Position: (65, 335)
  Detected Position: (55, 345)
  Current Error: 14.14px
  Average Error: 14.31px
  Error Std Dev: 0.54px
  Tracking Duration: 18.1s
2024-10-27 16:22:56,757 - INFO - __main__ - 
Position Update:
  Actual Position: (75, 325)
  Detected Position: (65, 335)
  Current Error: 14.14px
  Average Error: 14.29px
  Error Std Dev: 0.53px
  Tracking Duration: 18.2s
2024-10-27 16:22:56,793 - INFO - __main__ - 
Position Update:
  Actual Position: (80, 320)
  Detected Position: (70, 331)
  Current Error: 14.87px
  Average Error: 14.31px
  Error Std Dev: 0.54px
  Tracking Duration: 18.2s
2024-10-27 16:22:56,858 - INFO - __main__ - 
Position Update:
  Actual Position: (90, 310)
  Detected Position: (80, 320)
  Current Error: 14.14px
  Average Error: 14.31px
  Error Std Dev: 0.54px
  Tracking Duration: 18.3s
2024-10-27 16:22:56,924 - INFO - __main__ - 
Position Update:
  Actual Position: (100, 300)
  Detected Position: (91, 310)
  Current Error: 13.45px
  Average Error: 14.29px
  Error Std Dev: 0.56px
  Tracking Duration: 18.4s
2024-10-27 16:22:56,958 - INFO - __main__ - 
Position Update:
  Actual Position: (105, 295)
  Detected Position: (95, 305)
  Current Error: 14.14px
  Average Error: 14.29px
  Error Std Dev: 0.56px
  Tracking Duration: 18.4s
2024-10-27 16:22:56,991 - INFO - __main__ - 
Position Update:
  Actual Position: (110, 290)
  Detected Position: (100, 301)
  Current Error: 14.87px
  Average Error: 14.31px
  Error Std Dev: 0.57px
  Tracking Duration: 18.4s
2024-10-27 16:22:57,024 - INFO - __main__ - 
Position Update:
  Actual Position: (115, 285)
  Detected Position: (105, 295)
  Current Error: 14.14px
  Average Error: 14.29px
  Error Std Dev: 0.56px
  Tracking Duration: 18.5s
2024-10-27 16:22:57,091 - INFO - __main__ - 
Position Update:
  Actual Position: (125, 275)
  Detected Position: (115, 285)
  Current Error: 14.14px
  Average Error: 14.31px
  Error Std Dev: 0.54px
  Tracking Duration: 18.5s
2024-10-27 16:22:57,158 - INFO - __main__ - 
Position Update:
  Actual Position: (135, 265)
  Detected Position: (125, 275)
  Current Error: 14.14px
  Average Error: 14.31px
  Error Std Dev: 0.54px
  Tracking Duration: 18.6s
2024-10-27 16:22:57,225 - INFO - __main__ - 
Position Update:
  Actual Position: (145, 255)
  Detected Position: (135, 265)
  Current Error: 14.14px
  Average Error: 14.29px
  Error Std Dev: 0.53px
  Tracking Duration: 18.7s
2024-10-27 16:22:57,292 - INFO - __main__ - 
Position Update:
  Actual Position: (155, 245)
  Detected Position: (145, 255)
  Current Error: 14.14px
  Average Error: 14.29px
  Error Std Dev: 0.53px
  Tracking Duration: 18.7s
2024-10-27 16:22:57,358 - INFO - __main__ - 
Position Update:
  Actual Position: (165, 235)
  Detected Position: (155, 245)
  Current Error: 14.14px
  Average Error: 14.31px
  Error Std Dev: 0.51px
  Tracking Duration: 18.8s
2024-10-27 16:22:57,425 - INFO - __main__ - 
Position Update:
  Actual Position: (175, 225)
  Detected Position: (165, 235)
  Current Error: 14.14px
  Average Error: 14.31px
  Error Std Dev: 0.51px
  Tracking Duration: 18.9s
2024-10-27 16:22:57,492 - INFO - __main__ - 
Position Update:
  Actual Position: (185, 215)
  Detected Position: (175, 225)
  Current Error: 14.14px
  Average Error: 14.31px
  Error Std Dev: 0.51px
  Tracking Duration: 18.9s
2024-10-27 16:22:57,558 - INFO - __main__ - 
Position Update:
  Actual Position: (195, 205)
  Detected Position: (185, 215)
  Current Error: 14.14px
  Average Error: 14.31px
  Error Std Dev: 0.51px
  Tracking Duration: 19.0s
2024-10-27 16:22:57,625 - INFO - __main__ - 
Position Update:
  Actual Position: (205, 195)
  Detected Position: (195, 205)
  Current Error: 14.14px
  Average Error: 14.29px
  Error Std Dev: 0.50px
  Tracking Duration: 19.1s
2024-10-27 16:22:57,691 - INFO - __main__ - 
Position Update:
  Actual Position: (215, 185)
  Detected Position: (205, 195)
  Current Error: 14.14px
  Average Error: 14.31px
  Error Std Dev: 0.47px
  Tracking Duration: 19.1s
2024-10-27 16:22:57,724 - INFO - __main__ - 
Position Update:
  Actual Position: (220, 180)
  Detected Position: (211, 190)
  Current Error: 13.45px
  Average Error: 14.29px
  Error Std Dev: 0.50px
  Tracking Duration: 19.2s
2024-10-27 16:22:57,757 - INFO - __main__ - 
Position Update:
  Actual Position: (225, 175)
  Detected Position: (215, 185)
  Current Error: 14.14px
  Average Error: 14.24px
  Error Std Dev: 0.44px
  Tracking Duration: 19.2s
2024-10-27 16:22:57,791 - INFO - __main__ - 
Position Update:
  Actual Position: (230, 170)
  Detected Position: (220, 181)
  Current Error: 14.87px
  Average Error: 14.26px
  Error Std Dev: 0.45px
  Tracking Duration: 19.2s
2024-10-27 16:22:57,824 - INFO - __main__ - 
Position Update:
  Actual Position: (235, 165)
  Detected Position: (225, 175)
  Current Error: 14.14px
  Average Error: 14.26px
  Error Std Dev: 0.45px
  Tracking Duration: 19.3s
2024-10-27 16:22:57,857 - INFO - __main__ - 
Position Update:
  Actual Position: (240, 160)
  Detected Position: (230, 170)
  Current Error: 14.14px
  Average Error: 14.22px
  Error Std Dev: 0.38px
  Tracking Duration: 19.3s
2024-10-27 16:22:57,891 - INFO - __main__ - 
Position Update:
  Actual Position: (245, 155)
  Detected Position: (235, 165)
  Current Error: 14.14px
  Average Error: 14.22px
  Error Std Dev: 0.38px
  Tracking Duration: 19.3s
2024-10-27 16:22:57,924 - INFO - __main__ - 
Position Update:
  Actual Position: (250, 150)
  Detected Position: (241, 160)
  Current Error: 13.45px
  Average Error: 14.19px
  Error Std Dev: 0.40px
  Tracking Duration: 19.4s
2024-10-27 16:22:57,958 - INFO - __main__ - 
Position Update:
  Actual Position: (255, 145)
  Detected Position: (245, 155)
  Current Error: 14.14px
  Average Error: 14.15px
  Error Std Dev: 0.32px
  Tracking Duration: 19.4s
2024-10-27 16:22:57,991 - INFO - __main__ - 
Position Update:
  Actual Position: (260, 140)
  Detected Position: (250, 151)
  Current Error: 14.87px
  Average Error: 14.17px
  Error Std Dev: 0.34px
  Tracking Duration: 19.4s
2024-10-27 16:22:58,058 - INFO - __main__ - 
Position Update:
  Actual Position: (270, 130)
  Detected Position: (260, 140)
  Current Error: 14.14px
  Average Error: 14.17px
  Error Std Dev: 0.34px
  Tracking Duration: 19.5s
2024-10-27 16:22:58,125 - INFO - __main__ - 
Position Update:
  Actual Position: (280, 120)
  Detected Position: (271, 130)
  Current Error: 13.45px
  Average Error: 14.15px
  Error Std Dev: 0.36px
  Tracking Duration: 19.6s
2024-10-27 16:22:58,191 - INFO - __main__ - 
Position Update:
  Actual Position: (290, 110)
  Detected Position: (280, 121)
  Current Error: 14.87px
  Average Error: 14.17px
  Error Std Dev: 0.39px
  Tracking Duration: 19.6s
2024-10-27 16:22:58,258 - INFO - __main__ - 
Position Update:
  Actual Position: (300, 100)
  Detected Position: (290, 110)
  Current Error: 14.14px
  Average Error: 14.17px
  Error Std Dev: 0.39px
  Tracking Duration: 19.7s
2024-10-27 16:22:58,325 - INFO - __main__ - 
Position Update:
  Actual Position: (310, 90)
  Detected Position: (301, 100)
  Current Error: 13.45px
  Average Error: 14.15px
  Error Std Dev: 0.41px
  Tracking Duration: 19.8s
2024-10-27 16:22:58,391 - INFO - __main__ - 
Position Update:
  Actual Position: (320, 80)
  Detected Position: (310, 91)
  Current Error: 14.87px
  Average Error: 14.15px
  Error Std Dev: 0.41px
  Tracking Duration: 19.8s
2024-10-27 16:22:58,458 - INFO - __main__ - 
Position Update:
  Actual Position: (330, 70)
  Detected Position: (320, 80)
  Current Error: 14.14px
  Average Error: 14.15px
  Error Std Dev: 0.41px
  Tracking Duration: 19.9s
2024-10-27 16:22:58,489 - INFO - __main__ - 
Position Update:
  Actual Position: (335, 65)
  Detected Position: (325, 75)
  Current Error: 14.14px
  Average Error: 14.17px
  Error Std Dev: 0.39px
  Tracking Duration: 19.9s
2024-10-27 16:22:58,558 - INFO - __main__ - 
Position Update:
  Actual Position: (345, 55)
  Detected Position: (335, 65)
  Current Error: 14.14px
  Average Error: 14.17px
  Error Std Dev: 0.39px
  Tracking Duration: 20.0s
2024-10-27 16:22:58,625 - INFO - __main__ - 
Position Update:
  Actual Position: (355, 45)
  Detected Position: (345, 55)
  Current Error: 14.14px
  Average Error: 14.15px
  Error Std Dev: 0.36px
  Tracking Duration: 20.1s
2024-10-27 16:22:58,691 - INFO - __main__ - 
Position Update:
  Actual Position: (365, 35)
  Detected Position: (355, 45)
  Current Error: 14.14px
  Average Error: 14.15px
  Error Std Dev: 0.36px
  Tracking Duration: 20.1s
2024-10-27 16:22:58,758 - INFO - __main__ - 
Position Update:
  Actual Position: (375, 25)
  Detected Position: (365, 35)
  Current Error: 14.14px
  Average Error: 14.15px
  Error Std Dev: 0.36px
  Tracking Duration: 20.2s
2024-10-27 16:22:58,825 - INFO - __main__ - 
Position Update:
  Actual Position: (385, 25)
  Detected Position: (375, 25)
  Current Error: 10.00px
  Average Error: 14.01px
  Error Std Dev: 0.83px
  Tracking Duration: 20.3s
2024-10-27 16:22:58,891 - INFO - __main__ - 
Position Update:
  Actual Position: (395, 35)
  Detected Position: (385, 25)
  Current Error: 14.14px
  Average Error: 14.01px
  Error Std Dev: 0.83px
  Tracking Duration: 20.3s
2024-10-27 16:22:58,966 - INFO - __main__ - 
Position Update:
  Actual Position: (405, 45)
  Detected Position: (395, 35)
  Current Error: 14.14px
  Average Error: 14.01px
  Error Std Dev: 0.83px
  Tracking Duration: 20.4s
2024-10-27 16:22:58,995 - INFO - __main__ - 
Position Update:
  Actual Position: (410, 50)
  Detected Position: (400, 40)
  Current Error: 14.14px
  Average Error: 14.01px
  Error Std Dev: 0.83px
  Tracking Duration: 20.5s
2024-10-27 16:22:59,058 - INFO - __main__ - 
Position Update:
  Actual Position: (420, 60)
  Detected Position: (410, 50)
  Current Error: 14.14px
  Average Error: 14.01px
  Error Std Dev: 0.83px
  Tracking Duration: 20.5s
2024-10-27 16:22:59,125 - INFO - __main__ - 
Position Update:
  Actual Position: (430, 70)
  Detected Position: (419, 61)
  Current Error: 14.21px
  Average Error: 14.01px
  Error Std Dev: 0.83px
  Tracking Duration: 20.6s
2024-10-27 16:22:59,191 - INFO - __main__ - 
Position Update:
  Actual Position: (440, 80)
  Detected Position: (430, 70)
  Current Error: 14.14px
  Average Error: 14.01px
  Error Std Dev: 0.83px
  Tracking Duration: 20.6s
2024-10-27 16:22:59,258 - INFO - __main__ - 
Position Update:
  Actual Position: (450, 90)
  Detected Position: (440, 80)
  Current Error: 14.14px
  Average Error: 14.01px
  Error Std Dev: 0.83px
  Tracking Duration: 20.7s
2024-10-27 16:22:59,291 - INFO - __main__ - 
Position Update:
  Actual Position: (455, 95)
  Detected Position: (445, 85)
  Current Error: 14.14px
  Average Error: 14.01px
  Error Std Dev: 0.83px
  Tracking Duration: 20.7s
2024-10-27 16:22:59,358 - INFO - __main__ - 
Position Update:
  Actual Position: (465, 105)
  Detected Position: (455, 95)
  Current Error: 14.14px
  Average Error: 14.03px
  Error Std Dev: 0.82px
  Tracking Duration: 20.8s
2024-10-27 16:22:59,425 - INFO - __main__ - 
Position Update:
  Actual Position: (475, 115)
  Detected Position: (465, 105)
  Current Error: 14.14px
  Average Error: 14.03px
  Error Std Dev: 0.82px
  Tracking Duration: 20.9s
2024-10-27 16:22:59,492 - INFO - __main__ - 
Position Update:
  Actual Position: (485, 125)
  Detected Position: (475, 115)
  Current Error: 14.14px
  Average Error: 14.01px
  Error Std Dev: 0.81px
  Tracking Duration: 20.9s
2024-10-27 16:22:59,558 - INFO - __main__ - 
Position Update:
  Actual Position: (495, 135)
  Detected Position: (485, 125)
  Current Error: 14.14px
  Average Error: 14.01px
  Error Std Dev: 0.81px
  Tracking Duration: 21.0s
2024-10-27 16:22:59,625 - INFO - __main__ - 
Position Update:
  Actual Position: (505, 145)
  Detected Position: (495, 135)
  Current Error: 14.14px
  Average Error: 14.01px
  Error Std Dev: 0.81px
  Tracking Duration: 21.1s
2024-10-27 16:22:59,692 - INFO - __main__ - 
Position Update:
  Actual Position: (515, 155)
  Detected Position: (505, 145)
  Current Error: 14.14px
  Average Error: 14.01px
  Error Std Dev: 0.81px
  Tracking Duration: 21.1s
2024-10-27 16:22:59,758 - INFO - __main__ - 
Position Update:
  Actual Position: (525, 165)
  Detected Position: (515, 155)
  Current Error: 14.14px
  Average Error: 14.03px
  Error Std Dev: 0.80px
  Tracking Duration: 21.2s
2024-10-27 16:22:59,824 - INFO - __main__ - 
Position Update:
  Actual Position: (535, 175)
  Detected Position: (525, 165)
  Current Error: 14.14px
  Average Error: 14.03px
  Error Std Dev: 0.80px
  Tracking Duration: 21.3s
2024-10-27 16:22:59,891 - INFO - __main__ - 
Position Update:
  Actual Position: (545, 185)
  Detected Position: (535, 175)
  Current Error: 14.14px
  Average Error: 14.01px
  Error Std Dev: 0.79px
  Tracking Duration: 21.3s
2024-10-27 16:22:59,958 - INFO - __main__ - 
Position Update:
  Actual Position: (555, 195)
  Detected Position: (545, 185)
  Current Error: 14.14px
  Average Error: 14.01px
  Error Std Dev: 0.79px
  Tracking Duration: 21.4s
2024-10-27 16:23:00,025 - INFO - __main__ - 
Position Update:
  Actual Position: (565, 205)
  Detected Position: (555, 195)
  Current Error: 14.14px
  Average Error: 14.03px
  Error Std Dev: 0.78px
  Tracking Duration: 21.5s
2024-10-27 16:23:00,058 - INFO - __main__ - 
Position Update:
  Actual Position: (570, 210)
  Detected Position: (560, 200)
  Current Error: 14.14px
  Average Error: 14.01px
  Error Std Dev: 0.77px
  Tracking Duration: 21.5s
2024-10-27 16:23:00,125 - INFO - __main__ - 
Position Update:
  Actual Position: (580, 220)
  Detected Position: (569, 211)
  Current Error: 14.21px
  Average Error: 14.01px
  Error Std Dev: 0.77px
  Tracking Duration: 21.6s
2024-10-27 16:23:00,191 - INFO - __main__ - 
Position Update:
  Actual Position: (590, 230)
  Detected Position: (580, 220)
  Current Error: 14.14px
  Average Error: 14.03px
  Error Std Dev: 0.76px
  Tracking Duration: 21.6s
2024-10-27 16:23:00,258 - INFO - __main__ - 
Position Update:
  Actual Position: (600, 240)
  Detected Position: (590, 230)
  Current Error: 14.14px
  Average Error: 14.01px
  Error Std Dev: 0.74px
  Tracking Duration: 21.7s
2024-10-27 16:23:00,325 - INFO - __main__ - 
Position Update:
  Actual Position: (610, 250)
  Detected Position: (601, 241)
  Current Error: 12.73px
  Average Error: 13.96px
  Error Std Dev: 0.78px
  Tracking Duration: 21.8s
2024-10-27 16:23:00,358 - INFO - __main__ - 
Position Update:
  Actual Position: (615, 255)
  Detected Position: (605, 245)
  Current Error: 14.14px
  Average Error: 13.96px
  Error Std Dev: 0.78px
  Tracking Duration: 21.8s
2024-10-27 16:23:00,425 - INFO - __main__ - 
Position Update:
  Actual Position: (615, 265)
  Detected Position: (615, 255)
  Current Error: 10.00px
  Average Error: 13.82px
  Error Std Dev: 1.05px
  Tracking Duration: 21.9s
2024-10-27 16:23:00,492 - INFO - __main__ - 
Position Update:
  Actual Position: (605, 275)
  Detected Position: (615, 265)
  Current Error: 14.14px
  Average Error: 13.82px
  Error Std Dev: 1.05px
  Tracking Duration: 21.9s
2024-10-27 16:23:00,558 - INFO - __main__ - 
Position Update:
  Actual Position: (595, 285)
  Detected Position: (605, 275)
  Current Error: 14.14px
  Average Error: 13.82px
  Error Std Dev: 1.05px
  Tracking Duration: 22.0s
2024-10-27 16:23:00,624 - INFO - __main__ - 
Position Update:
  Actual Position: (585, 295)
  Detected Position: (595, 285)
  Current Error: 14.14px
  Average Error: 13.82px
  Error Std Dev: 1.05px
  Tracking Duration: 22.1s
2024-10-27 16:23:00,691 - INFO - __main__ - 
Position Update:
  Actual Position: (575, 305)
  Detected Position: (585, 295)
  Current Error: 14.14px
  Average Error: 13.96px
  Error Std Dev: 0.78px
  Tracking Duration: 22.1s
2024-10-27 16:23:00,723 - INFO - __main__ - 
Position Update:
  Actual Position: (570, 310)
  Detected Position: (580, 299)
  Current Error: 14.87px
  Average Error: 13.99px
  Error Std Dev: 0.79px
  Tracking Duration: 22.2s
2024-10-27 16:23:00,757 - INFO - __main__ - 
Position Update:
  Actual Position: (565, 315)
  Detected Position: (575, 305)
  Current Error: 14.14px
  Average Error: 13.99px
  Error Std Dev: 0.79px
  Tracking Duration: 22.2s
2024-10-27 16:23:00,791 - INFO - __main__ - 
Position Update:
  Actual Position: (560, 320)
  Detected Position: (571, 310)
  Current Error: 14.87px
  Average Error: 14.01px
  Error Std Dev: 0.81px
  Tracking Duration: 22.2s
2024-10-27 16:23:00,824 - INFO - __main__ - 
Position Update:
  Actual Position: (555, 325)
  Detected Position: (565, 315)
  Current Error: 14.14px
  Average Error: 14.01px
  Error Std Dev: 0.81px
  Tracking Duration: 22.3s
2024-10-27 16:23:00,857 - INFO - __main__ - 
Position Update:
  Actual Position: (550, 330)
  Detected Position: (560, 320)
  Current Error: 14.14px
  Average Error: 14.01px
  Error Std Dev: 0.81px
  Tracking Duration: 22.3s
2024-10-27 16:23:00,891 - INFO - __main__ - 
Position Update:
  Actual Position: (545, 335)
  Detected Position: (555, 325)
  Current Error: 14.14px
  Average Error: 14.01px
  Error Std Dev: 0.81px
  Tracking Duration: 22.3s
2024-10-27 16:23:00,958 - INFO - __main__ - 
Position Update:
  Actual Position: (535, 345)
  Detected Position: (545, 335)
  Current Error: 14.14px
  Average Error: 14.01px
  Error Std Dev: 0.81px
  Tracking Duration: 22.4s
2024-10-27 16:23:01,025 - INFO - __main__ - 
Position Update:
  Actual Position: (525, 355)
  Detected Position: (535, 345)
  Current Error: 14.14px
  Average Error: 14.01px
  Error Std Dev: 0.81px
  Tracking Duration: 22.5s
2024-10-27 16:23:01,091 - INFO - __main__ - 
Position Update:
  Actual Position: (515, 365)
  Detected Position: (525, 355)
  Current Error: 14.14px
  Average Error: 14.01px
  Error Std Dev: 0.81px
  Tracking Duration: 22.5s
2024-10-27 16:23:01,158 - INFO - __main__ - 
Position Update:
  Actual Position: (505, 375)
  Detected Position: (515, 365)
  Current Error: 14.14px
  Average Error: 14.01px
  Error Std Dev: 0.81px
  Tracking Duration: 22.6s
2024-10-27 16:23:01,191 - INFO - __main__ - 
Position Update:
  Actual Position: (500, 380)
  Detected Position: (509, 370)
  Current Error: 13.45px
  Average Error: 13.98px
  Error Std Dev: 0.82px
  Tracking Duration: 22.6s
2024-10-27 16:23:01,258 - INFO - __main__ - 
Position Update:
  Actual Position: (490, 390)
  Detected Position: (500, 380)
  Current Error: 14.14px
  Average Error: 13.98px
  Error Std Dev: 0.82px
  Tracking Duration: 22.7s
2024-10-27 16:23:01,325 - INFO - __main__ - 
Position Update:
  Actual Position: (480, 400)
  Detected Position: (490, 389)
  Current Error: 14.87px
  Average Error: 14.01px
  Error Std Dev: 0.83px
  Tracking Duration: 22.8s
2024-10-27 16:23:01,391 - INFO - __main__ - 
Position Update:
  Actual Position: (470, 410)
  Detected Position: (481, 400)
  Current Error: 14.87px
  Average Error: 14.03px
  Error Std Dev: 0.84px
  Tracking Duration: 22.8s
2024-10-27 16:23:01,424 - INFO - __main__ - 
Position Update:
  Actual Position: (465, 415)
  Detected Position: (475, 405)
  Current Error: 14.14px
  Average Error: 14.03px
  Error Std Dev: 0.84px
  Tracking Duration: 22.9s
2024-10-27 16:23:01,491 - INFO - __main__ - 
Position Update:
  Actual Position: (455, 425)
  Detected Position: (465, 415)
  Current Error: 14.14px
  Average Error: 14.03px
  Error Std Dev: 0.84px
  Tracking Duration: 22.9s
2024-10-27 16:23:01,524 - INFO - __main__ - 
Position Update:
  Actual Position: (450, 430)
  Detected Position: (460, 421)
  Current Error: 13.45px
  Average Error: 14.01px
  Error Std Dev: 0.85px
  Tracking Duration: 23.0s
2024-10-27 16:23:01,591 - INFO - __main__ - 
Position Update:
  Actual Position: (440, 440)
  Detected Position: (451, 430)
  Current Error: 14.87px
  Average Error: 14.03px
  Error Std Dev: 0.86px
  Tracking Duration: 23.0s
2024-10-27 16:23:01,624 - INFO - __main__ - 
Position Update:
  Actual Position: (435, 445)
  Detected Position: (445, 435)
  Current Error: 14.14px
  Average Error: 14.03px
  Error Std Dev: 0.86px
  Tracking Duration: 23.1s
2024-10-27 16:23:01,657 - INFO - __main__ - 
Position Update:
  Actual Position: (430, 450)
  Detected Position: (440, 440)
  Current Error: 14.14px
  Average Error: 14.03px
  Error Std Dev: 0.86px
  Tracking Duration: 23.1s
2024-10-27 16:23:01,691 - INFO - __main__ - 
Position Update:
  Actual Position: (425, 455)
  Detected Position: (435, 445)
  Current Error: 14.14px
  Average Error: 14.03px
  Error Std Dev: 0.86px
  Tracking Duration: 23.1s
2024-10-27 16:23:01,758 - INFO - __main__ - 
Position Update:
  Actual Position: (415, 455)
  Detected Position: (425, 455)
  Current Error: 10.00px
  Average Error: 13.89px
  Error Std Dev: 1.13px
  Tracking Duration: 23.2s
2024-10-27 16:23:01,824 - INFO - __main__ - 
Position Update:
  Actual Position: (405, 445)
  Detected Position: (415, 455)
  Current Error: 14.14px
  Average Error: 13.89px
  Error Std Dev: 1.13px
  Tracking Duration: 23.3s
2024-10-27 16:23:01,858 - INFO - __main__ - 
Position Update:
  Actual Position: (400, 440)
  Detected Position: (410, 451)
  Current Error: 14.87px
  Average Error: 13.96px
  Error Std Dev: 1.12px
  Tracking Duration: 23.3s
2024-10-27 16:23:01,924 - INFO - __main__ - 
Position Update:
  Actual Position: (390, 430)
  Detected Position: (400, 440)
  Current Error: 14.14px
  Average Error: 13.96px
  Error Std Dev: 1.12px
  Tracking Duration: 23.4s
2024-10-27 16:23:01,958 - INFO - __main__ - 
Position Update:
  Actual Position: (385, 425)
  Detected Position: (395, 435)
  Current Error: 14.14px
  Average Error: 14.10px
  Error Std Dev: 0.84px
  Tracking Duration: 23.4s
2024-10-27 16:23:01,991 - INFO - __main__ - 
Position Update:
  Actual Position: (380, 420)
  Detected Position: (391, 430)
  Current Error: 14.87px
  Average Error: 14.13px
  Error Std Dev: 0.85px
  Tracking Duration: 23.4s
2024-10-27 16:23:02,024 - INFO - __main__ - 
Position Update:
  Actual Position: (375, 415)
  Detected Position: (385, 425)
  Current Error: 14.14px
  Average Error: 14.13px
  Error Std Dev: 0.85px
  Tracking Duration: 23.5s
2024-10-27 16:23:02,092 - INFO - __main__ - 
Position Update:
  Actual Position: (365, 405)
  Detected Position: (375, 415)
  Current Error: 14.14px
  Average Error: 14.13px
  Error Std Dev: 0.85px
  Tracking Duration: 23.5s
2024-10-27 16:23:02,158 - INFO - __main__ - 
Position Update:
  Actual Position: (355, 395)
  Detected Position: (365, 405)
  Current Error: 14.14px
  Average Error: 14.13px
  Error Std Dev: 0.85px
  Tracking Duration: 23.6s
2024-10-27 16:23:02,224 - INFO - __main__ - 
Position Update:
  Actual Position: (345, 385)
  Detected Position: (355, 395)
  Current Error: 14.14px
  Average Error: 14.10px
  Error Std Dev: 0.84px
  Tracking Duration: 23.7s
2024-10-27 16:23:02,257 - INFO - __main__ - 
Position Update:
  Actual Position: (340, 380)
  Detected Position: (350, 391)
  Current Error: 14.87px
  Average Error: 14.13px
  Error Std Dev: 0.85px
  Tracking Duration: 23.7s
2024-10-27 16:23:02,325 - INFO - __main__ - 
Position Update:
  Actual Position: (330, 370)
  Detected Position: (340, 380)
  Current Error: 14.14px
  Average Error: 14.10px
  Error Std Dev: 0.84px
  Tracking Duration: 23.8s
2024-10-27 16:23:02,392 - INFO - __main__ - 
Position Update:
  Actual Position: (320, 360)
  Detected Position: (329, 370)
  Current Error: 13.45px
  Average Error: 14.08px
  Error Std Dev: 0.85px
  Tracking Duration: 23.8s
2024-10-27 16:23:02,458 - INFO - __main__ - 
Position Update:
  Actual Position: (310, 350)
  Detected Position: (320, 361)
  Current Error: 14.87px
  Average Error: 14.10px
  Error Std Dev: 0.86px
  Tracking Duration: 23.9s
2024-10-27 16:23:02,524 - INFO - __main__ - 
Position Update:
  Actual Position: (300, 340)
  Detected Position: (310, 350)
  Current Error: 14.14px
  Average Error: 14.10px
  Error Std Dev: 0.86px
  Tracking Duration: 24.0s
2024-10-27 16:23:02,557 - INFO - __main__ - 
Position Update:
  Actual Position: (295, 335)
  Detected Position: (305, 345)
  Current Error: 14.14px
  Average Error: 14.10px
  Error Std Dev: 0.86px
  Tracking Duration: 24.0s
2024-10-27 16:23:02,591 - INFO - __main__ - 
Position Update:
  Actual Position: (290, 330)
  Detected Position: (301, 340)
  Current Error: 14.87px
  Average Error: 14.13px
  Error Std Dev: 0.87px
  Tracking Duration: 24.0s
2024-10-27 16:23:02,624 - INFO - __main__ - 
Position Update:
  Actual Position: (285, 325)
  Detected Position: (295, 335)
  Current Error: 14.14px
  Average Error: 14.13px
  Error Std Dev: 0.87px
  Tracking Duration: 24.1s
2024-10-27 16:23:02,657 - INFO - __main__ - 
Position Update:
  Actual Position: (280, 320)
  Detected Position: (290, 331)
  Current Error: 14.87px
  Average Error: 14.15px
  Error Std Dev: 0.88px
  Tracking Duration: 24.1s
2024-10-27 16:23:02,690 - INFO - __main__ - 
Position Update:
  Actual Position: (275, 315)
  Detected Position: (285, 325)
  Current Error: 14.14px
  Average Error: 14.18px
  Error Std Dev: 0.87px
  Tracking Duration: 24.1s
2024-10-27 16:23:02,724 - INFO - __main__ - 
Position Update:
  Actual Position: (270, 310)
  Detected Position: (280, 320)
  Current Error: 14.14px
  Average Error: 14.18px
  Error Std Dev: 0.87px
  Tracking Duration: 24.2s
2024-10-27 16:23:02,757 - INFO - __main__ - 
Position Update:
  Actual Position: (265, 305)
  Detected Position: (275, 315)
  Current Error: 14.14px
  Average Error: 14.15px
  Error Std Dev: 0.86px
  Tracking Duration: 24.2s
2024-10-27 16:23:02,791 - INFO - __main__ - 
Position Update:
  Actual Position: (260, 300)
  Detected Position: (271, 310)
  Current Error: 14.87px
  Average Error: 14.15px
  Error Std Dev: 0.86px
  Tracking Duration: 24.2s
2024-10-27 16:23:02,858 - INFO - __main__ - 
Position Update:
  Actual Position: (250, 290)
  Detected Position: (260, 301)
  Current Error: 14.87px
  Average Error: 14.18px
  Error Std Dev: 0.87px
  Tracking Duration: 24.3s
2024-10-27 16:23:02,925 - INFO - __main__ - 
Position Update:
  Actual Position: (240, 280)
  Detected Position: (250, 290)
  Current Error: 14.14px
  Average Error: 14.18px
  Error Std Dev: 0.87px
  Tracking Duration: 24.4s
2024-10-27 16:23:02,991 - INFO - __main__ - 
Position Update:
  Actual Position: (230, 270)
  Detected Position: (241, 280)
  Current Error: 14.87px
  Average Error: 14.22px
  Error Std Dev: 0.87px
  Tracking Duration: 24.4s
2024-10-27 16:23:03,058 - INFO - __main__ - 
Position Update:
  Actual Position: (220, 260)
  Detected Position: (230, 271)
  Current Error: 14.87px
  Average Error: 14.22px
  Error Std Dev: 0.87px
  Tracking Duration: 24.5s
2024-10-27 16:23:03,125 - INFO - __main__ - 
Position Update:
  Actual Position: (210, 250)
  Detected Position: (220, 260)
  Current Error: 14.14px
  Average Error: 14.22px
  Error Std Dev: 0.87px
  Tracking Duration: 24.6s
2024-10-27 16:23:03,191 - INFO - __main__ - 
Position Update:
  Actual Position: (200, 240)
  Detected Position: (211, 250)
  Current Error: 14.87px
  Average Error: 14.25px
  Error Std Dev: 0.88px
  Tracking Duration: 24.6s
2024-10-27 16:23:03,257 - INFO - __main__ - 
Position Update:
  Actual Position: (190, 230)
  Detected Position: (200, 241)
  Current Error: 14.87px
  Average Error: 14.27px
  Error Std Dev: 0.88px
  Tracking Duration: 24.7s
2024-10-27 16:23:03,291 - INFO - __main__ - 
Position Update:
  Actual Position: (185, 225)
  Detected Position: (195, 235)
  Current Error: 14.14px
  Average Error: 14.41px
  Error Std Dev: 0.39px
  Tracking Duration: 24.7s
2024-10-27 16:23:03,324 - INFO - __main__ - 
Position Update:
  Actual Position: (180, 220)
  Detected Position: (190, 230)
  Current Error: 14.14px
  Average Error: 14.41px
  Error Std Dev: 0.39px
  Tracking Duration: 24.8s
2024-10-27 16:23:03,358 - INFO - __main__ - 
Position Update:
  Actual Position: (175, 215)
  Detected Position: (185, 225)
  Current Error: 14.14px
  Average Error: 14.38px
  Error Std Dev: 0.39px
  Tracking Duration: 24.8s
2024-10-27 16:23:03,425 - INFO - __main__ - 
Position Update:
  Actual Position: (165, 205)
  Detected Position: (175, 215)
  Current Error: 14.14px
  Average Error: 14.38px
  Error Std Dev: 0.39px
  Tracking Duration: 24.9s
2024-10-27 16:23:03,458 - INFO - __main__ - 
Position Update:
  Actual Position: (160, 200)
  Detected Position: (170, 209)
  Current Error: 13.45px
  Average Error: 14.36px
  Error Std Dev: 0.42px
  Tracking Duration: 24.9s
2024-10-27 16:23:03,513 - INFO - __main__ - 
Position Update:
  Actual Position: (150, 190)
  Detected Position: (165, 205)
  Current Error: 21.21px
  Average Error: 14.57px
  Error Std Dev: 1.30px
  Tracking Duration: 25.0s
2024-10-27 16:23:03,579 - INFO - __main__ - 
Position Update:
  Actual Position: (140, 180)
  Detected Position: (155, 195)
  Current Error: 21.21px
  Average Error: 14.81px
  Error Std Dev: 1.76px
  Tracking Duration: 25.0s
2024-10-27 16:23:03,624 - INFO - __main__ - 
Position Update:
  Actual Position: (135, 175)
  Detected Position: (145, 185)
  Current Error: 14.14px
  Average Error: 14.81px
  Error Std Dev: 1.76px
  Tracking Duration: 25.1s
2024-10-27 16:23:03,657 - INFO - __main__ - 
Position Update:
  Actual Position: (130, 170)
  Detected Position: (140, 181)
  Current Error: 14.87px
  Average Error: 14.83px
  Error Std Dev: 1.75px
  Tracking Duration: 25.1s
2024-10-27 16:23:03,724 - INFO - __main__ - 
Position Update:
  Actual Position: (120, 160)
  Detected Position: (130, 170)
  Current Error: 14.14px
  Average Error: 14.83px
  Error Std Dev: 1.75px
  Tracking Duration: 25.2s
2024-10-27 16:23:03,791 - INFO - __main__ - 
Position Update:
  Actual Position: (110, 150)
  Detected Position: (121, 160)
  Current Error: 14.87px
  Average Error: 14.83px
  Error Std Dev: 1.75px
  Tracking Duration: 25.2s
2024-10-27 16:23:03,858 - INFO - __main__ - 
Position Update:
  Actual Position: (100, 140)
  Detected Position: (110, 149)
  Current Error: 13.45px
  Average Error: 14.81px
  Error Std Dev: 1.77px
  Tracking Duration: 25.3s
2024-10-27 16:23:03,925 - INFO - __main__ - 
Position Update:
  Actual Position: (90, 130)
  Detected Position: (100, 140)
  Current Error: 14.14px
  Average Error: 14.83px
  Error Std Dev: 1.75px
  Tracking Duration: 25.4s
2024-10-27 16:23:04,000 - INFO - __main__ - 
Position Update:
  Actual Position: (80, 120)
  Detected Position: (91, 130)
  Current Error: 14.87px
  Average Error: 14.83px
  Error Std Dev: 1.75px
  Tracking Duration: 25.5s
2024-10-27 16:23:04,029 - INFO - __main__ - 
Position Update:
  Actual Position: (75, 115)
  Detected Position: (85, 125)
  Current Error: 14.14px
  Average Error: 14.83px
  Error Std Dev: 1.75px
  Tracking Duration: 25.5s
2024-10-27 16:23:04,091 - INFO - __main__ - 
Position Update:
  Actual Position: (65, 105)
  Detected Position: (75, 115)
  Current Error: 14.14px
  Average Error: 14.83px
  Error Std Dev: 1.75px
  Tracking Duration: 25.5s
2024-10-27 16:23:04,158 - INFO - __main__ - 
Position Update:
  Actual Position: (55, 95)
  Detected Position: (65, 105)
  Current Error: 14.14px
  Average Error: 14.81px
  Error Std Dev: 1.76px
  Tracking Duration: 25.6s
2024-10-27 16:23:04,226 - INFO - __main__ - 
Position Update:
  Actual Position: (45, 85)
  Detected Position: (55, 95)
  Current Error: 14.14px
  Average Error: 14.81px
  Error Std Dev: 1.76px
  Tracking Duration: 25.7s
2024-10-27 16:23:04,291 - INFO - __main__ - 
Position Update:
  Actual Position: (35, 75)
  Detected Position: (45, 85)
  Current Error: 14.14px
  Average Error: 14.78px
  Error Std Dev: 1.76px
  Tracking Duration: 25.7s
2024-10-27 16:23:04,324 - INFO - __main__ - 
Position Update:
  Actual Position: (30, 70)
  Detected Position: (40, 80)
  Current Error: 14.14px
  Average Error: 14.78px
  Error Std Dev: 1.76px
  Tracking Duration: 25.8s
2024-10-27 16:23:04,357 - INFO - __main__ - 
Position Update:
  Actual Position: (25, 65)
  Detected Position: (35, 75)
  Current Error: 14.14px
  Average Error: 14.78px
  Error Std Dev: 1.76px
  Tracking Duration: 25.8s
2024-10-27 16:23:04,390 - INFO - __main__ - 
Position Update:
  Actual Position: (20, 60)
  Detected Position: (29, 70)
  Current Error: 13.45px
  Average Error: 14.76px
  Error Std Dev: 1.78px
  Tracking Duration: 25.8s
2024-10-27 16:23:04,424 - INFO - __main__ - 
Position Update:
  Actual Position: (25, 55)
  Detected Position: (25, 65)
  Current Error: 10.00px
  Average Error: 14.60px
  Error Std Dev: 1.97px
  Tracking Duration: 25.9s
2024-10-27 16:23:04,492 - INFO - __main__ - 
Position Update:
  Actual Position: (35, 45)
  Detected Position: (25, 55)
  Current Error: 14.14px
  Average Error: 14.58px
  Error Std Dev: 1.97px
  Tracking Duration: 25.9s
2024-10-27 16:23:04,558 - INFO - __main__ - 
Position Update:
  Actual Position: (45, 35)
  Detected Position: (35, 45)
  Current Error: 14.14px
  Average Error: 14.58px
  Error Std Dev: 1.97px
  Tracking Duration: 26.0s
2024-10-27 16:23:04,625 - INFO - __main__ - 
Position Update:
  Actual Position: (55, 25)
  Detected Position: (45, 35)
  Current Error: 14.14px
  Average Error: 14.55px
  Error Std Dev: 1.97px
  Tracking Duration: 26.1s
2024-10-27 16:23:04,690 - INFO - __main__ - 
Position Update:
  Actual Position: (65, 25)
  Detected Position: (55, 25)
  Current Error: 10.00px
  Average Error: 14.39px
  Error Std Dev: 2.13px
  Tracking Duration: 26.1s
2024-10-27 16:23:04,724 - INFO - __main__ - 
Position Update:
  Actual Position: (70, 30)
  Detected Position: (61, 20)
  Current Error: 13.45px
  Average Error: 14.37px
  Error Std Dev: 2.14px
  Tracking Duration: 26.2s
2024-10-27 16:23:04,757 - INFO - __main__ - 
Position Update:
  Actual Position: (75, 35)
  Detected Position: (65, 25)
  Current Error: 14.14px
  Average Error: 14.34px
  Error Std Dev: 2.14px
  Tracking Duration: 26.2s
2024-10-27 16:23:04,825 - INFO - __main__ - 
Position Update:
  Actual Position: (85, 45)
  Detected Position: (75, 35)
  Current Error: 14.14px
  Average Error: 14.32px
  Error Std Dev: 2.14px
  Tracking Duration: 26.3s
2024-10-27 16:23:04,892 - INFO - __main__ - 
Position Update:
  Actual Position: (95, 55)
  Detected Position: (85, 45)
  Current Error: 14.14px
  Average Error: 14.32px
  Error Std Dev: 2.14px
  Tracking Duration: 26.3s
2024-10-27 16:23:04,958 - INFO - __main__ - 
Position Update:
  Actual Position: (105, 65)
  Detected Position: (95, 55)
  Current Error: 14.14px
  Average Error: 14.32px
  Error Std Dev: 2.14px
  Tracking Duration: 26.4s
2024-10-27 16:23:05,025 - INFO - __main__ - 
Position Update:
  Actual Position: (115, 75)
  Detected Position: (105, 65)
  Current Error: 14.14px
  Average Error: 14.32px
  Error Std Dev: 2.14px
  Tracking Duration: 26.5s
2024-10-27 16:23:05,091 - INFO - __main__ - 
Position Update:
  Actual Position: (125, 85)
  Detected Position: (115, 75)
  Current Error: 14.14px
  Average Error: 14.32px
  Error Std Dev: 2.14px
  Tracking Duration: 26.5s
2024-10-27 16:23:05,158 - INFO - __main__ - 
Position Update:
  Actual Position: (135, 95)
  Detected Position: (125, 85)
  Current Error: 14.14px
  Average Error: 14.34px
  Error Std Dev: 2.13px
  Tracking Duration: 26.6s
2024-10-27 16:23:05,224 - INFO - __main__ - 
Position Update:
  Actual Position: (145, 105)
  Detected Position: (135, 95)
  Current Error: 14.14px
  Average Error: 14.11px
  Error Std Dev: 1.71px
  Tracking Duration: 26.7s
2024-10-27 16:23:05,292 - INFO - __main__ - 
Position Update:
  Actual Position: (155, 115)
  Detected Position: (145, 105)
  Current Error: 14.14px
  Average Error: 13.87px
  Error Std Dev: 1.08px
  Tracking Duration: 26.7s
2024-10-27 16:23:05,357 - INFO - __main__ - 
Position Update:
  Actual Position: (165, 125)
  Detected Position: (155, 115)
  Current Error: 14.14px
  Average Error: 13.87px
  Error Std Dev: 1.08px
  Tracking Duration: 26.8s
2024-10-27 16:23:05,425 - INFO - __main__ - 
Position Update:
  Actual Position: (175, 135)
  Detected Position: (165, 125)
  Current Error: 14.14px
  Average Error: 13.85px
  Error Std Dev: 1.07px
  Tracking Duration: 26.9s
2024-10-27 16:23:05,492 - INFO - __main__ - 
Position Update:
  Actual Position: (185, 145)
  Detected Position: (175, 135)
  Current Error: 14.14px
  Average Error: 13.85px
  Error Std Dev: 1.07px
  Tracking Duration: 26.9s
2024-10-27 16:23:05,558 - INFO - __main__ - 
Position Update:
  Actual Position: (195, 155)
  Detected Position: (185, 145)
  Current Error: 14.14px
  Average Error: 13.82px
  Error Std Dev: 1.05px
  Tracking Duration: 27.0s
2024-10-27 16:23:05,625 - INFO - __main__ - 
Position Update:
  Actual Position: (205, 165)
  Detected Position: (195, 155)
  Current Error: 14.14px
  Average Error: 13.84px
  Error Std Dev: 1.05px
  Tracking Duration: 27.1s
2024-10-27 16:23:05,692 - INFO - __main__ - 
Position Update:
  Actual Position: (215, 175)
  Detected Position: (205, 165)
  Current Error: 14.14px
  Average Error: 13.84px
  Error Std Dev: 1.05px
  Tracking Duration: 27.1s
2024-10-27 16:23:05,758 - INFO - __main__ - 
Position Update:
  Actual Position: (225, 185)
  Detected Position: (215, 175)
  Current Error: 14.14px
  Average Error: 13.82px
  Error Std Dev: 1.04px
  Tracking Duration: 27.2s
2024-10-27 16:23:05,824 - INFO - __main__ - 
Position Update:
  Actual Position: (235, 195)
  Detected Position: (225, 185)
  Current Error: 14.14px
  Average Error: 13.82px
  Error Std Dev: 1.04px
  Tracking Duration: 27.3s
2024-10-27 16:23:05,891 - INFO - __main__ - 
Position Update:
  Actual Position: (245, 205)
  Detected Position: (235, 195)
  Current Error: 14.14px
  Average Error: 13.82px
  Error Std Dev: 1.04px
  Tracking Duration: 27.3s
2024-10-27 16:23:05,924 - INFO - __main__ - 
Position Update:
  Actual Position: (250, 210)
  Detected Position: (241, 200)
  Current Error: 13.45px
  Average Error: 13.80px
  Error Std Dev: 1.04px
  Tracking Duration: 27.4s
2024-10-27 16:23:05,992 - INFO - __main__ - 
Position Update:
  Actual Position: (260, 220)
  Detected Position: (250, 209)
  Current Error: 14.87px
  Average Error: 13.82px
  Error Std Dev: 1.05px
  Tracking Duration: 27.4s
2024-10-27 16:23:08,077 - INFO - __main__ - Shutting down after 29.5s uptime
2024-10-27 16:23:08,078 - INFO - __main__ - Connection state changed to: closed
2024-10-27 16:23:08,080 - INFO - __main__ - Stopped by user
