2024-10-27 15:35:31,238 - INFO - Starting server...
2024-10-27 15:35:36,020 - INFO - Server ready - waiting for connections
2024-10-27 15:35:36,067 - INFO - Connection(1) Check CandidatePair(('2601:547:1900:9810:4b2:2b81:950e:6253', 59977) -> ('2601:547:1900:9810:4b2:2b81:950e:6253', 62046)) State.FROZEN -> State.WAITING
2024-10-27 15:35:36,067 - INFO - Connection(1) Check CandidatePair(('2601:547:1900:9810:312c:1841:6d69:d43b', 60776) -> ('2601:547:1900:9810:4b2:2b81:950e:6253', 62046)) State.FROZEN -> State.WAITING
2024-10-27 15:35:36,067 - INFO - Connection(1) Check CandidatePair(('2601:547:1900:9810::36c3', 62883) -> ('2601:547:1900:9810:4b2:2b81:950e:6253', 62046)) State.FROZEN -> State.WAITING
2024-10-27 15:35:36,067 - INFO - Connection(1) Check CandidatePair(('2601:547:1900:9810:4b2:2b81:950e:6253', 59977) -> ('2601:547:1900:9810:312c:1841:6d69:d43b', 59023)) State.FROZEN -> State.WAITING
2024-10-27 15:35:36,067 - INFO - Connection(1) Check CandidatePair(('10.0.0.34', 63640) -> ('10.0.0.34', 62163)) State.FROZEN -> State.WAITING
2024-10-27 15:35:36,067 - INFO - Connection(1) Check CandidatePair(('2601:547:1900:9810:4b2:2b81:950e:6253', 59977) -> ('2601:547:1900:9810:4b2:2b81:950e:6253', 62046)) State.WAITING -> State.IN_PROGRESS
2024-10-27 15:35:36,068 - INFO - Connection(1) Check CandidatePair(('2601:547:1900:9810:4b2:2b81:950e:6253', 59977) -> ('2601:547:1900:9810:4b2:2b81:950e:6253', 62046)) State.IN_PROGRESS -> State.SUCCEEDED
2024-10-27 15:35:36,068 - INFO - Connection(1) Check CandidatePair(('2601:547:1900:9810:312c:1841:6d69:d43b', 60776) -> ('2601:547:1900:9810:4b2:2b81:950e:6253', 62046)) State.WAITING -> State.FAILED
2024-10-27 15:35:36,068 - INFO - Connection(1) Check CandidatePair(('2601:547:1900:9810::36c3', 62883) -> ('2601:547:1900:9810:4b2:2b81:950e:6253', 62046)) State.WAITING -> State.FAILED
2024-10-27 15:35:36,068 - INFO - Connection(1) Check CandidatePair(('2601:547:1900:9810:4b2:2b81:950e:6253', 59977) -> ('2601:547:1900:9810:312c:1841:6d69:d43b', 59023)) State.WAITING -> State.FAILED
2024-10-27 15:35:36,068 - INFO - Connection(1) Check CandidatePair(('2601:547:1900:9810:312c:1841:6d69:d43b', 60776) -> ('2601:547:1900:9810:312c:1841:6d69:d43b', 59023)) State.FROZEN -> State.FAILED
2024-10-27 15:35:36,068 - INFO - Connection(1) Check CandidatePair(('2601:547:1900:9810::36c3', 62883) -> ('2601:547:1900:9810:312c:1841:6d69:d43b', 59023)) State.FROZEN -> State.FAILED
2024-10-27 15:35:36,068 - INFO - Connection(1) Check CandidatePair(('10.0.0.34', 63640) -> ('10.0.0.34', 62163)) State.WAITING -> State.FAILED
2024-10-27 15:35:36,068 - INFO - Connection(1) Check CandidatePair(('2601:547:1900:9810:4b2:2b81:950e:6253', 59977) -> ('2601:547:1900:9810::36c3', 54009)) State.FROZEN -> State.FAILED
2024-10-27 15:35:36,068 - INFO - Connection(1) Check CandidatePair(('2601:547:1900:9810:312c:1841:6d69:d43b', 60776) -> ('2601:547:1900:9810::36c3', 54009)) State.FROZEN -> State.FAILED
2024-10-27 15:35:36,068 - INFO - Connection(1) Check CandidatePair(('2601:547:1900:9810::36c3', 62883) -> ('2601:547:1900:9810::36c3', 54009)) State.FROZEN -> State.FAILED
2024-10-27 15:35:36,068 - INFO - Connection(1) Check CandidatePair(('10.0.0.34', 63640) -> ('73.117.127.211', 62163)) State.FROZEN -> State.FAILED
2024-10-27 15:35:36,068 - INFO - Connection(1) ICE completed
2024-10-27 15:35:36,432 - ERROR - Data processing error: Expecting property name enclosed in double quotes: line 1 column 2 (char 1)
2024-10-27 15:35:36,448 - ERROR - Data processing error: Expecting property name enclosed in double quotes: line 1 column 2 (char 1)
2024-10-27 15:35:36,464 - ERROR - Data processing error: Expecting property name enclosed in double quotes: line 1 column 2 (char 1)
2024-10-27 15:35:36,480 - ERROR - Data processing error: Expecting property name enclosed in double quotes: line 1 column 2 (char 1)
2024-10-27 15:35:36,496 - ERROR - Data processing error: Expecting property name enclosed in double quotes: line 1 column 2 (char 1)
2024-10-27 15:35:36,520 - ERROR - Data processing error: Expecting property name enclosed in double quotes: line 1 column 2 (char 1)
2024-10-27 15:35:36,531 - ERROR - Data processing error: Expecting property name enclosed in double quotes: line 1 column 2 (char 1)
2024-10-27 15:35:36,553 - ERROR - Data processing error: Expecting property name enclosed in double quotes: line 1 column 2 (char 1)
2024-10-27 15:35:36,564 - ERROR - Data processing error: Expecting property name enclosed in double quotes: line 1 column 2 (char 1)
2024-10-27 15:35:36,579 - ERROR - Data processing error: Expecting property name enclosed in double quotes: line 1 column 2 (char 1)
2024-10-27 15:35:36,598 - ERROR - Data processing error: Expecting property name enclosed in double quotes: line 1 column 2 (char 1)
2024-10-27 15:35:36,618 - ERROR - Data processing error: Expecting property name enclosed in double quotes: line 1 column 2 (char 1)
2024-10-27 15:35:36,635 - ERROR - Data processing error: Expecting property name enclosed in double quotes: line 1 column 2 (char 1)
2024-10-27 15:35:36,657 - ERROR - Data processing error: Expecting property name enclosed in double quotes: line 1 column 2 (char 1)
2024-10-27 15:35:36,668 - ERROR - Data processing error: Expecting property name enclosed in double quotes: line 1 column 2 (char 1)
2024-10-27 15:35:36,687 - ERROR - Data processing error: Expecting property name enclosed in double quotes: line 1 column 2 (char 1)
2024-10-27 15:35:36,698 - ERROR - Data processing error: Expecting property name enclosed in double quotes: line 1 column 2 (char 1)
2024-10-27 15:35:36,732 - ERROR - Data processing error: Expecting property name enclosed in double quotes: line 1 column 2 (char 1)
2024-10-27 15:35:36,765 - ERROR - Data processing error: Expecting property name enclosed in double quotes: line 1 column 2 (char 1)
2024-10-27 15:35:36,798 - ERROR - Data processing error: Expecting property name enclosed in double quotes: line 1 column 2 (char 1)
2024-10-27 15:35:36,831 - ERROR - Data processing error: Expecting property name enclosed in double quotes: line 1 column 2 (char 1)
2024-10-27 15:35:36,864 - ERROR - Data processing error: Expecting property name enclosed in double quotes: line 1 column 2 (char 1)
2024-10-27 15:35:36,897 - ERROR - Data processing error: Expecting property name enclosed in double quotes: line 1 column 2 (char 1)
2024-10-27 15:35:36,931 - ERROR - Data processing error: Expecting property name enclosed in double quotes: line 1 column 2 (char 1)
2024-10-27 15:35:36,964 - ERROR - Data processing error: Expecting property name enclosed in double quotes: line 1 column 2 (char 1)
2024-10-27 15:35:36,998 - ERROR - Data processing error: Expecting property name enclosed in double quotes: line 1 column 2 (char 1)
2024-10-27 15:35:37,031 - ERROR - Data processing error: Expecting property name enclosed in double quotes: line 1 column 2 (char 1)
2024-10-27 15:35:37,064 - ERROR - Data processing error: Expecting property name enclosed in double quotes: line 1 column 2 (char 1)
2024-10-27 15:35:37,098 - ERROR - Data processing error: Expecting property name enclosed in double quotes: line 1 column 2 (char 1)
2024-10-27 15:35:37,131 - ERROR - Data processing error: Expecting property name enclosed in double quotes: line 1 column 2 (char 1)
2024-10-27 15:35:37,165 - ERROR - Data processing error: Expecting property name enclosed in double quotes: line 1 column 2 (char 1)
2024-10-27 15:35:37,198 - ERROR - Data processing error: Expecting property name enclosed in double quotes: line 1 column 2 (char 1)
2024-10-27 15:35:37,231 - ERROR - Data processing error: Expecting property name enclosed in double quotes: line 1 column 2 (char 1)
2024-10-27 15:35:37,265 - ERROR - Data processing error: Expecting property name enclosed in double quotes: line 1 column 2 (char 1)
2024-10-27 15:35:37,298 - ERROR - Data processing error: Expecting property name enclosed in double quotes: line 1 column 2 (char 1)
2024-10-27 15:35:37,332 - ERROR - Data processing error: Expecting property name enclosed in double quotes: line 1 column 2 (char 1)
2024-10-27 15:35:37,365 - ERROR - Data processing error: Expecting property name enclosed in double quotes: line 1 column 2 (char 1)
2024-10-27 15:35:37,398 - ERROR - Data processing error: Expecting property name enclosed in double quotes: line 1 column 2 (char 1)
2024-10-27 15:35:37,432 - ERROR - Data processing error: Expecting property name enclosed in double quotes: line 1 column 2 (char 1)
2024-10-27 15:35:37,465 - ERROR - Data processing error: Expecting property name enclosed in double quotes: line 1 column 2 (char 1)
2024-10-27 15:35:37,498 - ERROR - Data processing error: Expecting property name enclosed in double quotes: line 1 column 2 (char 1)
2024-10-27 15:35:37,532 - ERROR - Data processing error: Expecting property name enclosed in double quotes: line 1 column 2 (char 1)
2024-10-27 15:35:37,565 - ERROR - Data processing error: Expecting property name enclosed in double quotes: line 1 column 2 (char 1)
2024-10-27 15:35:37,598 - ERROR - Data processing error: Expecting property name enclosed in double quotes: line 1 column 2 (char 1)
2024-10-27 15:35:37,631 - ERROR - Data processing error: Expecting property name enclosed in double quotes: line 1 column 2 (char 1)
2024-10-27 15:35:37,665 - ERROR - Data processing error: Expecting property name enclosed in double quotes: line 1 column 2 (char 1)
2024-10-27 15:35:37,698 - ERROR - Data processing error: Expecting property name enclosed in double quotes: line 1 column 2 (char 1)
2024-10-27 15:35:37,732 - ERROR - Data processing error: Expecting property name enclosed in double quotes: line 1 column 2 (char 1)
2024-10-27 15:35:37,764 - ERROR - Data processing error: Expecting property name enclosed in double quotes: line 1 column 2 (char 1)
2024-10-27 15:35:37,798 - ERROR - Data processing error: Expecting property name enclosed in double quotes: line 1 column 2 (char 1)
2024-10-27 15:35:37,831 - ERROR - Data processing error: Expecting property name enclosed in double quotes: line 1 column 2 (char 1)
2024-10-27 15:35:37,865 - ERROR - Data processing error: Expecting property name enclosed in double quotes: line 1 column 2 (char 1)
2024-10-27 15:35:37,898 - ERROR - Data processing error: Expecting property name enclosed in double quotes: line 1 column 2 (char 1)
2024-10-27 15:35:37,932 - ERROR - Data processing error: Expecting property name enclosed in double quotes: line 1 column 2 (char 1)
2024-10-27 15:35:37,964 - ERROR - Data processing error: Expecting property name enclosed in double quotes: line 1 column 2 (char 1)
2024-10-27 15:35:37,998 - ERROR - Data processing error: Expecting property name enclosed in double quotes: line 1 column 2 (char 1)
2024-10-27 15:35:38,030 - ERROR - Data processing error: Expecting property name enclosed in double quotes: line 1 column 2 (char 1)
2024-10-27 15:35:38,065 - ERROR - Data processing error: Expecting property name enclosed in double quotes: line 1 column 2 (char 1)
2024-10-27 15:35:38,098 - ERROR - Data processing error: Expecting property name enclosed in double quotes: line 1 column 2 (char 1)
2024-10-27 15:35:38,131 - ERROR - Data processing error: Expecting property name enclosed in double quotes: line 1 column 2 (char 1)
2024-10-27 15:35:38,164 - ERROR - Data processing error: Expecting property name enclosed in double quotes: line 1 column 2 (char 1)
2024-10-27 15:35:38,198 - ERROR - Data processing error: Expecting property name enclosed in double quotes: line 1 column 2 (char 1)
2024-10-27 15:35:38,231 - ERROR - Data processing error: Expecting property name enclosed in double quotes: line 1 column 2 (char 1)
2024-10-27 15:35:38,265 - ERROR - Data processing error: Expecting property name enclosed in double quotes: line 1 column 2 (char 1)
2024-10-27 15:35:38,298 - ERROR - Data processing error: Expecting property name enclosed in double quotes: line 1 column 2 (char 1)
2024-10-27 15:35:38,331 - ERROR - Data processing error: Expecting property name enclosed in double quotes: line 1 column 2 (char 1)
2024-10-27 15:35:38,365 - ERROR - Data processing error: Expecting property name enclosed in double quotes: line 1 column 2 (char 1)
2024-10-27 15:35:38,400 - ERROR - Data processing error: Expecting property name enclosed in double quotes: line 1 column 2 (char 1)
2024-10-27 15:35:38,433 - ERROR - Data processing error: Expecting property name enclosed in double quotes: line 1 column 2 (char 1)
2024-10-27 15:35:38,465 - ERROR - Data processing error: Expecting property name enclosed in double quotes: line 1 column 2 (char 1)
2024-10-27 15:35:38,498 - ERROR - Data processing error: Expecting property name enclosed in double quotes: line 1 column 2 (char 1)
2024-10-27 15:35:38,531 - ERROR - Data processing error: Expecting property name enclosed in double quotes: line 1 column 2 (char 1)
2024-10-27 15:35:38,565 - ERROR - Data processing error: Expecting property name enclosed in double quotes: line 1 column 2 (char 1)
2024-10-27 15:35:38,598 - ERROR - Data processing error: Expecting property name enclosed in double quotes: line 1 column 2 (char 1)
2024-10-27 15:35:38,631 - ERROR - Data processing error: Expecting property name enclosed in double quotes: line 1 column 2 (char 1)
2024-10-27 15:35:38,665 - ERROR - Data processing error: Expecting property name enclosed in double quotes: line 1 column 2 (char 1)
2024-10-27 15:35:38,698 - ERROR - Data processing error: Expecting property name enclosed in double quotes: line 1 column 2 (char 1)
2024-10-27 15:35:38,731 - ERROR - Data processing error: Expecting property name enclosed in double quotes: line 1 column 2 (char 1)
2024-10-27 15:35:38,764 - ERROR - Data processing error: Expecting property name enclosed in double quotes: line 1 column 2 (char 1)
2024-10-27 15:35:38,798 - ERROR - Data processing error: Expecting property name enclosed in double quotes: line 1 column 2 (char 1)
2024-10-27 15:35:38,831 - ERROR - Data processing error: Expecting property name enclosed in double quotes: line 1 column 2 (char 1)
2024-10-27 15:35:38,865 - ERROR - Data processing error: Expecting property name enclosed in double quotes: line 1 column 2 (char 1)
2024-10-27 15:35:38,898 - ERROR - Data processing error: Expecting property name enclosed in double quotes: line 1 column 2 (char 1)
2024-10-27 15:35:38,932 - ERROR - Data processing error: Expecting property name enclosed in double quotes: line 1 column 2 (char 1)
2024-10-27 15:35:38,966 - ERROR - Data processing error: Expecting property name enclosed in double quotes: line 1 column 2 (char 1)
2024-10-27 15:35:38,998 - ERROR - Data processing error: Expecting property name enclosed in double quotes: line 1 column 2 (char 1)
2024-10-27 15:35:39,032 - ERROR - Data processing error: Expecting property name enclosed in double quotes: line 1 column 2 (char 1)
2024-10-27 15:35:39,066 - ERROR - Data processing error: Expecting property name enclosed in double quotes: line 1 column 2 (char 1)
2024-10-27 15:35:39,098 - ERROR - Data processing error: Expecting property name enclosed in double quotes: line 1 column 2 (char 1)
2024-10-27 15:35:39,132 - ERROR - Data processing error: Expecting property name enclosed in double quotes: line 1 column 2 (char 1)
2024-10-27 15:35:39,165 - ERROR - Data processing error: Expecting property name enclosed in double quotes: line 1 column 2 (char 1)
2024-10-27 15:35:39,198 - ERROR - Data processing error: Expecting property name enclosed in double quotes: line 1 column 2 (char 1)
2024-10-27 15:35:39,231 - ERROR - Data processing error: Expecting property name enclosed in double quotes: line 1 column 2 (char 1)
2024-10-27 15:35:39,265 - ERROR - Data processing error: Expecting property name enclosed in double quotes: line 1 column 2 (char 1)
2024-10-27 15:35:39,298 - ERROR - Data processing error: Expecting property name enclosed in double quotes: line 1 column 2 (char 1)
2024-10-27 15:35:39,332 - ERROR - Data processing error: Expecting property name enclosed in double quotes: line 1 column 2 (char 1)
2024-10-27 15:35:39,365 - ERROR - Data processing error: Expecting property name enclosed in double quotes: line 1 column 2 (char 1)
2024-10-27 15:35:39,398 - ERROR - Data processing error: Expecting property name enclosed in double quotes: line 1 column 2 (char 1)
2024-10-27 15:35:39,432 - ERROR - Data processing error: Expecting property name enclosed in double quotes: line 1 column 2 (char 1)
2024-10-27 15:35:39,464 - ERROR - Data processing error: Expecting property name enclosed in double quotes: line 1 column 2 (char 1)
2024-10-27 15:35:39,498 - ERROR - Data processing error: Expecting property name enclosed in double quotes: line 1 column 2 (char 1)
2024-10-27 15:35:39,531 - ERROR - Data processing error: Expecting property name enclosed in double quotes: line 1 column 2 (char 1)
2024-10-27 15:35:39,565 - ERROR - Data processing error: Expecting property name enclosed in double quotes: line 1 column 2 (char 1)
2024-10-27 15:35:39,598 - ERROR - Data processing error: Expecting property name enclosed in double quotes: line 1 column 2 (char 1)
2024-10-27 15:35:39,631 - ERROR - Data processing error: Expecting property name enclosed in double quotes: line 1 column 2 (char 1)
2024-10-27 15:35:39,665 - ERROR - Data processing error: Expecting property name enclosed in double quotes: line 1 column 2 (char 1)
2024-10-27 15:35:39,698 - ERROR - Data processing error: Expecting property name enclosed in double quotes: line 1 column 2 (char 1)
2024-10-27 15:35:39,731 - ERROR - Data processing error: Expecting property name enclosed in double quotes: line 1 column 2 (char 1)
2024-10-27 15:35:39,765 - ERROR - Data processing error: Expecting property name enclosed in double quotes: line 1 column 2 (char 1)
2024-10-27 15:35:39,799 - ERROR - Data processing error: Expecting property name enclosed in double quotes: line 1 column 2 (char 1)
2024-10-27 15:35:39,831 - ERROR - Data processing error: Expecting property name enclosed in double quotes: line 1 column 2 (char 1)
2024-10-27 15:35:39,865 - ERROR - Data processing error: Expecting property name enclosed in double quotes: line 1 column 2 (char 1)
2024-10-27 15:35:39,898 - ERROR - Data processing error: Expecting property name enclosed in double quotes: line 1 column 2 (char 1)
2024-10-27 15:35:39,931 - ERROR - Data processing error: Expecting property name enclosed in double quotes: line 1 column 2 (char 1)
2024-10-27 15:35:39,964 - ERROR - Data processing error: Expecting property name enclosed in double quotes: line 1 column 2 (char 1)
2024-10-27 15:35:39,998 - ERROR - Data processing error: Expecting property name enclosed in double quotes: line 1 column 2 (char 1)
2024-10-27 15:35:40,031 - ERROR - Data processing error: Expecting property name enclosed in double quotes: line 1 column 2 (char 1)
2024-10-27 15:35:40,065 - ERROR - Data processing error: Expecting property name enclosed in double quotes: line 1 column 2 (char 1)
2024-10-27 15:35:40,098 - ERROR - Data processing error: Expecting property name enclosed in double quotes: line 1 column 2 (char 1)
2024-10-27 15:35:40,132 - ERROR - Data processing error: Expecting property name enclosed in double quotes: line 1 column 2 (char 1)
2024-10-27 15:35:40,165 - ERROR - Data processing error: Expecting property name enclosed in double quotes: line 1 column 2 (char 1)
2024-10-27 15:35:40,198 - ERROR - Data processing error: Expecting property name enclosed in double quotes: line 1 column 2 (char 1)
2024-10-27 15:35:40,232 - ERROR - Data processing error: Expecting property name enclosed in double quotes: line 1 column 2 (char 1)
2024-10-27 15:35:40,265 - ERROR - Data processing error: Expecting property name enclosed in double quotes: line 1 column 2 (char 1)
2024-10-27 15:35:40,298 - ERROR - Data processing error: Expecting property name enclosed in double quotes: line 1 column 2 (char 1)
2024-10-27 15:35:40,332 - ERROR - Data processing error: Expecting property name enclosed in double quotes: line 1 column 2 (char 1)
2024-10-27 15:35:40,365 - ERROR - Data processing error: Expecting property name enclosed in double quotes: line 1 column 2 (char 1)
2024-10-27 15:35:40,398 - ERROR - Data processing error: Expecting property name enclosed in double quotes: line 1 column 2 (char 1)
2024-10-27 15:35:40,432 - ERROR - Data processing error: Expecting property name enclosed in double quotes: line 1 column 2 (char 1)
2024-10-27 15:35:40,465 - ERROR - Data processing error: Expecting property name enclosed in double quotes: line 1 column 2 (char 1)
2024-10-27 15:35:40,498 - ERROR - Data processing error: Expecting property name enclosed in double quotes: line 1 column 2 (char 1)
2024-10-27 15:35:40,531 - ERROR - Data processing error: Expecting property name enclosed in double quotes: line 1 column 2 (char 1)
2024-10-27 15:35:40,565 - ERROR - Data processing error: Expecting property name enclosed in double quotes: line 1 column 2 (char 1)
2024-10-27 15:35:40,598 - ERROR - Data processing error: Expecting property name enclosed in double quotes: line 1 column 2 (char 1)
2024-10-27 15:35:40,632 - ERROR - Data processing error: Expecting property name enclosed in double quotes: line 1 column 2 (char 1)
2024-10-27 15:35:40,665 - ERROR - Data processing error: Expecting property name enclosed in double quotes: line 1 column 2 (char 1)
2024-10-27 15:35:40,698 - ERROR - Data processing error: Expecting property name enclosed in double quotes: line 1 column 2 (char 1)
2024-10-27 15:35:40,731 - ERROR - Data processing error: Expecting property name enclosed in double quotes: line 1 column 2 (char 1)
2024-10-27 15:35:40,764 - ERROR - Data processing error: Expecting property name enclosed in double quotes: line 1 column 2 (char 1)
2024-10-27 15:35:40,797 - ERROR - Data processing error: Expecting property name enclosed in double quotes: line 1 column 2 (char 1)
2024-10-27 15:35:40,830 - ERROR - Data processing error: Expecting property name enclosed in double quotes: line 1 column 2 (char 1)
2024-10-27 15:35:40,865 - ERROR - Data processing error: Expecting property name enclosed in double quotes: line 1 column 2 (char 1)
2024-10-27 15:35:40,898 - ERROR - Data processing error: Expecting property name enclosed in double quotes: line 1 column 2 (char 1)
2024-10-27 15:35:40,933 - ERROR - Data processing error: Expecting property name enclosed in double quotes: line 1 column 2 (char 1)
2024-10-27 15:35:40,966 - ERROR - Data processing error: Expecting property name enclosed in double quotes: line 1 column 2 (char 1)
2024-10-27 15:35:40,998 - ERROR - Data processing error: Expecting property name enclosed in double quotes: line 1 column 2 (char 1)
2024-10-27 15:35:41,032 - ERROR - Data processing error: Expecting property name enclosed in double quotes: line 1 column 2 (char 1)
2024-10-27 15:35:41,065 - ERROR - Data processing error: Expecting property name enclosed in double quotes: line 1 column 2 (char 1)
2024-10-27 15:35:41,098 - ERROR - Data processing error: Expecting property name enclosed in double quotes: line 1 column 2 (char 1)
2024-10-27 15:35:41,131 - ERROR - Data processing error: Expecting property name enclosed in double quotes: line 1 column 2 (char 1)
2024-10-27 15:35:41,165 - ERROR - Data processing error: Expecting property name enclosed in double quotes: line 1 column 2 (char 1)
2024-10-27 15:35:41,198 - ERROR - Data processing error: Expecting property name enclosed in double quotes: line 1 column 2 (char 1)
2024-10-27 15:35:41,232 - ERROR - Data processing error: Expecting property name enclosed in double quotes: line 1 column 2 (char 1)
2024-10-27 15:35:41,265 - ERROR - Data processing error: Expecting property name enclosed in double quotes: line 1 column 2 (char 1)
2024-10-27 15:35:41,298 - ERROR - Data processing error: Expecting property name enclosed in double quotes: line 1 column 2 (char 1)
2024-10-27 15:35:41,332 - ERROR - Data processing error: Expecting property name enclosed in double quotes: line 1 column 2 (char 1)
2024-10-27 15:35:41,365 - ERROR - Data processing error: Expecting property name enclosed in double quotes: line 1 column 2 (char 1)
2024-10-27 15:35:41,398 - ERROR - Data processing error: Expecting property name enclosed in double quotes: line 1 column 2 (char 1)
2024-10-27 15:35:41,432 - ERROR - Data processing error: Expecting property name enclosed in double quotes: line 1 column 2 (char 1)
2024-10-27 15:35:41,465 - ERROR - Data processing error: Expecting property name enclosed in double quotes: line 1 column 2 (char 1)
2024-10-27 15:35:41,498 - ERROR - Data processing error: Expecting property name enclosed in double quotes: line 1 column 2 (char 1)
2024-10-27 15:35:41,532 - ERROR - Data processing error: Expecting property name enclosed in double quotes: line 1 column 2 (char 1)
2024-10-27 15:35:41,565 - ERROR - Data processing error: Expecting property name enclosed in double quotes: line 1 column 2 (char 1)
2024-10-27 15:35:41,598 - ERROR - Data processing error: Expecting property name enclosed in double quotes: line 1 column 2 (char 1)
2024-10-27 15:35:41,631 - ERROR - Data processing error: Expecting property name enclosed in double quotes: line 1 column 2 (char 1)
2024-10-27 15:35:41,665 - ERROR - Data processing error: Expecting property name enclosed in double quotes: line 1 column 2 (char 1)
2024-10-27 15:35:41,698 - ERROR - Data processing error: Expecting property name enclosed in double quotes: line 1 column 2 (char 1)
2024-10-27 15:35:41,731 - ERROR - Data processing error: Expecting property name enclosed in double quotes: line 1 column 2 (char 1)
2024-10-27 15:35:41,764 - ERROR - Data processing error: Expecting property name enclosed in double quotes: line 1 column 2 (char 1)
2024-10-27 15:35:41,798 - ERROR - Data processing error: Expecting property name enclosed in double quotes: line 1 column 2 (char 1)
2024-10-27 15:35:41,831 - ERROR - Data processing error: Expecting property name enclosed in double quotes: line 1 column 2 (char 1)
2024-10-27 15:35:41,865 - ERROR - Data processing error: Expecting property name enclosed in double quotes: line 1 column 2 (char 1)
2024-10-27 15:35:41,898 - ERROR - Data processing error: Expecting property name enclosed in double quotes: line 1 column 2 (char 1)
2024-10-27 15:35:41,932 - ERROR - Data processing error: Expecting property name enclosed in double quotes: line 1 column 2 (char 1)
2024-10-27 15:35:41,964 - ERROR - Data processing error: Expecting property name enclosed in double quotes: line 1 column 2 (char 1)
2024-10-27 15:35:41,998 - ERROR - Data processing error: Expecting property name enclosed in double quotes: line 1 column 2 (char 1)
2024-10-27 15:35:42,031 - ERROR - Data processing error: Expecting property name enclosed in double quotes: line 1 column 2 (char 1)
2024-10-27 15:35:42,065 - ERROR - Data processing error: Expecting property name enclosed in double quotes: line 1 column 2 (char 1)
2024-10-27 15:35:42,099 - ERROR - Data processing error: Expecting property name enclosed in double quotes: line 1 column 2 (char 1)
2024-10-27 15:35:42,131 - ERROR - Data processing error: Expecting property name enclosed in double quotes: line 1 column 2 (char 1)
2024-10-27 15:35:42,165 - ERROR - Data processing error: Expecting property name enclosed in double quotes: line 1 column 2 (char 1)
2024-10-27 15:35:42,198 - ERROR - Data processing error: Expecting property name enclosed in double quotes: line 1 column 2 (char 1)
2024-10-27 15:35:42,232 - ERROR - Data processing error: Expecting property name enclosed in double quotes: line 1 column 2 (char 1)
2024-10-27 15:35:42,265 - ERROR - Data processing error: Expecting property name enclosed in double quotes: line 1 column 2 (char 1)
2024-10-27 15:35:42,298 - ERROR - Data processing error: Expecting property name enclosed in double quotes: line 1 column 2 (char 1)
2024-10-27 15:35:42,331 - ERROR - Data processing error: Expecting property name enclosed in double quotes: line 1 column 2 (char 1)
2024-10-27 15:35:42,364 - ERROR - Data processing error: Expecting property name enclosed in double quotes: line 1 column 2 (char 1)
2024-10-27 15:35:42,398 - ERROR - Data processing error: Expecting property name enclosed in double quotes: line 1 column 2 (char 1)
2024-10-27 15:35:42,432 - ERROR - Data processing error: Expecting property name enclosed in double quotes: line 1 column 2 (char 1)
2024-10-27 15:35:42,464 - ERROR - Data processing error: Expecting property name enclosed in double quotes: line 1 column 2 (char 1)
2024-10-27 15:35:42,498 - ERROR - Data processing error: Expecting property name enclosed in double quotes: line 1 column 2 (char 1)
2024-10-27 15:35:42,531 - ERROR - Data processing error: Expecting property name enclosed in double quotes: line 1 column 2 (char 1)
2024-10-27 15:35:42,565 - ERROR - Data processing error: Expecting property name enclosed in double quotes: line 1 column 2 (char 1)
2024-10-27 15:35:42,598 - ERROR - Data processing error: Expecting property name enclosed in double quotes: line 1 column 2 (char 1)
2024-10-27 15:35:42,631 - ERROR - Data processing error: Expecting property name enclosed in double quotes: line 1 column 2 (char 1)
2024-10-27 15:35:42,665 - ERROR - Data processing error: Expecting property name enclosed in double quotes: line 1 column 2 (char 1)
2024-10-27 15:35:42,698 - ERROR - Data processing error: Expecting property name enclosed in double quotes: line 1 column 2 (char 1)
2024-10-27 15:35:42,731 - ERROR - Data processing error: Expecting property name enclosed in double quotes: line 1 column 2 (char 1)
2024-10-27 15:35:42,764 - ERROR - Data processing error: Expecting property name enclosed in double quotes: line 1 column 2 (char 1)
2024-10-27 15:35:42,799 - ERROR - Data processing error: Expecting property name enclosed in double quotes: line 1 column 2 (char 1)
2024-10-27 15:35:42,831 - ERROR - Data processing error: Expecting property name enclosed in double quotes: line 1 column 2 (char 1)
2024-10-27 15:35:42,864 - ERROR - Data processing error: Expecting property name enclosed in double quotes: line 1 column 2 (char 1)
2024-10-27 15:35:42,898 - ERROR - Data processing error: Expecting property name enclosed in double quotes: line 1 column 2 (char 1)
2024-10-27 15:35:42,931 - ERROR - Data processing error: Expecting property name enclosed in double quotes: line 1 column 2 (char 1)
2024-10-27 15:35:42,964 - ERROR - Data processing error: Expecting property name enclosed in double quotes: line 1 column 2 (char 1)
2024-10-27 15:35:42,999 - ERROR - Data processing error: Expecting property name enclosed in double quotes: line 1 column 2 (char 1)
2024-10-27 15:35:43,031 - ERROR - Data processing error: Expecting property name enclosed in double quotes: line 1 column 2 (char 1)
2024-10-27 15:35:43,064 - ERROR - Data processing error: Expecting property name enclosed in double quotes: line 1 column 2 (char 1)
2024-10-27 15:35:43,098 - ERROR - Data processing error: Expecting property name enclosed in double quotes: line 1 column 2 (char 1)
2024-10-27 15:35:43,132 - ERROR - Data processing error: Expecting property name enclosed in double quotes: line 1 column 2 (char 1)
2024-10-27 15:35:43,165 - ERROR - Data processing error: Expecting property name enclosed in double quotes: line 1 column 2 (char 1)
2024-10-27 15:35:43,198 - ERROR - Data processing error: Expecting property name enclosed in double quotes: line 1 column 2 (char 1)
2024-10-27 15:35:43,232 - ERROR - Data processing error: Expecting property name enclosed in double quotes: line 1 column 2 (char 1)
2024-10-27 15:35:43,265 - ERROR - Data processing error: Expecting property name enclosed in double quotes: line 1 column 2 (char 1)
2024-10-27 15:35:43,298 - ERROR - Data processing error: Expecting property name enclosed in double quotes: line 1 column 2 (char 1)
2024-10-27 15:35:43,331 - ERROR - Data processing error: Expecting property name enclosed in double quotes: line 1 column 2 (char 1)
2024-10-27 15:35:43,365 - ERROR - Data processing error: Expecting property name enclosed in double quotes: line 1 column 2 (char 1)
2024-10-27 15:35:43,397 - ERROR - Data processing error: Expecting property name enclosed in double quotes: line 1 column 2 (char 1)
2024-10-27 15:35:43,432 - ERROR - Data processing error: Expecting property name enclosed in double quotes: line 1 column 2 (char 1)
2024-10-27 15:35:43,465 - ERROR - Data processing error: Expecting property name enclosed in double quotes: line 1 column 2 (char 1)
2024-10-27 15:35:43,498 - ERROR - Data processing error: Expecting property name enclosed in double quotes: line 1 column 2 (char 1)
2024-10-27 15:35:43,531 - ERROR - Data processing error: Expecting property name enclosed in double quotes: line 1 column 2 (char 1)
2024-10-27 15:35:43,565 - ERROR - Data processing error: Expecting property name enclosed in double quotes: line 1 column 2 (char 1)
2024-10-27 15:35:43,598 - ERROR - Data processing error: Expecting property name enclosed in double quotes: line 1 column 2 (char 1)
2024-10-27 15:35:43,631 - ERROR - Data processing error: Expecting property name enclosed in double quotes: line 1 column 2 (char 1)
2024-10-27 15:35:43,665 - ERROR - Data processing error: Expecting property name enclosed in double quotes: line 1 column 2 (char 1)
2024-10-27 15:35:43,698 - ERROR - Data processing error: Expecting property name enclosed in double quotes: line 1 column 2 (char 1)
2024-10-27 15:35:43,732 - ERROR - Data processing error: Expecting property name enclosed in double quotes: line 1 column 2 (char 1)
2024-10-27 15:35:43,765 - ERROR - Data processing error: Expecting property name enclosed in double quotes: line 1 column 2 (char 1)
2024-10-27 15:35:43,798 - ERROR - Data processing error: Expecting property name enclosed in double quotes: line 1 column 2 (char 1)
2024-10-27 15:35:43,831 - ERROR - Data processing error: Expecting property name enclosed in double quotes: line 1 column 2 (char 1)
2024-10-27 15:35:43,865 - ERROR - Data processing error: Expecting property name enclosed in double quotes: line 1 column 2 (char 1)
2024-10-27 15:35:43,898 - ERROR - Data processing error: Expecting property name enclosed in double quotes: line 1 column 2 (char 1)
2024-10-27 15:35:43,931 - ERROR - Data processing error: Expecting property name enclosed in double quotes: line 1 column 2 (char 1)
2024-10-27 15:35:43,965 - ERROR - Data processing error: Expecting property name enclosed in double quotes: line 1 column 2 (char 1)
2024-10-27 15:35:43,998 - ERROR - Data processing error: Expecting property name enclosed in double quotes: line 1 column 2 (char 1)
2024-10-27 15:35:44,031 - ERROR - Data processing error: Expecting property name enclosed in double quotes: line 1 column 2 (char 1)
2024-10-27 15:35:44,065 - ERROR - Data processing error: Expecting property name enclosed in double quotes: line 1 column 2 (char 1)
2024-10-27 15:35:44,098 - ERROR - Data processing error: Expecting property name enclosed in double quotes: line 1 column 2 (char 1)
2024-10-27 15:35:44,131 - ERROR - Data processing error: Expecting property name enclosed in double quotes: line 1 column 2 (char 1)
2024-10-27 15:35:44,165 - ERROR - Data processing error: Expecting property name enclosed in double quotes: line 1 column 2 (char 1)
2024-10-27 15:35:44,198 - ERROR - Data processing error: Expecting property name enclosed in double quotes: line 1 column 2 (char 1)
2024-10-27 15:35:44,232 - ERROR - Data processing error: Expecting property name enclosed in double quotes: line 1 column 2 (char 1)
2024-10-27 15:35:44,265 - ERROR - Data processing error: Expecting property name enclosed in double quotes: line 1 column 2 (char 1)
2024-10-27 15:35:44,298 - ERROR - Data processing error: Expecting property name enclosed in double quotes: line 1 column 2 (char 1)
2024-10-27 15:35:44,331 - ERROR - Data processing error: Expecting property name enclosed in double quotes: line 1 column 2 (char 1)
2024-10-27 15:35:44,364 - ERROR - Data processing error: Expecting property name enclosed in double quotes: line 1 column 2 (char 1)
2024-10-27 15:35:44,398 - ERROR - Data processing error: Expecting property name enclosed in double quotes: line 1 column 2 (char 1)
2024-10-27 15:35:44,431 - ERROR - Data processing error: Expecting property name enclosed in double quotes: line 1 column 2 (char 1)
2024-10-27 15:35:44,465 - ERROR - Data processing error: Expecting property name enclosed in double quotes: line 1 column 2 (char 1)
2024-10-27 15:35:44,498 - ERROR - Data processing error: Expecting property name enclosed in double quotes: line 1 column 2 (char 1)
2024-10-27 15:35:44,531 - ERROR - Data processing error: Expecting property name enclosed in double quotes: line 1 column 2 (char 1)
2024-10-27 15:35:44,565 - ERROR - Data processing error: Expecting property name enclosed in double quotes: line 1 column 2 (char 1)
2024-10-27 15:35:44,598 - ERROR - Data processing error: Expecting property name enclosed in double quotes: line 1 column 2 (char 1)
2024-10-27 15:35:44,632 - ERROR - Data processing error: Expecting property name enclosed in double quotes: line 1 column 2 (char 1)
2024-10-27 15:35:44,665 - ERROR - Data processing error: Expecting property name enclosed in double quotes: line 1 column 2 (char 1)
2024-10-27 15:35:44,698 - ERROR - Data processing error: Expecting property name enclosed in double quotes: line 1 column 2 (char 1)
2024-10-27 15:35:44,731 - ERROR - Data processing error: Expecting property name enclosed in double quotes: line 1 column 2 (char 1)
2024-10-27 15:35:44,764 - ERROR - Data processing error: Expecting property name enclosed in double quotes: line 1 column 2 (char 1)
2024-10-27 15:35:44,798 - ERROR - Data processing error: Expecting property name enclosed in double quotes: line 1 column 2 (char 1)
2024-10-27 15:35:44,832 - ERROR - Data processing error: Expecting property name enclosed in double quotes: line 1 column 2 (char 1)
2024-10-27 15:35:44,864 - ERROR - Data processing error: Expecting property name enclosed in double quotes: line 1 column 2 (char 1)
2024-10-27 15:35:44,898 - ERROR - Data processing error: Expecting property name enclosed in double quotes: line 1 column 2 (char 1)
2024-10-27 15:35:44,931 - ERROR - Data processing error: Expecting property name enclosed in double quotes: line 1 column 2 (char 1)
2024-10-27 15:35:44,964 - ERROR - Data processing error: Expecting property name enclosed in double quotes: line 1 column 2 (char 1)
2024-10-27 15:35:44,997 - ERROR - Data processing error: Expecting property name enclosed in double quotes: line 1 column 2 (char 1)
2024-10-27 15:35:45,038 - ERROR - Data processing error: Expecting property name enclosed in double quotes: line 1 column 2 (char 1)
2024-10-27 15:35:45,065 - ERROR - Data processing error: Expecting property name enclosed in double quotes: line 1 column 2 (char 1)
2024-10-27 15:35:45,098 - ERROR - Data processing error: Expecting property name enclosed in double quotes: line 1 column 2 (char 1)
2024-10-27 15:35:45,131 - ERROR - Data processing error: Expecting property name enclosed in double quotes: line 1 column 2 (char 1)
2024-10-27 15:35:45,164 - ERROR - Data processing error: Expecting property name enclosed in double quotes: line 1 column 2 (char 1)
2024-10-27 15:35:45,197 - ERROR - Data processing error: Expecting property name enclosed in double quotes: line 1 column 2 (char 1)
2024-10-27 15:35:45,231 - ERROR - Data processing error: Expecting property name enclosed in double quotes: line 1 column 2 (char 1)
2024-10-27 15:35:45,264 - ERROR - Data processing error: Expecting property name enclosed in double quotes: line 1 column 2 (char 1)
2024-10-27 15:35:45,298 - ERROR - Data processing error: Expecting property name enclosed in double quotes: line 1 column 2 (char 1)
2024-10-27 15:35:45,331 - ERROR - Data processing error: Expecting property name enclosed in double quotes: line 1 column 2 (char 1)
2024-10-27 15:35:45,365 - ERROR - Data processing error: Expecting property name enclosed in double quotes: line 1 column 2 (char 1)
2024-10-27 15:35:45,397 - ERROR - Data processing error: Expecting property name enclosed in double quotes: line 1 column 2 (char 1)
2024-10-27 15:35:45,431 - ERROR - Data processing error: Expecting property name enclosed in double quotes: line 1 column 2 (char 1)
2024-10-27 15:35:45,465 - ERROR - Data processing error: Expecting property name enclosed in double quotes: line 1 column 2 (char 1)
2024-10-27 15:35:45,498 - ERROR - Data processing error: Expecting property name enclosed in double quotes: line 1 column 2 (char 1)
2024-10-27 15:35:45,531 - ERROR - Data processing error: Expecting property name enclosed in double quotes: line 1 column 2 (char 1)
2024-10-27 15:35:45,564 - ERROR - Data processing error: Expecting property name enclosed in double quotes: line 1 column 2 (char 1)
2024-10-27 15:35:45,636 - ERROR - Data processing error: Expecting property name enclosed in double quotes: line 1 column 2 (char 1)
2024-10-27 15:35:45,674 - ERROR - Data processing error: Expecting property name enclosed in double quotes: line 1 column 2 (char 1)
2024-10-27 15:35:45,697 - ERROR - Data processing error: Expecting property name enclosed in double quotes: line 1 column 2 (char 1)
2024-10-27 15:35:45,720 - ERROR - Data processing error: Expecting property name enclosed in double quotes: line 1 column 2 (char 1)
2024-10-27 15:35:45,731 - ERROR - Data processing error: Expecting property name enclosed in double quotes: line 1 column 2 (char 1)
2024-10-27 15:35:45,764 - ERROR - Data processing error: Expecting property name enclosed in double quotes: line 1 column 2 (char 1)
2024-10-27 15:35:45,797 - ERROR - Data processing error: Expecting property name enclosed in double quotes: line 1 column 2 (char 1)
2024-10-27 15:35:45,831 - ERROR - Data processing error: Expecting property name enclosed in double quotes: line 1 column 2 (char 1)
2024-10-27 15:35:45,864 - ERROR - Data processing error: Expecting property name enclosed in double quotes: line 1 column 2 (char 1)
2024-10-27 15:35:45,897 - ERROR - Data processing error: Expecting property name enclosed in double quotes: line 1 column 2 (char 1)
2024-10-27 15:35:45,931 - ERROR - Data processing error: Expecting property name enclosed in double quotes: line 1 column 2 (char 1)
2024-10-27 15:35:45,964 - ERROR - Data processing error: Expecting property name enclosed in double quotes: line 1 column 2 (char 1)
2024-10-27 15:35:45,998 - ERROR - Data processing error: Expecting property name enclosed in double quotes: line 1 column 2 (char 1)
2024-10-27 15:35:46,031 - ERROR - Data processing error: Expecting property name enclosed in double quotes: line 1 column 2 (char 1)
2024-10-27 15:35:46,065 - ERROR - Data processing error: Expecting property name enclosed in double quotes: line 1 column 2 (char 1)
2024-10-27 15:35:46,098 - ERROR - Data processing error: Expecting property name enclosed in double quotes: line 1 column 2 (char 1)
2024-10-27 15:35:46,131 - ERROR - Data processing error: Expecting property name enclosed in double quotes: line 1 column 2 (char 1)
2024-10-27 15:35:46,165 - ERROR - Data processing error: Expecting property name enclosed in double quotes: line 1 column 2 (char 1)
2024-10-27 15:35:46,198 - ERROR - Data processing error: Expecting property name enclosed in double quotes: line 1 column 2 (char 1)
2024-10-27 15:35:46,232 - ERROR - Data processing error: Expecting property name enclosed in double quotes: line 1 column 2 (char 1)
2024-10-27 15:35:46,265 - ERROR - Data processing error: Expecting property name enclosed in double quotes: line 1 column 2 (char 1)
2024-10-27 15:35:46,299 - ERROR - Data processing error: Expecting property name enclosed in double quotes: line 1 column 2 (char 1)
2024-10-27 15:35:46,332 - ERROR - Data processing error: Expecting property name enclosed in double quotes: line 1 column 2 (char 1)
2024-10-27 15:35:46,365 - ERROR - Data processing error: Expecting property name enclosed in double quotes: line 1 column 2 (char 1)
2024-10-27 15:35:46,398 - ERROR - Data processing error: Expecting property name enclosed in double quotes: line 1 column 2 (char 1)
2024-10-27 15:35:46,431 - ERROR - Data processing error: Expecting property name enclosed in double quotes: line 1 column 2 (char 1)
2024-10-27 15:35:46,465 - ERROR - Data processing error: Expecting property name enclosed in double quotes: line 1 column 2 (char 1)
2024-10-27 15:35:46,498 - ERROR - Data processing error: Expecting property name enclosed in double quotes: line 1 column 2 (char 1)
2024-10-27 15:35:46,531 - ERROR - Data processing error: Expecting property name enclosed in double quotes: line 1 column 2 (char 1)
2024-10-27 15:35:46,565 - ERROR - Data processing error: Expecting property name enclosed in double quotes: line 1 column 2 (char 1)
2024-10-27 15:35:46,598 - ERROR - Data processing error: Expecting property name enclosed in double quotes: line 1 column 2 (char 1)
2024-10-27 15:35:46,631 - ERROR - Data processing error: Expecting property name enclosed in double quotes: line 1 column 2 (char 1)
2024-10-27 15:35:46,665 - ERROR - Data processing error: Expecting property name enclosed in double quotes: line 1 column 2 (char 1)
2024-10-27 15:35:46,698 - ERROR - Data processing error: Expecting property name enclosed in double quotes: line 1 column 2 (char 1)
2024-10-27 15:35:46,731 - ERROR - Data processing error: Expecting property name enclosed in double quotes: line 1 column 2 (char 1)
2024-10-27 15:35:46,764 - ERROR - Data processing error: Expecting property name enclosed in double quotes: line 1 column 2 (char 1)
2024-10-27 15:35:46,797 - ERROR - Data processing error: Expecting property name enclosed in double quotes: line 1 column 2 (char 1)
2024-10-27 15:35:46,831 - ERROR - Data processing error: Expecting property name enclosed in double quotes: line 1 column 2 (char 1)
2024-10-27 15:35:46,865 - ERROR - Data processing error: Expecting property name enclosed in double quotes: line 1 column 2 (char 1)
2024-10-27 15:35:46,898 - ERROR - Data processing error: Expecting property name enclosed in double quotes: line 1 column 2 (char 1)
2024-10-27 15:35:46,932 - ERROR - Data processing error: Expecting property name enclosed in double quotes: line 1 column 2 (char 1)
2024-10-27 15:35:46,965 - ERROR - Data processing error: Expecting property name enclosed in double quotes: line 1 column 2 (char 1)
2024-10-27 15:35:46,998 - ERROR - Data processing error: Expecting property name enclosed in double quotes: line 1 column 2 (char 1)
2024-10-27 15:35:47,031 - ERROR - Data processing error: Expecting property name enclosed in double quotes: line 1 column 2 (char 1)
2024-10-27 15:35:47,065 - ERROR - Data processing error: Expecting property name enclosed in double quotes: line 1 column 2 (char 1)
2024-10-27 15:35:47,098 - ERROR - Data processing error: Expecting property name enclosed in double quotes: line 1 column 2 (char 1)
2024-10-27 15:35:47,132 - ERROR - Data processing error: Expecting property name enclosed in double quotes: line 1 column 2 (char 1)
2024-10-27 15:35:47,165 - ERROR - Data processing error: Expecting property name enclosed in double quotes: line 1 column 2 (char 1)
2024-10-27 15:35:47,198 - ERROR - Data processing error: Expecting property name enclosed in double quotes: line 1 column 2 (char 1)
2024-10-27 15:35:47,231 - ERROR - Data processing error: Expecting property name enclosed in double quotes: line 1 column 2 (char 1)
2024-10-27 15:35:47,265 - ERROR - Data processing error: Expecting property name enclosed in double quotes: line 1 column 2 (char 1)
2024-10-27 15:35:47,298 - ERROR - Data processing error: Expecting property name enclosed in double quotes: line 1 column 2 (char 1)
2024-10-27 15:35:47,331 - ERROR - Data processing error: Expecting property name enclosed in double quotes: line 1 column 2 (char 1)
2024-10-27 15:35:47,365 - ERROR - Data processing error: Expecting property name enclosed in double quotes: line 1 column 2 (char 1)
2024-10-27 15:35:47,398 - ERROR - Data processing error: Expecting property name enclosed in double quotes: line 1 column 2 (char 1)
2024-10-27 15:35:47,432 - ERROR - Data processing error: Expecting property name enclosed in double quotes: line 1 column 2 (char 1)
2024-10-27 15:35:47,465 - ERROR - Data processing error: Expecting property name enclosed in double quotes: line 1 column 2 (char 1)
2024-10-27 15:35:47,498 - ERROR - Data processing error: Expecting property name enclosed in double quotes: line 1 column 2 (char 1)
2024-10-27 15:35:47,531 - ERROR - Data processing error: Expecting property name enclosed in double quotes: line 1 column 2 (char 1)
2024-10-27 15:35:52,076 - INFO - Shutting down...
2024-10-27 15:35:52,079 - INFO - Stopped by user
