2024-10-27 16:45:10,272 - INFO - __main__ - Starting application with args: {'host': '127.0.0.1', 'port': 8080, 'verbose': False, 'gc_interval': 5.0, 'history_size': 30}
2024-10-27 16:45:10,293 - INFO - __main__ - Starting server on 127.0.0.1:8080
2024-10-27 16:45:14,278 - INFO - __main__ - Server ready - waiting for connections
2024-10-27 16:45:14,323 - INFO - __main__ - Connection state changed to: connecting
2024-10-27 16:45:14,352 - INFO - __main__ - Connection state changed to: connected
2024-10-27 16:45:14,677 - INFO - __main__ - 
Position Update:
  Actual Position: (95, 295)
  Detected Position: (45, 245)
  Current Error: 70.71px
  Average Error: 70.71px
  Error Std Dev: 0.00px
  Tracking Duration: 4.4s
2024-10-27 16:45:14,721 - INFO - __main__ - 
Position Update:
  Actual Position: (100, 300)
  Detected Position: (91, 290)
  Current Error: 13.45px
  Average Error: 42.08px
  Error Std Dev: 28.63px
  Tracking Duration: 4.4s
2024-10-27 16:45:14,787 - INFO - __main__ - 
Position Update:
  Actual Position: (110, 310)
  Detected Position: (100, 299)
  Current Error: 14.87px
  Average Error: 33.01px
  Error Std Dev: 26.66px
  Tracking Duration: 4.5s
2024-10-27 16:45:14,877 - INFO - __main__ - 
Position Update:
  Actual Position: (125, 325)
  Detected Position: (110, 310)
  Current Error: 21.21px
  Average Error: 30.06px
  Error Std Dev: 23.65px
  Tracking Duration: 4.6s
2024-10-27 16:45:14,920 - INFO - __main__ - 
Position Update:
  Actual Position: (130, 330)
  Detected Position: (119, 320)
  Current Error: 14.87px
  Average Error: 27.02px
  Error Std Dev: 22.01px
  Tracking Duration: 4.6s
2024-10-27 16:45:14,987 - INFO - __main__ - 
Position Update:
  Actual Position: (140, 340)
  Detected Position: (130, 331)
  Current Error: 13.45px
  Average Error: 24.76px
  Error Std Dev: 20.72px
  Tracking Duration: 4.7s
2024-10-27 16:45:15,053 - INFO - __main__ - 
Position Update:
  Actual Position: (150, 350)
  Detected Position: (140, 340)
  Current Error: 14.14px
  Average Error: 23.24px
  Error Std Dev: 19.54px
  Tracking Duration: 4.8s
2024-10-27 16:45:15,086 - INFO - __main__ - 
Position Update:
  Actual Position: (155, 355)
  Detected Position: (145, 345)
  Current Error: 14.14px
  Average Error: 22.11px
  Error Std Dev: 18.52px
  Tracking Duration: 4.8s
2024-10-27 16:45:15,119 - INFO - __main__ - 
Position Update:
  Actual Position: (160, 360)
  Detected Position: (151, 350)
  Current Error: 13.45px
  Average Error: 21.14px
  Error Std Dev: 17.67px
  Tracking Duration: 4.8s
2024-10-27 16:45:15,154 - INFO - __main__ - 
Position Update:
  Actual Position: (165, 365)
  Detected Position: (155, 355)
  Current Error: 14.14px
  Average Error: 20.44px
  Error Std Dev: 16.90px
  Tracking Duration: 4.9s
2024-10-27 16:45:15,220 - INFO - __main__ - 
Position Update:
  Actual Position: (175, 375)
  Detected Position: (165, 365)
  Current Error: 14.14px
  Average Error: 19.87px
  Error Std Dev: 16.21px
  Tracking Duration: 4.9s
2024-10-27 16:45:15,254 - INFO - __main__ - 
Position Update:
  Actual Position: (180, 380)
  Detected Position: (170, 370)
  Current Error: 14.14px
  Average Error: 19.39px
  Error Std Dev: 15.60px
  Tracking Duration: 5.0s
2024-10-27 16:45:15,287 - INFO - __main__ - 
Position Update:
  Actual Position: (185, 385)
  Detected Position: (175, 375)
  Current Error: 14.14px
  Average Error: 18.99px
  Error Std Dev: 15.06px
  Tracking Duration: 5.0s
2024-10-27 16:45:15,361 - INFO - __main__ - 
Position Update:
  Actual Position: (195, 395)
  Detected Position: (185, 385)
  Current Error: 14.14px
  Average Error: 18.64px
  Error Std Dev: 14.56px
  Tracking Duration: 5.1s
2024-10-27 16:45:15,390 - INFO - __main__ - 
Position Update:
  Actual Position: (200, 400)
  Detected Position: (190, 389)
  Current Error: 14.87px
  Average Error: 18.39px
  Error Std Dev: 14.10px
  Tracking Duration: 5.1s
2024-10-27 16:45:15,453 - INFO - __main__ - 
Position Update:
  Actual Position: (210, 410)
  Detected Position: (200, 400)
  Current Error: 14.14px
  Average Error: 18.13px
  Error Std Dev: 13.69px
  Tracking Duration: 5.2s
2024-10-27 16:45:15,486 - INFO - __main__ - 
Position Update:
  Actual Position: (215, 415)
  Detected Position: (205, 405)
  Current Error: 14.14px
  Average Error: 17.89px
  Error Std Dev: 13.32px
  Tracking Duration: 5.2s
2024-10-27 16:45:15,520 - INFO - __main__ - 
Position Update:
  Actual Position: (220, 420)
  Detected Position: (211, 410)
  Current Error: 13.45px
  Average Error: 17.65px
  Error Std Dev: 12.98px
  Tracking Duration: 5.2s
2024-10-27 16:45:15,553 - INFO - __main__ - 
Position Update:
  Actual Position: (225, 425)
  Detected Position: (215, 415)
  Current Error: 14.14px
  Average Error: 17.46px
  Error Std Dev: 12.66px
  Tracking Duration: 5.3s
2024-10-27 16:45:15,586 - INFO - __main__ - 
Position Update:
  Actual Position: (230, 430)
  Detected Position: (220, 421)
  Current Error: 13.45px
  Average Error: 17.26px
  Error Std Dev: 12.37px
  Tracking Duration: 5.3s
2024-10-27 16:45:15,620 - INFO - __main__ - 
Position Update:
  Actual Position: (235, 435)
  Detected Position: (225, 425)
  Current Error: 14.14px
  Average Error: 17.11px
  Error Std Dev: 12.09px
  Tracking Duration: 5.3s
2024-10-27 16:45:15,653 - INFO - __main__ - 
Position Update:
  Actual Position: (240, 440)
  Detected Position: (230, 430)
  Current Error: 14.14px
  Average Error: 16.98px
  Error Std Dev: 11.83px
  Tracking Duration: 5.4s
2024-10-27 16:45:15,686 - INFO - __main__ - 
Position Update:
  Actual Position: (245, 445)
  Detected Position: (235, 435)
  Current Error: 14.14px
  Average Error: 16.85px
  Error Std Dev: 11.58px
  Tracking Duration: 5.4s
2024-10-27 16:45:15,720 - INFO - __main__ - 
Position Update:
  Actual Position: (250, 450)
  Detected Position: (241, 440)
  Current Error: 13.45px
  Average Error: 16.71px
  Error Std Dev: 11.36px
  Tracking Duration: 5.4s
2024-10-27 16:45:15,753 - INFO - __main__ - 
Position Update:
  Actual Position: (255, 455)
  Detected Position: (245, 445)
  Current Error: 14.14px
  Average Error: 16.61px
  Error Std Dev: 11.14px
  Tracking Duration: 5.5s
2024-10-27 16:45:15,787 - INFO - __main__ - 
Position Update:
  Actual Position: (260, 460)
  Detected Position: (250, 449)
  Current Error: 14.87px
  Average Error: 16.54px
  Error Std Dev: 10.93px
  Tracking Duration: 5.5s
2024-10-27 16:45:15,820 - INFO - __main__ - 
Position Update:
  Actual Position: (265, 455)
  Detected Position: (255, 455)
  Current Error: 10.00px
  Average Error: 16.30px
  Error Std Dev: 10.80px
  Tracking Duration: 5.5s
2024-10-27 16:45:15,853 - INFO - __main__ - 
Position Update:
  Actual Position: (270, 450)
  Detected Position: (260, 460)
  Current Error: 14.14px
  Average Error: 16.22px
  Error Std Dev: 10.61px
  Tracking Duration: 5.6s
2024-10-27 16:45:15,887 - INFO - __main__ - 
Position Update:
  Actual Position: (275, 445)
  Detected Position: (265, 455)
  Current Error: 14.14px
  Average Error: 16.15px
  Error Std Dev: 10.43px
  Tracking Duration: 5.6s
2024-10-27 16:45:15,954 - INFO - __main__ - 
Position Update:
  Actual Position: (285, 435)
  Detected Position: (275, 445)
  Current Error: 14.14px
  Average Error: 16.08px
  Error Std Dev: 10.26px
  Tracking Duration: 5.7s
2024-10-27 16:45:15,987 - INFO - __main__ - 
Position Update:
  Actual Position: (290, 430)
  Detected Position: (280, 440)
  Current Error: 14.14px
  Average Error: 14.20px
  Error Std Dev: 1.55px
  Tracking Duration: 5.7s
2024-10-27 16:45:16,020 - INFO - __main__ - 
Position Update:
  Actual Position: (295, 425)
  Detected Position: (285, 435)
  Current Error: 14.14px
  Average Error: 14.22px
  Error Std Dev: 1.54px
  Tracking Duration: 5.7s
2024-10-27 16:45:16,054 - INFO - __main__ - 
Position Update:
  Actual Position: (300, 420)
  Detected Position: (290, 430)
  Current Error: 14.14px
  Average Error: 14.20px
  Error Std Dev: 1.54px
  Tracking Duration: 5.8s
2024-10-27 16:45:16,121 - INFO - __main__ - 
Position Update:
  Actual Position: (310, 410)
  Detected Position: (299, 421)
  Current Error: 15.56px
  Average Error: 14.01px
  Error Std Dev: 0.87px
  Tracking Duration: 5.8s
2024-10-27 16:45:16,187 - INFO - __main__ - 
Position Update:
  Actual Position: (320, 400)
  Detected Position: (310, 410)
  Current Error: 14.14px
  Average Error: 13.98px
  Error Std Dev: 0.85px
  Tracking Duration: 5.9s
2024-10-27 16:45:16,220 - INFO - __main__ - 
Position Update:
  Actual Position: (325, 395)
  Detected Position: (315, 405)
  Current Error: 14.14px
  Average Error: 14.01px
  Error Std Dev: 0.85px
  Tracking Duration: 5.9s
2024-10-27 16:45:16,287 - INFO - __main__ - 
Position Update:
  Actual Position: (335, 385)
  Detected Position: (325, 395)
  Current Error: 14.14px
  Average Error: 14.01px
  Error Std Dev: 0.85px
  Tracking Duration: 6.0s
2024-10-27 16:45:16,354 - INFO - __main__ - 
Position Update:
  Actual Position: (345, 375)
  Detected Position: (335, 385)
  Current Error: 14.14px
  Average Error: 14.01px
  Error Std Dev: 0.85px
  Tracking Duration: 6.1s
2024-10-27 16:45:16,421 - INFO - __main__ - 
Position Update:
  Actual Position: (355, 365)
  Detected Position: (345, 375)
  Current Error: 14.14px
  Average Error: 14.03px
  Error Std Dev: 0.84px
  Tracking Duration: 6.1s
2024-10-27 16:45:16,488 - INFO - __main__ - 
Position Update:
  Actual Position: (365, 355)
  Detected Position: (355, 365)
  Current Error: 14.14px
  Average Error: 14.03px
  Error Std Dev: 0.84px
  Tracking Duration: 6.2s
2024-10-27 16:45:16,554 - INFO - __main__ - 
Position Update:
  Actual Position: (375, 345)
  Detected Position: (365, 355)
  Current Error: 14.14px
  Average Error: 14.03px
  Error Std Dev: 0.84px
  Tracking Duration: 6.3s
2024-10-27 16:45:16,621 - INFO - __main__ - 
Position Update:
  Actual Position: (385, 335)
  Detected Position: (375, 345)
  Current Error: 14.14px
  Average Error: 14.03px
  Error Std Dev: 0.84px
  Tracking Duration: 6.3s
2024-10-27 16:45:16,687 - INFO - __main__ - 
Position Update:
  Actual Position: (395, 325)
  Detected Position: (385, 335)
  Current Error: 14.14px
  Average Error: 14.03px
  Error Std Dev: 0.84px
  Tracking Duration: 6.4s
2024-10-27 16:45:16,753 - INFO - __main__ - 
Position Update:
  Actual Position: (405, 315)
  Detected Position: (395, 325)
  Current Error: 14.14px
  Average Error: 14.03px
  Error Std Dev: 0.84px
  Tracking Duration: 6.5s
2024-10-27 16:45:16,787 - INFO - __main__ - 
Position Update:
  Actual Position: (410, 310)
  Detected Position: (400, 320)
  Current Error: 14.14px
  Average Error: 14.01px
  Error Std Dev: 0.83px
  Tracking Duration: 6.5s
2024-10-27 16:45:16,820 - INFO - __main__ - 
Position Update:
  Actual Position: (415, 305)
  Detected Position: (405, 315)
  Current Error: 14.14px
  Average Error: 14.01px
  Error Std Dev: 0.83px
  Tracking Duration: 6.5s
2024-10-27 16:45:16,854 - INFO - __main__ - 
Position Update:
  Actual Position: (420, 300)
  Detected Position: (410, 310)
  Current Error: 14.14px
  Average Error: 14.01px
  Error Std Dev: 0.83px
  Tracking Duration: 6.6s
2024-10-27 16:45:16,886 - INFO - __main__ - 
Position Update:
  Actual Position: (425, 295)
  Detected Position: (415, 305)
  Current Error: 14.14px
  Average Error: 14.03px
  Error Std Dev: 0.82px
  Tracking Duration: 6.6s
2024-10-27 16:45:16,920 - INFO - __main__ - 
Position Update:
  Actual Position: (430, 290)
  Detected Position: (421, 301)
  Current Error: 14.21px
  Average Error: 14.03px
  Error Std Dev: 0.82px
  Tracking Duration: 6.6s
2024-10-27 16:45:16,987 - INFO - __main__ - 
Position Update:
  Actual Position: (440, 280)
  Detected Position: (430, 290)
  Current Error: 14.14px
  Average Error: 14.05px
  Error Std Dev: 0.82px
  Tracking Duration: 6.7s
2024-10-27 16:45:17,020 - INFO - __main__ - 
Position Update:
  Actual Position: (445, 275)
  Detected Position: (435, 285)
  Current Error: 14.14px
  Average Error: 14.05px
  Error Std Dev: 0.82px
  Tracking Duration: 6.7s
2024-10-27 16:45:17,054 - INFO - __main__ - 
Position Update:
  Actual Position: (450, 270)
  Detected Position: (440, 280)
  Current Error: 14.14px
  Average Error: 14.05px
  Error Std Dev: 0.82px
  Tracking Duration: 6.8s
2024-10-27 16:45:17,120 - INFO - __main__ - 
Position Update:
  Actual Position: (460, 260)
  Detected Position: (451, 271)
  Current Error: 14.21px
  Average Error: 14.06px
  Error Std Dev: 0.82px
  Tracking Duration: 6.8s
2024-10-27 16:45:17,187 - INFO - __main__ - 
Position Update:
  Actual Position: (470, 250)
  Detected Position: (460, 260)
  Current Error: 14.14px
  Average Error: 14.08px
  Error Std Dev: 0.81px
  Tracking Duration: 6.9s
2024-10-27 16:45:17,220 - INFO - __main__ - 
Position Update:
  Actual Position: (475, 245)
  Detected Position: (465, 255)
  Current Error: 14.14px
  Average Error: 14.08px
  Error Std Dev: 0.81px
  Tracking Duration: 6.9s
2024-10-27 16:45:17,253 - INFO - __main__ - 
Position Update:
  Actual Position: (480, 240)
  Detected Position: (470, 250)
  Current Error: 14.14px
  Average Error: 14.06px
  Error Std Dev: 0.79px
  Tracking Duration: 7.0s
2024-10-27 16:45:17,287 - INFO - __main__ - 
Position Update:
  Actual Position: (485, 235)
  Detected Position: (475, 245)
  Current Error: 14.14px
  Average Error: 14.19px
  Error Std Dev: 0.25px
  Tracking Duration: 7.0s
2024-10-27 16:45:17,320 - INFO - __main__ - 
Position Update:
  Actual Position: (490, 230)
  Detected Position: (481, 241)
  Current Error: 14.21px
  Average Error: 14.20px
  Error Std Dev: 0.25px
  Tracking Duration: 7.0s
2024-10-27 16:45:17,353 - INFO - __main__ - 
Position Update:
  Actual Position: (495, 225)
  Detected Position: (485, 235)
  Current Error: 14.14px
  Average Error: 14.20px
  Error Std Dev: 0.25px
  Tracking Duration: 7.1s
2024-10-27 16:45:17,421 - INFO - __main__ - 
Position Update:
  Actual Position: (505, 215)
  Detected Position: (495, 225)
  Current Error: 14.14px
  Average Error: 14.20px
  Error Std Dev: 0.25px
  Tracking Duration: 7.1s
2024-10-27 16:45:17,488 - INFO - __main__ - 
Position Update:
  Actual Position: (515, 205)
  Detected Position: (505, 215)
  Current Error: 14.14px
  Average Error: 14.20px
  Error Std Dev: 0.25px
  Tracking Duration: 7.2s
2024-10-27 16:45:17,554 - INFO - __main__ - 
Position Update:
  Actual Position: (525, 195)
  Detected Position: (515, 205)
  Current Error: 14.14px
  Average Error: 14.20px
  Error Std Dev: 0.25px
  Tracking Duration: 7.3s
2024-10-27 16:45:17,620 - INFO - __main__ - 
Position Update:
  Actual Position: (535, 185)
  Detected Position: (525, 195)
  Current Error: 14.14px
  Average Error: 14.20px
  Error Std Dev: 0.25px
  Tracking Duration: 7.3s
2024-10-27 16:45:17,654 - INFO - __main__ - 
Position Update:
  Actual Position: (540, 180)
  Detected Position: (530, 190)
  Current Error: 14.14px
  Average Error: 14.15px
  Error Std Dev: 0.02px
  Tracking Duration: 7.4s
2024-10-27 16:45:17,687 - INFO - __main__ - 
Position Update:
  Actual Position: (545, 175)
  Detected Position: (535, 185)
  Current Error: 14.14px
  Average Error: 14.15px
  Error Std Dev: 0.02px
  Tracking Duration: 7.4s
2024-10-27 16:45:17,754 - INFO - __main__ - 
Position Update:
  Actual Position: (555, 165)
  Detected Position: (545, 175)
  Current Error: 14.14px
  Average Error: 14.15px
  Error Std Dev: 0.02px
  Tracking Duration: 7.5s
2024-10-27 16:45:17,786 - INFO - __main__ - 
Position Update:
  Actual Position: (560, 160)
  Detected Position: (550, 170)
  Current Error: 14.14px
  Average Error: 14.15px
  Error Std Dev: 0.02px
  Tracking Duration: 7.5s
2024-10-27 16:45:17,820 - INFO - __main__ - 
Position Update:
  Actual Position: (565, 155)
  Detected Position: (555, 165)
  Current Error: 14.14px
  Average Error: 14.15px
  Error Std Dev: 0.02px
  Tracking Duration: 7.5s
2024-10-27 16:45:17,853 - INFO - __main__ - 
Position Update:
  Actual Position: (570, 150)
  Detected Position: (560, 160)
  Current Error: 14.14px
  Average Error: 14.15px
  Error Std Dev: 0.02px
  Tracking Duration: 7.6s
2024-10-27 16:45:17,887 - INFO - __main__ - 
Position Update:
  Actual Position: (575, 145)
  Detected Position: (565, 155)
  Current Error: 14.14px
  Average Error: 14.15px
  Error Std Dev: 0.02px
  Tracking Duration: 7.6s
2024-10-27 16:45:17,920 - INFO - __main__ - 
Position Update:
  Actual Position: (580, 140)
  Detected Position: (569, 151)
  Current Error: 15.56px
  Average Error: 14.20px
  Error Std Dev: 0.25px
  Tracking Duration: 7.6s
2024-10-27 16:45:17,987 - INFO - __main__ - 
Position Update:
  Actual Position: (590, 130)
  Detected Position: (580, 140)
  Current Error: 14.14px
  Average Error: 14.20px
  Error Std Dev: 0.25px
  Tracking Duration: 7.7s
2024-10-27 16:45:18,054 - INFO - __main__ - 
Position Update:
  Actual Position: (600, 120)
  Detected Position: (590, 130)
  Current Error: 14.14px
  Average Error: 14.20px
  Error Std Dev: 0.25px
  Tracking Duration: 7.8s
2024-10-27 16:45:18,090 - INFO - __main__ - 
Position Update:
  Actual Position: (605, 115)
  Detected Position: (595, 125)
  Current Error: 14.14px
  Average Error: 14.20px
  Error Std Dev: 0.25px
  Tracking Duration: 7.8s
2024-10-27 16:45:18,179 - INFO - __main__ - 
Position Update:
  Actual Position: (620, 100)
  Detected Position: (605, 115)
  Current Error: 21.21px
  Average Error: 14.43px
  Error Std Dev: 1.28px
  Tracking Duration: 7.9s
2024-10-27 16:45:18,220 - INFO - __main__ - 
Position Update:
  Actual Position: (615, 95)
  Detected Position: (615, 105)
  Current Error: 10.00px
  Average Error: 14.29px
  Error Std Dev: 1.51px
  Tracking Duration: 7.9s
2024-10-27 16:45:18,286 - INFO - __main__ - 
Position Update:
  Actual Position: (605, 85)
  Detected Position: (615, 95)
  Current Error: 14.14px
  Average Error: 14.29px
  Error Std Dev: 1.51px
  Tracking Duration: 8.0s
2024-10-27 16:45:18,353 - INFO - __main__ - 
Position Update:
  Actual Position: (595, 75)
  Detected Position: (605, 85)
  Current Error: 14.14px
  Average Error: 14.29px
  Error Std Dev: 1.51px
  Tracking Duration: 8.1s
2024-10-27 16:45:18,387 - INFO - __main__ - 
Position Update:
  Actual Position: (590, 70)
  Detected Position: (601, 80)
  Current Error: 14.87px
  Average Error: 14.32px
  Error Std Dev: 1.51px
  Tracking Duration: 8.1s
2024-10-27 16:45:18,421 - INFO - __main__ - 
Position Update:
  Actual Position: (585, 65)
  Detected Position: (595, 75)
  Current Error: 14.14px
  Average Error: 14.32px
  Error Std Dev: 1.51px
  Tracking Duration: 8.1s
2024-10-27 16:45:18,487 - INFO - __main__ - 
Position Update:
  Actual Position: (575, 55)
  Detected Position: (585, 65)
  Current Error: 14.14px
  Average Error: 14.32px
  Error Std Dev: 1.51px
  Tracking Duration: 8.2s
2024-10-27 16:45:18,520 - INFO - __main__ - 
Position Update:
  Actual Position: (570, 50)
  Detected Position: (580, 61)
  Current Error: 14.87px
  Average Error: 14.34px
  Error Std Dev: 1.52px
  Tracking Duration: 8.2s
2024-10-27 16:45:18,554 - INFO - __main__ - 
Position Update:
  Actual Position: (565, 45)
  Detected Position: (575, 55)
  Current Error: 14.14px
  Average Error: 14.34px
  Error Std Dev: 1.52px
  Tracking Duration: 8.3s
2024-10-27 16:45:18,587 - INFO - __main__ - 
Position Update:
  Actual Position: (560, 40)
  Detected Position: (571, 50)
  Current Error: 14.87px
  Average Error: 14.36px
  Error Std Dev: 1.52px
  Tracking Duration: 8.3s
2024-10-27 16:45:18,654 - INFO - __main__ - 
Position Update:
  Actual Position: (550, 30)
  Detected Position: (560, 40)
  Current Error: 14.14px
  Average Error: 14.36px
  Error Std Dev: 1.52px
  Tracking Duration: 8.4s
2024-10-27 16:45:18,687 - INFO - __main__ - 
Position Update:
  Actual Position: (545, 25)
  Detected Position: (555, 35)
  Current Error: 14.14px
  Average Error: 14.36px
  Error Std Dev: 1.52px
  Tracking Duration: 8.4s
2024-10-27 16:45:18,753 - INFO - __main__ - 
Position Update:
  Actual Position: (535, 25)
  Detected Position: (545, 25)
  Current Error: 10.00px
  Average Error: 14.22px
  Error Std Dev: 1.71px
  Tracking Duration: 8.5s
2024-10-27 16:45:18,786 - INFO - __main__ - 
Position Update:
  Actual Position: (530, 30)
  Detected Position: (541, 20)
  Current Error: 14.87px
  Average Error: 14.25px
  Error Std Dev: 1.71px
  Tracking Duration: 8.5s
2024-10-27 16:45:18,820 - INFO - __main__ - 
Position Update:
  Actual Position: (525, 35)
  Detected Position: (535, 25)
  Current Error: 14.14px
  Average Error: 14.25px
  Error Std Dev: 1.71px
  Tracking Duration: 8.5s
2024-10-27 16:45:18,887 - INFO - __main__ - 
Position Update:
  Actual Position: (515, 45)
  Detected Position: (525, 35)
  Current Error: 14.14px
  Average Error: 14.25px
  Error Std Dev: 1.71px
  Tracking Duration: 8.6s
2024-10-27 16:45:18,954 - INFO - __main__ - 
Position Update:
  Actual Position: (505, 55)
  Detected Position: (515, 45)
  Current Error: 14.14px
  Average Error: 14.25px
  Error Std Dev: 1.71px
  Tracking Duration: 8.7s
2024-10-27 16:45:18,987 - INFO - __main__ - 
Position Update:
  Actual Position: (500, 60)
  Detected Position: (511, 50)
  Current Error: 14.87px
  Average Error: 14.27px
  Error Std Dev: 1.72px
  Tracking Duration: 8.7s
2024-10-27 16:45:19,021 - INFO - __main__ - 
Position Update:
  Actual Position: (495, 65)
  Detected Position: (505, 55)
  Current Error: 14.14px
  Average Error: 14.27px
  Error Std Dev: 1.72px
  Tracking Duration: 8.7s
2024-10-27 16:45:19,087 - INFO - __main__ - 
Position Update:
  Actual Position: (485, 75)
  Detected Position: (495, 65)
  Current Error: 14.14px
  Average Error: 14.27px
  Error Std Dev: 1.72px
  Tracking Duration: 8.8s
2024-10-27 16:45:19,153 - INFO - __main__ - 
Position Update:
  Actual Position: (475, 85)
  Detected Position: (485, 75)
  Current Error: 14.14px
  Average Error: 14.27px
  Error Std Dev: 1.72px
  Tracking Duration: 8.9s
2024-10-27 16:45:19,187 - INFO - __main__ - 
Position Update:
  Actual Position: (470, 90)
  Detected Position: (481, 80)
  Current Error: 14.87px
  Average Error: 14.29px
  Error Std Dev: 1.72px
  Tracking Duration: 8.9s
2024-10-27 16:45:19,254 - INFO - __main__ - 
Position Update:
  Actual Position: (460, 100)
  Detected Position: (470, 91)
  Current Error: 13.45px
  Average Error: 14.27px
  Error Std Dev: 1.73px
  Tracking Duration: 9.0s
2024-10-27 16:45:21,665 - INFO - __main__ - Shutting down after 11.4s uptime
2024-10-27 16:45:21,667 - INFO - __main__ - Connection state changed to: closed
2024-10-27 16:45:21,669 - INFO - __main__ - Stopped by user
